<?xml version="1.0" encoding="utf-8"?><testsuites name="pytest tests"><testsuite name="pytest" errors="0" failures="0" skipped="0" tests="33" time="4.662" timestamp="2026-05-05T00:29:30.579563+00:00" hostname="agent-env-abef9124-2b71-4444-94a0-e8939e31cc7e"><testcase classname="backend.tests.test_account_collections_modes.TestModeAll" name="test_mode_all_no_dates_returns_all" time="0.581" /><testcase classname="backend.tests.test_account_collections_modes.TestModeAll" name="test_mode_default_omitted_equals_all" time="0.149" /><testcase classname="backend.tests.test_account_collections_modes.TestModeNew" name="test_new_feb_2026_window" time="0.074" /><testcase classname="backend.tests.test_account_collections_modes.TestModeNew" name="test_new_window_subset_of_all" time="0.133" /><testcase classname="backend.tests.test_account_collections_modes.TestModeNew" name="test_new_far_future_window_returns_zero" time="0.069" /><testcase classname="backend.tests.test_account_collections_modes.TestModeExisting" name="test_existing_subset_of_all" time="0.136" /><testcase classname="backend.tests.test_account_collections_modes.TestModeExisting" name="test_existing_plus_new_equals_all_for_feb_2026" time="0.135" /><testcase classname="backend.tests.test_account_collections_modes.TestModeExisting" name="test_existing_far_past_returns_zero" time="0.069" /><testcase classname="backend.tests.test_account_collections_modes.TestShapePreservedAcrossModes" name="test_summary_fields_present[mode_args0]" time="0.066" /><testcase classname="backend.tests.test_account_collections_modes.TestShapePreservedAcrossModes" name="test_summary_fields_present[mode_args1]" time="0.071" /><testcase classname="backend.tests.test_account_collections_modes.TestShapePreservedAcrossModes" name="test_summary_fields_present[mode_args2]" time="0.245" /><testcase classname="backend.tests.test_account_collections_modes.TestShapePreservedAcrossModes" name="test_no_mongo_id_leaks_in_any_mode" time="0.210" /><testcase classname="backend.tests.test_account_collections.TestAuth" name="test_unauthenticated_blocked" time="0.134" /><testcase classname="backend.tests.test_account_collections.TestResponseShape" name="test_top_level_shape" time="0.506" /><testcase classname="backend.tests.test_account_collections.TestResponseShape" name="test_summary_has_all_required_fields" time="0.072" /><testcase classname="backend.tests.test_account_collections.TestResponseShape" name="test_account_count_matches_accounts_length" time="0.112" /><testcase classname="backend.tests.test_account_collections.TestResponseShape" name="test_row_has_all_required_fields" time="0.092" /><testcase classname="backend.tests.test_account_collections.TestResponseShape" name="test_no_mongo_id_leaks" time="0.074" /><testcase classname="backend.tests.test_account_collections.TestResourceFilter" name="test_filter_by_resource_returns_only_assigned" time="0.075" /><testcase classname="backend.tests.test_account_collections.TestResourceFilter" name="test_empty_resource_returns_all_for_tenant" time="0.173" /><testcase classname="backend.tests.test_account_collections.TestResourceFilter" name="test_unknown_resource_returns_empty" time="0.076" /><testcase classname="backend.tests.test_account_collections.TestTimeFilter" name="test_all_time_filters_supported[lifetime]" time="0.072" /><testcase classname="backend.tests.test_account_collections.TestTimeFilter" name="test_all_time_filters_supported[this_month]" time="0.074" /><testcase classname="backend.tests.test_account_collections.TestTimeFilter" name="test_all_time_filters_supported[last_month]" time="0.087" /><testcase classname="backend.tests.test_account_collections.TestTimeFilter" name="test_all_time_filters_supported[this_quarter]" time="0.083" /><testcase classname="backend.tests.test_account_collections.TestTimeFilter" name="test_all_time_filters_supported[this_year]" time="0.118" /><testcase classname="backend.tests.test_account_collections.TestTimeFilter" name="test_account_list_unchanged_across_filters" time="0.367" /><testcase classname="backend.tests.test_account_collections.TestTimeFilter" name="test_lifetime_gross_ge_this_month_gross" time="0.145" /><testcase classname="backend.tests.test_account_collections.TestSortingAndTotals" name="test_rows_sorted_by_outstanding_desc_then_gross_desc" time="0.073" /><testcase classname="backend.tests.test_account_collections.TestSortingAndTotals" name="test_summary_outstanding_equals_sum_of_rows" time="0.075" /><testcase classname="backend.tests.test_account_collections.TestSortingAndTotals" name="test_summary_gross_equals_sum_of_rows" time="0.076" /><testcase classname="backend.tests.test_account_collections.TestSortingAndTotals" name="test_summary_total_invoice_count_equals_sum" time="0.083" /><testcase classname="backend.tests.test_account_collections.TestSortingAndTotals" name="test_average_order_amount_consistent" time="0.075" /></testsuite></testsuites>