<?xml version="1.0" encoding="utf-8"?><testsuites name="pytest tests"><testsuite name="pytest" errors="0" failures="0" skipped="0" tests="16" time="2.223" timestamp="2026-02-19T17:34:39.635804+00:00" hostname="agent-env-1af0b6ee-62ea-4369-bd92-58f6baf72635"><testcase classname="backend.tests.test_accounts.TestAccountsListAPI" name="test_get_accounts_list" time="0.481" /><testcase classname="backend.tests.test_accounts.TestAccountsListAPI" name="test_get_accounts_with_pagination" time="0.056" /><testcase classname="backend.tests.test_accounts.TestAccountsListAPI" name="test_get_accounts_with_search" time="0.079" /><testcase classname="backend.tests.test_accounts.TestAccountsListAPI" name="test_get_accounts_with_type_filter" time="0.055" /><testcase classname="backend.tests.test_accounts.TestAccountDetailAPI" name="test_get_existing_account" time="0.067" /><testcase classname="backend.tests.test_accounts.TestAccountDetailAPI" name="test_get_nonexistent_account" time="0.071" /><testcase classname="backend.tests.test_accounts.TestConvertLeadToAccount" name="test_convert_already_converted_lead_fails" time="0.064" /><testcase classname="backend.tests.test_accounts.TestConvertLeadToAccount" name="test_convert_nonexistent_lead_fails" time="0.061" /><testcase classname="backend.tests.test_accounts.TestConvertLeadToAccount" name="test_convert_won_lead_success" time="0.199" /><testcase classname="backend.tests.test_accounts.TestAccountUpdate" name="test_update_account_basic_fields" time="0.194" /><testcase classname="backend.tests.test_accounts.TestAccountUpdate" name="test_update_account_sku_pricing" time="0.231" /><testcase classname="backend.tests.test_accounts.TestAccountUpdate" name="test_update_account_type" time="0.257" /><testcase classname="backend.tests.test_accounts.TestAccountInvoices" name="test_get_account_invoices" time="0.076" /><testcase classname="backend.tests.test_accounts.TestAccountNavigationInSidebar" name="test_auth_me_returns_role" time="0.055" /><testcase classname="backend.tests.test_accounts.TestLeadDetailShowsConvertButton" name="test_won_lead_shows_conversion_fields" time="0.067" /><testcase classname="backend.tests.test_accounts.TestLeadDetailShowsConvertButton" name="test_unconverted_won_lead_structure" time="0.073" /></testsuite></testsuites>