<?xml version="1.0" encoding="utf-8"?><testsuites name="pytest tests"><testsuite name="pytest" errors="0" failures="0" skipped="0" tests="21" time="2.763" timestamp="2026-05-04T21:31:23.839096+00:00" hostname="agent-env-b1a5a3e5-ea23-4bd3-9300-a004fc14e434"><testcase classname="backend.tests.test_account_collections.TestAuth" name="test_unauthenticated_blocked" time="0.309" /><testcase classname="backend.tests.test_account_collections.TestResponseShape" name="test_top_level_shape" time="0.566" /><testcase classname="backend.tests.test_account_collections.TestResponseShape" name="test_summary_has_all_required_fields" time="0.077" /><testcase classname="backend.tests.test_account_collections.TestResponseShape" name="test_account_count_matches_accounts_length" time="0.070" /><testcase classname="backend.tests.test_account_collections.TestResponseShape" name="test_row_has_all_required_fields" time="0.078" /><testcase classname="backend.tests.test_account_collections.TestResponseShape" name="test_no_mongo_id_leaks" time="0.090" /><testcase classname="backend.tests.test_account_collections.TestResourceFilter" name="test_filter_by_resource_returns_only_assigned" time="0.068" /><testcase classname="backend.tests.test_account_collections.TestResourceFilter" name="test_empty_resource_returns_all_for_tenant" time="0.144" /><testcase classname="backend.tests.test_account_collections.TestResourceFilter" name="test_unknown_resource_returns_empty" time="0.069" /><testcase classname="backend.tests.test_account_collections.TestTimeFilter" name="test_all_time_filters_supported[lifetime]" time="0.083" /><testcase classname="backend.tests.test_account_collections.TestTimeFilter" name="test_all_time_filters_supported[this_month]" time="0.068" /><testcase classname="backend.tests.test_account_collections.TestTimeFilter" name="test_all_time_filters_supported[last_month]" time="0.070" /><testcase classname="backend.tests.test_account_collections.TestTimeFilter" name="test_all_time_filters_supported[this_quarter]" time="0.103" /><testcase classname="backend.tests.test_account_collections.TestTimeFilter" name="test_all_time_filters_supported[this_year]" time="0.066" /><testcase classname="backend.tests.test_account_collections.TestTimeFilter" name="test_account_list_unchanged_across_filters" time="0.337" /><testcase classname="backend.tests.test_account_collections.TestTimeFilter" name="test_lifetime_gross_ge_this_month_gross" time="0.138" /><testcase classname="backend.tests.test_account_collections.TestSortingAndTotals" name="test_rows_sorted_by_outstanding_desc_then_gross_desc" time="0.082" /><testcase classname="backend.tests.test_account_collections.TestSortingAndTotals" name="test_summary_outstanding_equals_sum_of_rows" time="0.070" /><testcase classname="backend.tests.test_account_collections.TestSortingAndTotals" name="test_summary_gross_equals_sum_of_rows" time="0.072" /><testcase classname="backend.tests.test_account_collections.TestSortingAndTotals" name="test_summary_total_invoice_count_equals_sum" time="0.069" /><testcase classname="backend.tests.test_account_collections.TestSortingAndTotals" name="test_average_order_amount_consistent" time="0.072" /></testsuite></testsuites>