<?xml version="1.0" encoding="utf-8"?><testsuites name="pytest tests"><testsuite name="pytest" errors="0" failures="0" skipped="1" tests="14" time="3.855" timestamp="2026-04-28T15:23:32.818191+00:00" hostname="agent-env-a90364c0-c727-45e9-8686-f44386379a5b"><testcase classname="backend.tests.test_api_keys_external.TestAvailableEndpoints" name="test_catalog_returns_expected_entries" time="0.775" /><testcase classname="backend.tests.test_api_keys_external.TestApiKeyCRUD" name="test_create_returns_full_key_once" time="0.057" /><testcase classname="backend.tests.test_api_keys_external.TestApiKeyCRUD" name="test_duplicate_name_rejected" time="0.117" /><testcase classname="backend.tests.test_api_keys_external.TestApiKeyCRUD" name="test_list_excludes_secrets" time="0.052" /><testcase classname="backend.tests.test_api_keys_external.TestApiKeyCRUD" name="test_update_name_and_endpoints" time="0.123" /><testcase classname="backend.tests.test_api_keys_external.TestExternalAuth" name="test_create_invoice_with_x_api_key" time="0.182" /><testcase classname="backend.tests.test_api_keys_external.TestExternalAuth" name="test_update_invoice_with_bearer_ak" time="0.126" /><testcase classname="backend.tests.test_api_keys_external.TestExternalAuth" name="test_forbidden_endpoint_returns_403" time="0.196" /><testcase classname="backend.tests.test_api_keys_external.TestExternalAuth" name="test_inactive_key_returns_401" time="0.277" /><testcase classname="backend.tests.test_api_keys_external.TestExternalAuth" name="test_random_invalid_key_returns_401" time="0.150" /><testcase classname="backend.tests.test_api_keys_external.TestExternalAuth" name="test_no_auth_returns_401" time="0.169" /><testcase classname="backend.tests.test_api_keys_external.TestJwtRegression" name="test_jwt_can_call_create_invoice" time="0.065" /><testcase classname="backend.tests.test_api_keys_external.TestJwtRegression" name="test_revoked_key_then_401" time="0.787" /><testcase classname="backend.tests.test_api_keys_external.TestRoleProtection" name="test_non_admin_login_blocked_from_api_keys" time="0.698"><skipped type="pytest.skip" message="No non-admin test user available">/app/backend/tests/test_api_keys_external.py:348: No non-admin test user available</skipped></testcase></testsuite></testsuites>