<?xml version="1.0" encoding="utf-8"?><testsuites name="pytest tests"><testsuite name="pytest" errors="0" failures="0" skipped="0" tests="15" time="7.312" timestamp="2026-04-18T01:50:10.390941+00:00" hostname="agent-env-99ce1f92-6879-4966-a1ae-23c635d86b36"><testcase classname="backend.tests.test_batch_detail_redesign.TestBatchDetailRedesign" name="test_batch_detail_returns_ph_value" time="0.541" /><testcase classname="backend.tests.test_batch_detail_redesign.TestBatchDetailRedesign" name="test_batch_detail_returns_compact_info_fields" time="0.497" /><testcase classname="backend.tests.test_batch_detail_redesign.TestBatchDetailRedesign" name="test_batch_detail_returns_quality_metrics" time="0.471" /><testcase classname="backend.tests.test_batch_detail_redesign.TestBatchDetailRedesign" name="test_batch_detail_returns_stage_balances" time="0.520" /><testcase classname="backend.tests.test_batch_detail_redesign.TestBatchDetailRedesign" name="test_batch_detail_returns_qc_stages" time="0.500" /><testcase classname="backend.tests.test_batch_detail_redesign.TestBatchDetailRedesign" name="test_batch_history_returns_timeline" time="0.460" /><testcase classname="backend.tests.test_batch_detail_redesign.TestBatchDetailRedesign" name="test_batch_history_returns_inspections_with_rejections" time="0.484" /><testcase classname="backend.tests.test_batch_detail_redesign.TestBatchDetailRedesign" name="test_rejection_reasons_api" time="0.500" /><testcase classname="backend.tests.test_batch_detail_redesign.TestBatchDetailRedesign" name="test_qc_team_api" time="0.481" /><testcase classname="backend.tests.test_batch_detail_redesign.TestBatchDetailRedesign" name="test_factory_warehouses_api" time="0.489" /><testcase classname="backend.tests.test_batch_detail_redesign.TestBatchDetailRedesign" name="test_warehouse_transfers_api" time="0.450" /><testcase classname="backend.tests.test_batch_detail_redesign.TestBatchDetailRedesign" name="test_batch_with_created_status" time="0.459" /><testcase classname="backend.tests.test_batch_detail_redesign.TestBatchDetailRedesign" name="test_batch_with_pending_items" time="0.483" /><testcase classname="backend.tests.test_batch_detail_redesign.TestBatchDetailRedesign" name="test_ph_value_8_5_batch" time="0.451" /><testcase classname="backend.tests.test_batch_detail_redesign.TestBatchDetailRedesign" name="test_ph_value_7_5_batch" time="0.451" /></testsuite></testsuites>