<?xml version="1.0" encoding="utf-8"?><testsuites name="pytest tests"><testsuite name="pytest" errors="0" failures="0" skipped="0" tests="15" time="7.032" timestamp="2026-03-01T13:29:54.461465+00:00" hostname="agent-env-6f7273ed-867d-4cdc-b86e-5c3833de72df"><testcase classname="backend.tests.test_budget_requests.TestBudgetCategories" name="test_get_budget_categories" time="0.130" /><testcase classname="backend.tests.test_budget_requests.TestBudgetCategories" name="test_no_customer_categories" time="0.102" /><testcase classname="backend.tests.test_budget_requests.TestBudgetCategories" name="test_all_categories_no_lead_required" time="0.095" /><testcase classname="backend.tests.test_budget_requests.TestBudgetCategories" name="test_event_sponsorship_stock_requires_sku" time="0.104" /><testcase classname="backend.tests.test_budget_requests.TestBudgetRequestCRUD" name="test_create_budget_request_draft" time="0.457" /><testcase classname="backend.tests.test_budget_requests.TestBudgetRequestCRUD" name="test_create_budget_request_submit" time="0.477" /><testcase classname="backend.tests.test_budget_requests.TestBudgetRequestCRUD" name="test_create_budget_request_with_sku" time="0.437" /><testcase classname="backend.tests.test_budget_requests.TestBudgetRequestCRUD" name="test_get_budget_requests_list" time="0.428" /><testcase classname="backend.tests.test_budget_requests.TestBudgetRequestCRUD" name="test_get_single_budget_request" time="0.525" /><testcase classname="backend.tests.test_budget_requests.TestBudgetRequestApproval" name="test_director_approve_request" time="0.968" /><testcase classname="backend.tests.test_budget_requests.TestBudgetRequestApproval" name="test_director_reject_request" time="1.007" /><testcase classname="backend.tests.test_budget_requests.TestBudgetRequestApproval" name="test_non_director_cannot_approve" time="0.913" /><testcase classname="backend.tests.test_budget_requests.TestCOGSPriceEndpoint" name="test_get_sku_price_for_city" time="0.429" /><testcase classname="backend.tests.test_budget_requests.TestMasterSKUs" name="test_get_master_skus" time="0.441" /><testcase classname="backend.tests.test_budget_requests.TestMasterLocations" name="test_get_locations_flat" time="0.445" /></testsuite></testsuites>