<?xml version="1.0" encoding="utf-8"?><testsuites name="pytest tests"><testsuite name="pytest" errors="0" failures="6" skipped="0" tests="15" time="6.514" timestamp="2026-03-01T13:28:27.802640+00:00" hostname="agent-env-6f7273ed-867d-4cdc-b86e-5c3833de72df"><testcase classname="backend.tests.test_budget_requests.TestBudgetCategories" name="test_get_budget_categories" time="0.219" /><testcase classname="backend.tests.test_budget_requests.TestBudgetCategories" name="test_no_customer_categories" time="0.109" /><testcase classname="backend.tests.test_budget_requests.TestBudgetCategories" name="test_all_categories_no_lead_required" time="0.138" /><testcase classname="backend.tests.test_budget_requests.TestBudgetCategories" name="test_event_sponsorship_stock_requires_sku" time="0.097" /><testcase classname="backend.tests.test_budget_requests.TestBudgetRequestCRUD" name="test_create_budget_request_draft" time="0.437"><failure message="AssertionError: Expected 201, got 200: {&quot;id&quot;:&quot;4f78325e-0d67-48d2-9ebb-47cce8822ddc&quot;,&quot;user_id&quot;:&quot;7d03cff4-4db2-4b2e-969b-f5b3d57d58a6&quot;,&quot;user_name&quot;:&quot;Surya Yadavalli&quot;,&quot;title&quot;:&quot;TEST_Marketing Event Budget Q1&quot;,&quot;description&quot;:&quot;Budget for Q1 marketing events&quot;,&quot;line_items&quot;:[{&quot;id&quot;:&quot;63414159-6940-463f-b8a8-e188137019d6&quot;,&quot;category_id&quot;:&quot;event_participation&quot;,&quot;category_label&quot;:&quot;Event Participation&quot;,&quot;lead_id&quot;:null,&quot;lead_name&quot;:null,&quot;lead_city&quot;:null,&quot;sku_id&quot;:null,&quot;sku_name&quot;:null,&quot;bottle_count&quot;:null,&quot;price_per_unit&quot;:null,&quot;amount&quot;:50000.0,&quot;notes&quot;:&quot;Tech conference participation fee&quot;}],&quot;total_amount&quot;:50000.0,&quot;event_name&quot;:&quot;Tech Summit 2026&quot;,&quot;event_date&quot;:&quot;2026-03-15&quot;,&quot;event_city&quot;:&quot;Bengaluru&quot;,&quot;status&quot;:&quot;draft&quot;,&quot;approved_by&quot;:null,&quot;approved_by_name&quot;:null,&quot;approval_date&quot;:null,&quot;rejection_reason&quot;:null,&quot;created_at&quot;:&quot;2026-03-01T13:28:28.840769+00:00&quot;,&quot;updated_at&quot;:&quot;2026-03-01T13:28:28.840771+00:00&quot;}&#10;assert 200 == 201&#10; +  where 200 = &lt;Response [200]&gt;.status_code">backend/tests/test_budget_requests.py:136: in test_create_budget_request_draft
    assert response.status_code == 201, f"Expected 201, got {response.status_code}: {response.text}"
E   AssertionError: Expected 201, got 200: {"id":"4f78325e-0d67-48d2-9ebb-47cce8822ddc","user_id":"7d03cff4-4db2-4b2e-969b-f5b3d57d58a6","user_name":"Surya Yadavalli","title":"TEST_Marketing Event Budget Q1","description":"Budget for Q1 marketing events","line_items":[{"id":"63414159-6940-463f-b8a8-e188137019d6","category_id":"event_participation","category_label":"Event Participation","lead_id":null,"lead_name":null,"lead_city":null,"sku_id":null,"sku_name":null,"bottle_count":null,"price_per_unit":null,"amount":50000.0,"notes":"Tech conference participation fee"}],"total_amount":50000.0,"event_name":"Tech Summit 2026","event_date":"2026-03-15","event_city":"Bengaluru","status":"draft","approved_by":null,"approved_by_name":null,"approval_date":null,"rejection_reason":null,"created_at":"2026-03-01T13:28:28.840769+00:00","updated_at":"2026-03-01T13:28:28.840771+00:00"}
E   assert 200 == 201
E    +  where 200 = &lt;Response [200]&gt;.status_code</failure></testcase><testcase classname="backend.tests.test_budget_requests.TestBudgetRequestCRUD" name="test_create_budget_request_submit" time="0.425"><failure message="AssertionError: Expected 201, got 200: {&quot;id&quot;:&quot;cc19ee43-3b6d-4b6e-88d5-3311cbfc12b6&quot;,&quot;user_id&quot;:&quot;7d03cff4-4db2-4b2e-969b-f5b3d57d58a6&quot;,&quot;user_name&quot;:&quot;Surya Yadavalli&quot;,&quot;title&quot;:&quot;TEST_Office Supplies Budget&quot;,&quot;description&quot;:&quot;Monthly office supplies&quot;,&quot;line_items&quot;:[{&quot;id&quot;:&quot;0409de0d-6977-46cb-bf49-be998e4b2fe0&quot;,&quot;category_id&quot;:&quot;office_supplies&quot;,&quot;category_label&quot;:&quot;Office Supplies&quot;,&quot;lead_id&quot;:null,&quot;lead_name&quot;:null,&quot;lead_city&quot;:null,&quot;sku_id&quot;:null,&quot;sku_name&quot;:null,&quot;bottle_count&quot;:null,&quot;price_per_unit&quot;:null,&quot;amount&quot;:15000.0,&quot;notes&quot;:&quot;Stationery and consumables&quot;},{&quot;id&quot;:&quot;ec100867-5ff8-4796-b246-f2aa6dd038fd&quot;,&quot;category_id&quot;:&quot;digital_promotion&quot;,&quot;category_label&quot;:&quot;Digital Promotion&quot;,&quot;lead_id&quot;:null,&quot;lead_name&quot;:null,&quot;lead_city&quot;:null,&quot;sku_id&quot;:null,&quot;sku_name&quot;:null,&quot;bottle_count&quot;:null,&quot;price_per_unit&quot;:null,&quot;amount&quot;:25000.0,&quot;notes&quot;:&quot;Social media ads&quot;}],&quot;total_amount&quot;:40000.0,&quot;event_name&quot;:null,&quot;event_date&quot;:null,&quot;event_city&quot;:null,&quot;status&quot;:&quot;pending_approval&quot;,&quot;approved_by&quot;:null,&quot;approved_by_name&quot;:null,&quot;approval_date&quot;:null,&quot;rejection_reason&quot;:null,&quot;created_at&quot;:&quot;2026-03-01T13:28:29.285130+00:00&quot;,&quot;updated_at&quot;:&quot;2026-03-01T13:28:29.285131+00:00&quot;}&#10;assert 200 == 201&#10; +  where 200 = &lt;Response [200]&gt;.status_code">backend/tests/test_budget_requests.py:169: in test_create_budget_request_submit
    assert response.status_code == 201, f"Expected 201, got {response.status_code}: {response.text}"
E   AssertionError: Expected 201, got 200: {"id":"cc19ee43-3b6d-4b6e-88d5-3311cbfc12b6","user_id":"7d03cff4-4db2-4b2e-969b-f5b3d57d58a6","user_name":"Surya Yadavalli","title":"TEST_Office Supplies Budget","description":"Monthly office supplies","line_items":[{"id":"0409de0d-6977-46cb-bf49-be998e4b2fe0","category_id":"office_supplies","category_label":"Office Supplies","lead_id":null,"lead_name":null,"lead_city":null,"sku_id":null,"sku_name":null,"bottle_count":null,"price_per_unit":null,"amount":15000.0,"notes":"Stationery and consumables"},{"id":"ec100867-5ff8-4796-b246-f2aa6dd038fd","category_id":"digital_promotion","category_label":"Digital Promotion","lead_id":null,"lead_name":null,"lead_city":null,"sku_id":null,"sku_name":null,"bottle_count":null,"price_per_unit":null,"amount":25000.0,"notes":"Social media ads"}],"total_amount":40000.0,"event_name":null,"event_date":null,"event_city":null,"status":"pending_approval","approved_by":null,"approved_by_name":null,"approval_date":null,"rejection_reason":null,"created_at":"2026-03-01T13:28:29.285130+00:00","updated_at":"2026-03-01T13:28:29.285131+00:00"}
E   assert 200 == 201
E    +  where 200 = &lt;Response [200]&gt;.status_code</failure></testcase><testcase classname="backend.tests.test_budget_requests.TestBudgetRequestCRUD" name="test_create_budget_request_with_sku" time="0.440"><failure message="AssertionError: Expected 201, got 200: {&quot;id&quot;:&quot;a89b60b7-34b3-49e8-ad3c-afe9c8d9da13&quot;,&quot;user_id&quot;:&quot;7d03cff4-4db2-4b2e-969b-f5b3d57d58a6&quot;,&quot;user_name&quot;:&quot;Surya Yadavalli&quot;,&quot;title&quot;:&quot;TEST_Event Sponsorship Stock&quot;,&quot;description&quot;:&quot;Product sponsorship for trade show&quot;,&quot;line_items&quot;:[{&quot;id&quot;:&quot;b380db01-cbef-4638-b4e7-f7983458ddcc&quot;,&quot;category_id&quot;:&quot;event_sponsorship_stock&quot;,&quot;category_label&quot;:&quot;Event Sponsorship - Stock&quot;,&quot;lead_id&quot;:null,&quot;lead_name&quot;:null,&quot;lead_city&quot;:null,&quot;sku_id&quot;:null,&quot;sku_name&quot;:&quot;20L Premium&quot;,&quot;bottle_count&quot;:100,&quot;price_per_unit&quot;:150.0,&quot;amount&quot;:15000.0,&quot;notes&quot;:&quot;Sample bottles for event&quot;}],&quot;total_amount&quot;:15000.0,&quot;event_name&quot;:&quot;Food Expo 2026&quot;,&quot;event_date&quot;:&quot;2026-04-20&quot;,&quot;event_city&quot;:&quot;Mumbai&quot;,&quot;status&quot;:&quot;draft&quot;,&quot;approved_by&quot;:null,&quot;approved_by_name&quot;:null,&quot;approval_date&quot;:null,&quot;rejection_reason&quot;:null,&quot;created_at&quot;:&quot;2026-03-01T13:28:29.737648+00:00&quot;,&quot;updated_at&quot;:&quot;2026-03-01T13:28:29.737649+00:00&quot;}&#10;assert 200 == 201&#10; +  where 200 = &lt;Response [200]&gt;.status_code">backend/tests/test_budget_requests.py:201: in test_create_budget_request_with_sku
    assert response.status_code == 201, f"Expected 201, got {response.status_code}: {response.text}"
E   AssertionError: Expected 201, got 200: {"id":"a89b60b7-34b3-49e8-ad3c-afe9c8d9da13","user_id":"7d03cff4-4db2-4b2e-969b-f5b3d57d58a6","user_name":"Surya Yadavalli","title":"TEST_Event Sponsorship Stock","description":"Product sponsorship for trade show","line_items":[{"id":"b380db01-cbef-4638-b4e7-f7983458ddcc","category_id":"event_sponsorship_stock","category_label":"Event Sponsorship - Stock","lead_id":null,"lead_name":null,"lead_city":null,"sku_id":null,"sku_name":"20L Premium","bottle_count":100,"price_per_unit":150.0,"amount":15000.0,"notes":"Sample bottles for event"}],"total_amount":15000.0,"event_name":"Food Expo 2026","event_date":"2026-04-20","event_city":"Mumbai","status":"draft","approved_by":null,"approved_by_name":null,"approval_date":null,"rejection_reason":null,"created_at":"2026-03-01T13:28:29.737648+00:00","updated_at":"2026-03-01T13:28:29.737649+00:00"}
E   assert 200 == 201
E    +  where 200 = &lt;Response [200]&gt;.status_code</failure></testcase><testcase classname="backend.tests.test_budget_requests.TestBudgetRequestCRUD" name="test_get_budget_requests_list" time="0.438" /><testcase classname="backend.tests.test_budget_requests.TestBudgetRequestCRUD" name="test_get_single_budget_request" time="0.527" /><testcase classname="backend.tests.test_budget_requests.TestBudgetRequestApproval" name="test_director_approve_request" time="0.760"><failure message="assert 200 == 201&#10; +  where 200 = &lt;Response [200]&gt;.status_code">backend/tests/test_budget_requests.py:262: in test_director_approve_request
    assert create_resp.status_code == 201
E   assert 200 == 201
E    +  where 200 = &lt;Response [200]&gt;.status_code</failure></testcase><testcase classname="backend.tests.test_budget_requests.TestBudgetRequestApproval" name="test_director_reject_request" time="0.751"><failure message="assert 200 == 201&#10; +  where 200 = &lt;Response [200]&gt;.status_code">backend/tests/test_budget_requests.py:285: in test_director_reject_request
    assert create_resp.status_code == 201
E   assert 200 == 201
E    +  where 200 = &lt;Response [200]&gt;.status_code</failure></testcase><testcase classname="backend.tests.test_budget_requests.TestBudgetRequestApproval" name="test_non_director_cannot_approve" time="0.769"><failure message="assert 200 == 201&#10; +  where 200 = &lt;Response [200]&gt;.status_code">backend/tests/test_budget_requests.py:308: in test_non_director_cannot_approve
    assert create_resp.status_code == 201
E   assert 200 == 201
E    +  where 200 = &lt;Response [200]&gt;.status_code</failure></testcase><testcase classname="backend.tests.test_budget_requests.TestCOGSPriceEndpoint" name="test_get_sku_price_for_city" time="0.431" /><testcase classname="backend.tests.test_budget_requests.TestMasterSKUs" name="test_get_master_skus" time="0.434" /><testcase classname="backend.tests.test_budget_requests.TestMasterLocations" name="test_get_locations_flat" time="0.431" /></testsuite></testsuites>