<?xml version="1.0" encoding="utf-8"?><testsuites name="pytest tests"><testsuite name="pytest" errors="0" failures="0" skipped="2" tests="13" time="6.107" timestamp="2026-03-30T15:03:58.550800+00:00" hostname="agent-env-83703814-f52c-40b6-8dca-3156eec95613"><testcase classname="backend.tests.test_ceo_admin_delete.TestCEOAdminDelete" name="test_list_deliveries" time="0.496" /><testcase classname="backend.tests.test_ceo_admin_delete.TestCEOAdminDelete" name="test_ceo_can_delete_delivered_delivery" time="0.535" /><testcase classname="backend.tests.test_ceo_admin_delete.TestCEOAdminDelete" name="test_list_customer_returns" time="0.404" /><testcase classname="backend.tests.test_ceo_admin_delete.TestCEOAdminDelete" name="test_ceo_can_delete_approved_customer_return" time="0.530" /><testcase classname="backend.tests.test_ceo_admin_delete.TestCEOAdminDelete" name="test_list_factory_returns" time="0.514" /><testcase classname="backend.tests.test_ceo_admin_delete.TestCEOAdminDelete" name="test_ceo_can_delete_confirmed_factory_return" time="0.547" /><testcase classname="backend.tests.test_ceo_admin_delete.TestCEOAdminDelete" name="test_list_credit_notes" time="0.425" /><testcase classname="backend.tests.test_ceo_admin_delete.TestCEOAdminDelete" name="test_ceo_can_delete_credit_note" time="0.463"><skipped type="pytest.skip" message="No unapplied credit notes available for testing">/app/backend/tests/test_ceo_admin_delete.py:377: No unapplied credit notes available for testing</skipped></testcase><testcase classname="backend.tests.test_ceo_admin_delete.TestCEOAdminDelete" name="test_non_ceo_cannot_delete_credit_note" time="0.417"><skipped type="pytest.skip" message="Requires non-CEO user credentials to test">/app/backend/tests/test_ceo_admin_delete.py:408: Requires non-CEO user credentials to test</skipped></testcase><testcase classname="backend.tests.test_ceo_admin_delete.TestCEOAdminDelete" name="test_delete_delivery_endpoint_exists" time="0.445" /><testcase classname="backend.tests.test_ceo_admin_delete.TestCEOAdminDelete" name="test_delete_customer_return_endpoint_exists" time="0.452" /><testcase classname="backend.tests.test_ceo_admin_delete.TestCEOAdminDelete" name="test_delete_factory_return_endpoint_exists" time="0.417" /><testcase classname="backend.tests.test_ceo_admin_delete.TestCEOAdminDelete" name="test_delete_credit_note_endpoint_exists" time="0.389" /></testsuite></testsuites>