<?xml version="1.0" encoding="utf-8"?><testsuites name="pytest tests"><testsuite name="pytest" errors="0" failures="1" skipped="0" tests="17" time="1.453" timestamp="2026-03-19T20:02:18.064608+00:00" hostname="agent-env-0ecace0a-263b-41c7-95ab-5c049c37f8c9"><testcase classname="tests.test_ceo_admin_delete.TestCeoAdminDeleteFunctionality" name="test_01_verify_ceo_user_login" time="0.257" /><testcase classname="tests.test_ceo_admin_delete.TestCeoAdminDeleteFunctionality" name="test_02_verify_distributor_exists" time="0.070"><failure message="AssertionError: Distributor not found: {&quot;detail&quot;:&quot;Distributor not found&quot;}&#10;assert 404 == 200&#10; +  where 404 = &lt;Response [404]&gt;.status_code">tests/test_ceo_admin_delete.py:66: in test_02_verify_distributor_exists
    assert response.status_code == 200, f"Distributor not found: {response.text}"
E   AssertionError: Distributor not found: {"detail":"Distributor not found"}
E   assert 404 == 200
E    +  where 404 = &lt;Response [404]&gt;.status_code</failure></testcase><testcase classname="tests.test_ceo_admin_delete.TestCeoAdminDeleteFunctionality" name="test_03_verify_shipments_endpoint" time="0.062" /><testcase classname="tests.test_ceo_admin_delete.TestCeoAdminDeleteFunctionality" name="test_04_verify_deliveries_endpoint" time="0.051" /><testcase classname="tests.test_ceo_admin_delete.TestCeoAdminDeleteFunctionality" name="test_05_verify_settlements_endpoint" time="0.066" /><testcase classname="tests.test_ceo_admin_delete.TestCeoAdminDeleteFunctionality" name="test_06_verify_reconciliations_endpoint" time="0.061" /><testcase classname="tests.test_ceo_admin_delete.TestCeoAdminDeleteFunctionality" name="test_07_verify_debit_credit_notes_endpoint" time="0.073" /><testcase classname="tests.test_ceo_admin_delete.TestCeoAdminDeleteFunctionality" name="test_08_delete_shipment_endpoint_exists" time="0.061" /><testcase classname="tests.test_ceo_admin_delete.TestCeoAdminDeleteFunctionality" name="test_09_delete_delivery_endpoint_exists" time="0.059" /><testcase classname="tests.test_ceo_admin_delete.TestCeoAdminDeleteFunctionality" name="test_10_delete_settlement_endpoint_exists" time="0.058" /><testcase classname="tests.test_ceo_admin_delete.TestCeoAdminDeleteFunctionality" name="test_11_delete_reconciliation_endpoint_exists" time="0.054" /><testcase classname="tests.test_ceo_admin_delete.TestCeoAdminDeleteFunctionality" name="test_12_delete_note_endpoint_exists" time="0.055" /><testcase classname="tests.test_ceo_admin_delete.TestDeleteExistingRecords" name="test_list_shipments_with_status" time="0.210" /><testcase classname="tests.test_ceo_admin_delete.TestDeleteExistingRecords" name="test_list_deliveries_with_status" time="0.056" /><testcase classname="tests.test_ceo_admin_delete.TestDeleteExistingRecords" name="test_list_settlements_with_status" time="0.057" /><testcase classname="tests.test_ceo_admin_delete.TestDeleteExistingRecords" name="test_list_reconciliations_with_status" time="0.064" /><testcase classname="tests.test_ceo_admin_delete.TestDeleteExistingRecords" name="test_list_notes_with_status" time="0.052" /></testsuite></testsuites>