<?xml version="1.0" encoding="utf-8"?><testsuites name="pytest tests"><testsuite name="pytest" errors="0" failures="0" skipped="0" tests="8" time="6.068" timestamp="2026-03-31T18:38:45.817100+00:00" hostname="agent-env-a2f9b460-489e-4ab6-a640-8de6ce680bac"><testcase classname="backend.tests.test_comparison_override.TestComparisonOverride" name="test_get_comparison_returns_override_flags" time="0.809" /><testcase classname="backend.tests.test_comparison_override.TestComparisonOverride" name="test_post_revenue_override_saves_correctly" time="0.748" /><testcase classname="backend.tests.test_comparison_override.TestComparisonOverride" name="test_post_outstanding_override_saves_correctly" time="0.806" /><testcase classname="backend.tests.test_comparison_override.TestComparisonOverride" name="test_delete_revenue_override_resets_to_auto" time="0.785" /><testcase classname="backend.tests.test_comparison_override.TestComparisonOverride" name="test_delete_outstanding_override_resets_to_auto" time="0.750" /><testcase classname="backend.tests.test_comparison_override.TestComparisonOverride" name="test_override_invalid_field_returns_400" time="0.722" /><testcase classname="backend.tests.test_comparison_override.TestComparisonOverride" name="test_override_missing_required_fields_returns_400" time="0.705" /><testcase classname="backend.tests.test_comparison_override.TestComparisonOverride" name="test_comparison_returns_auto_values_for_reset" time="0.676" /></testsuite></testsuites>