<?xml version="1.0" encoding="utf-8"?><testsuites name="pytest tests"><testsuite name="pytest" errors="0" failures="0" skipped="0" tests="18" time="1.958" timestamp="2026-03-08T17:23:28.381183+00:00" hostname="agent-env-76b91b92-fe8a-4f01-a2d7-362d594ea12f"><testcase classname="backend.tests.test_company_documents.TestExpensePolicyAPI" name="test_policy_endpoint_requires_auth" time="0.165" /><testcase classname="backend.tests.test_company_documents.TestExpensePolicyAPI" name="test_policy_returns_categories" time="0.409" /><testcase classname="backend.tests.test_company_documents.TestExpensePolicyAPI" name="test_policy_returns_travel_category" time="0.083" /><testcase classname="backend.tests.test_company_documents.TestExpensePolicyAPI" name="test_policy_returns_accommodation_category" time="0.074" /><testcase classname="backend.tests.test_company_documents.TestExpensePolicyAPI" name="test_policy_returns_meals_category" time="0.066" /><testcase classname="backend.tests.test_company_documents.TestExpensePolicyAPI" name="test_expense_type_structure" time="0.164" /><testcase classname="backend.tests.test_company_documents.TestExpensePolicyAPI" name="test_category_has_policy_guidelines" time="0.065" /><testcase classname="backend.tests.test_company_documents.TestRoleBasedLimits" name="test_ceo_gets_5x_multiplier" time="0.080" /><testcase classname="backend.tests.test_company_documents.TestRoleBasedLimits" name="test_partner_sales_gets_1_2x_multiplier" time="0.066" /><testcase classname="backend.tests.test_company_documents.TestRoleBasedLimits" name="test_ceo_vs_partner_different_limits" time="0.140" /><testcase classname="backend.tests.test_company_documents.TestRoleBasedLimits" name="test_international_flight_limits" time="0.068" /><testcase classname="backend.tests.test_company_documents.TestTravelPolicyStructure" name="test_travel_category_has_icon" time="0.066" /><testcase classname="backend.tests.test_company_documents.TestTravelPolicyStructure" name="test_travel_category_has_color" time="0.066" /><testcase classname="backend.tests.test_company_documents.TestTravelPolicyStructure" name="test_expense_types_have_receipt_requirement" time="0.071" /><testcase classname="backend.tests.test_company_documents.TestTravelPolicyStructure" name="test_expense_types_have_justification_requirement" time="0.069" /><testcase classname="backend.tests.test_company_documents.TestAllTravelExpenseTypes" name="test_all_travel_expense_types_exist" time="0.071" /><testcase classname="backend.tests.test_company_documents.TestAllTravelExpenseTypes" name="test_accommodation_expense_types_exist" time="0.073" /><testcase classname="backend.tests.test_company_documents.TestAllTravelExpenseTypes" name="test_meals_expense_types_exist" time="0.072" /></testsuite></testsuites>