<?xml version="1.0" encoding="utf-8"?><testsuites name="pytest tests"><testsuite name="pytest" errors="0" failures="0" skipped="0" tests="8" time="1.475" timestamp="2026-03-28T16:00:28.857628+00:00" hostname="agent-env-a38e24d2-ecc4-4a96-ab1e-2b91cfe52b80"><testcase classname="backend.tests.test_credit_notes_delivery.TestCreditNotesEndpoint" name="test_list_credit_notes" time="0.508" /><testcase classname="backend.tests.test_credit_notes_delivery.TestCreditNotesEndpoint" name="test_get_available_credit_notes_for_account" time="0.111" /><testcase classname="backend.tests.test_credit_notes_delivery.TestDeliveryWithCreditNotes" name="test_get_assigned_accounts" time="0.116" /><testcase classname="backend.tests.test_credit_notes_delivery.TestDeliveryWithCreditNotes" name="test_get_distributor_locations" time="0.058" /><testcase classname="backend.tests.test_credit_notes_delivery.TestDeliveryWithCreditNotes" name="test_get_skus" time="0.053" /><testcase classname="backend.tests.test_credit_notes_delivery.TestDeliveryWithCreditNotes" name="test_delivery_creation_endpoint_accepts_credit_notes" time="0.338" /><testcase classname="backend.tests.test_credit_notes_delivery.TestDeliveryWithCreditNotes" name="test_delivery_detail_shows_credit_notes" time="0.106" /><testcase classname="backend.tests.test_credit_notes_delivery.TestCreditNoteCalculations" name="test_net_billing_calculation" time="0.131" /></testsuite></testsuites>