<?xml version="1.0" encoding="utf-8"?><testsuites name="pytest tests"><testsuite name="pytest" errors="0" failures="0" skipped="0" tests="20" time="14.360" timestamp="2026-03-28T14:53:28.447788+00:00" hostname="agent-env-bb49b344-a742-4b48-9a95-1e856a72beb4"><testcase classname="backend.tests.test_customer_returns.TestCustomerReturnsAPI" name="test_list_returns_endpoint_exists" time="0.732" /><testcase classname="backend.tests.test_customer_returns.TestCustomerReturnsAPI" name="test_list_returns_with_status_filter" time="0.643" /><testcase classname="backend.tests.test_customer_returns.TestCustomerReturnsAPI" name="test_list_returns_with_account_filter" time="0.638" /><testcase classname="backend.tests.test_customer_returns.TestCustomerReturnsAPI" name="test_create_return_requires_account" time="0.626" /><testcase classname="backend.tests.test_customer_returns.TestCustomerReturnsAPI" name="test_create_return_requires_items" time="0.715" /><testcase classname="backend.tests.test_customer_returns.TestCustomerReturnsAPI" name="test_create_return_success" time="0.710" /><testcase classname="backend.tests.test_customer_returns.TestCustomerReturnsAPI" name="test_create_return_with_invalid_sku" time="0.696" /><testcase classname="backend.tests.test_customer_returns.TestCustomerReturnsAPI" name="test_create_return_with_invalid_reason" time="0.703" /><testcase classname="backend.tests.test_customer_returns.TestCustomerReturnsAPI" name="test_get_return_detail" time="0.753" /><testcase classname="backend.tests.test_customer_returns.TestCustomerReturnsAPI" name="test_get_nonexistent_return" time="0.787" /><testcase classname="backend.tests.test_customer_returns.TestCustomerReturnsAPI" name="test_confirm_return" time="0.729" /><testcase classname="backend.tests.test_customer_returns.TestCustomerReturnsAPI" name="test_confirm_already_confirmed_return" time="0.732" /><testcase classname="backend.tests.test_customer_returns.TestCustomerReturnsAPI" name="test_cancel_return" time="0.803" /><testcase classname="backend.tests.test_customer_returns.TestCustomerReturnsAPI" name="test_cancel_already_cancelled_return" time="0.821" /><testcase classname="backend.tests.test_customer_returns.TestCustomerReturnsAPI" name="test_delete_draft_return" time="0.721" /><testcase classname="backend.tests.test_customer_returns.TestCustomerReturnsAPI" name="test_delete_confirmed_return_fails" time="0.830" /><testcase classname="backend.tests.test_customer_returns.TestCustomerReturnsAPI" name="test_returns_summary" time="0.634" /><testcase classname="backend.tests.test_customer_returns.TestCustomerReturnsAPI" name="test_credit_calculation_sku_return_credit" time="0.663" /><testcase classname="backend.tests.test_customer_returns.TestCustomerReturnsAPI" name="test_credit_calculation_full_price" time="0.666" /><testcase classname="backend.tests.test_customer_returns.TestCustomerReturnsAPI" name="test_credit_calculation_no_credit" time="0.692" /></testsuite></testsuites>