<?xml version="1.0" encoding="utf-8"?><testsuites name="pytest tests"><testsuite name="pytest" errors="0" failures="0" skipped="0" tests="14" time="5.617" timestamp="2026-03-22T12:09:29.885705+00:00" hostname="agent-env-b4e46fe4-3aaa-4d4b-a274-212822ee7c37"><testcase classname="backend.tests.test_distributor_user_access.TestDistributorUserLogin" name="test_distributor_login_with_default_password" time="0.357" /><testcase classname="backend.tests.test_distributor_user_access.TestDistributorUserLogin" name="test_login_response_includes_force_password_change" time="0.350" /><testcase classname="backend.tests.test_distributor_user_access.TestDistributorUserLogin" name="test_login_response_includes_distributor_id" time="0.325" /><testcase classname="backend.tests.test_distributor_user_access.TestDistributorUserLogin" name="test_user_has_distributor_role" time="0.334" /><testcase classname="backend.tests.test_distributor_user_access.TestDistributorDataAccess" name="test_distributor_can_list_only_own_distributor" time="0.399" /><testcase classname="backend.tests.test_distributor_user_access.TestDistributorDataAccess" name="test_distributor_can_view_own_profile" time="0.386" /><testcase classname="backend.tests.test_distributor_user_access.TestDistributorDataAccess" name="test_distributor_cannot_access_other_distributors" time="0.780" /><testcase classname="backend.tests.test_distributor_user_access.TestDistributorDataAccess" name="test_distributor_can_view_own_coverage" time="0.372" /><testcase classname="backend.tests.test_distributor_user_access.TestDistributorDataAccess" name="test_distributor_can_view_own_locations" time="0.367" /><testcase classname="backend.tests.test_distributor_user_access.TestDistributorDataAccess" name="test_distributor_can_view_own_shipments" time="0.372" /><testcase classname="backend.tests.test_distributor_user_access.TestDistributorDataAccess" name="test_distributor_can_view_own_settlements" time="0.361" /><testcase classname="backend.tests.test_distributor_user_access.TestAdminVsDistributorAccess" name="test_admin_sees_all_distributors" time="0.394" /><testcase classname="backend.tests.test_distributor_user_access.TestAdminVsDistributorAccess" name="test_distributor_sees_only_one" time="0.391" /><testcase classname="backend.tests.test_distributor_user_access.TestAdminVsDistributorAccess" name="test_distributor_cannot_create_distributor" time="0.367" /></testsuite></testsuites>