<?xml version="1.0" encoding="utf-8"?><testsuites name="pytest tests"><testsuite name="pytest" errors="0" failures="0" skipped="0" tests="11" time="6.788" timestamp="2026-04-15T06:57:37.857299+00:00" hostname="agent-env-7ac50467-4c08-4b08-bce0-4db1b325c47f"><testcase classname="backend.tests.test_distributor_warehouse_delete.TestDistributorWarehouseDelete" name="test_ceo_can_delete_distributor" time="0.993" /><testcase classname="backend.tests.test_distributor_warehouse_delete.TestDistributorWarehouseDelete" name="test_delete_distributor_cascades_child_data" time="0.922" /><testcase classname="backend.tests.test_distributor_warehouse_delete.TestDistributorWarehouseDelete" name="test_delete_distributor_returns_404_for_nonexistent" time="0.382" /><testcase classname="backend.tests.test_distributor_warehouse_delete.TestDistributorWarehouseDelete" name="test_after_delete_get_returns_404" time="0.752" /><testcase classname="backend.tests.test_distributor_warehouse_delete.TestDistributorWarehouseDelete" name="test_ceo_can_delete_warehouse" time="0.877" /><testcase classname="backend.tests.test_distributor_warehouse_delete.TestDistributorWarehouseDelete" name="test_warehouse_delete_is_hard_delete" time="0.909" /><testcase classname="backend.tests.test_distributor_warehouse_delete.TestDistributorWarehouseDelete" name="test_delete_warehouse_returns_404_for_nonexistent" time="0.393" /><testcase classname="backend.tests.test_distributor_warehouse_delete.TestDistributorWarehouseDelete" name="test_delete_endpoint_requires_authorization" time="0.442" /><testcase classname="backend.tests.test_distributor_warehouse_delete.TestDistributorWarehouseDelete" name="test_ceo_role_is_authorized" time="0.665" /><testcase classname="backend.tests.test_distributor_warehouse_delete.TestDistributorWarehouseDelete" name="test_protected_distributor_exists" time="0.384" /><testcase classname="backend.tests.test_distributor_warehouse_delete.TestNonCEOCannotDelete" name="test_director_cannot_delete_distributor_info" time="0.000" /></testsuite></testsuites>