<?xml version="1.0" encoding="utf-8"?><testsuites name="pytest tests"><testsuite name="pytest" errors="0" failures="0" skipped="0" tests="14" time="6.173" timestamp="2026-03-19T11:40:50.251035+00:00" hostname="agent-env-9d070b09-aeab-4946-abdb-de4391465f0e"><testcase classname="backend.tests.test_distributor_billing.TestDistributorBilling" name="test_get_billing_configs" time="0.392" /><testcase classname="backend.tests.test_distributor_billing.TestDistributorBilling" name="test_create_billing_config" time="0.574" /><testcase classname="backend.tests.test_distributor_billing.TestDistributorBilling" name="test_transfer_price_calculation" time="0.443" /><testcase classname="backend.tests.test_distributor_billing.TestDistributorBilling" name="test_get_billing_summary" time="0.400" /><testcase classname="backend.tests.test_distributor_billing.TestDistributorBilling" name="test_calculate_reconciliation_preview" time="0.390" /><testcase classname="backend.tests.test_distributor_billing.TestDistributorBilling" name="test_get_reconciliations_list" time="0.398" /><testcase classname="backend.tests.test_distributor_billing.TestDistributorBilling" name="test_create_reconciliation" time="0.460" /><testcase classname="backend.tests.test_distributor_billing.TestDistributorBilling" name="test_get_reconciliation_detail" time="0.432" /><testcase classname="backend.tests.test_distributor_billing.TestDistributorBilling" name="test_confirm_reconciliation_generates_note" time="0.491" /><testcase classname="backend.tests.test_distributor_billing.TestDistributorBilling" name="test_get_debit_credit_notes" time="0.402" /><testcase classname="backend.tests.test_distributor_billing.TestDistributorBilling" name="test_get_note_detail" time="0.443" /><testcase classname="backend.tests.test_distributor_billing.TestDistributorBilling" name="test_record_payment_on_note" time="0.509" /><testcase classname="backend.tests.test_distributor_billing.TestDistributorBilling" name="test_delete_billing_config" time="0.383" /><testcase classname="backend.tests.test_distributor_billing.TestBillingBusinessLogic" name="test_reconciliation_business_logic" time="0.400" /></testsuite></testsuites>