<?xml version="1.0" encoding="utf-8"?><testsuites name="pytest tests"><testsuite name="pytest" errors="0" failures="0" skipped="0" tests="13" time="2.126" timestamp="2026-03-19T03:08:26.224896+00:00" hostname="agent-env-7db39be7-9f29-4184-ab27-9f88d5df464f"><testcase classname="tests.test_distributor_deliveries.TestDeliveriesAPIEndpoints" name="test_list_deliveries_endpoint" time="0.477" /><testcase classname="tests.test_distributor_deliveries.TestDeliveriesAPIEndpoints" name="test_deliveries_summary_endpoint" time="0.060" /><testcase classname="tests.test_distributor_deliveries.TestDeliveriesAPIEndpoints" name="test_all_deliveries_endpoint" time="0.053" /><testcase classname="tests.test_distributor_deliveries.TestDeliveriesAPIEndpoints" name="test_assigned_accounts_endpoint" time="0.052" /><testcase classname="tests.test_distributor_deliveries.TestDeliveryWorkflow" name="test_create_delivery_with_items" time="0.429" /><testcase classname="tests.test_distributor_deliveries.TestDeliveryWorkflow" name="test_get_delivery_detail" time="0.228" /><testcase classname="tests.test_distributor_deliveries.TestDeliveryWorkflow" name="test_confirm_delivery" time="0.122" /><testcase classname="tests.test_distributor_deliveries.TestDeliveryWorkflow" name="test_complete_delivery" time="0.182" /><testcase classname="tests.test_distributor_deliveries.TestDeliveryValidation" name="test_create_delivery_without_account" time="0.056" /><testcase classname="tests.test_distributor_deliveries.TestDeliveryValidation" name="test_create_delivery_without_items" time="0.061" /><testcase classname="tests.test_distributor_deliveries.TestDeliveryValidation" name="test_delivery_not_found" time="0.054" /><testcase classname="tests.test_distributor_deliveries.TestDeliveryCancellation" name="test_cancel_delivery" time="0.105" /><testcase classname="tests.test_distributor_deliveries.TestDeliveryCancellation" name="test_delete_draft_delivery" time="0.195" /></testsuite></testsuites>