<?xml version="1.0" encoding="utf-8"?><testsuites name="pytest tests"><testsuite name="pytest" errors="0" failures="0" skipped="0" tests="8" time="3.338" timestamp="2026-04-15T20:36:45.012200+00:00" hostname="agent-env-7ac50467-4c08-4b08-bce0-4db1b325c47f"><testcase classname="backend.tests.test_distributor_billing_approach.TestDistributorBillingApproach" name="test_get_distributor_returns_billing_approach" time="2.214" /><testcase classname="backend.tests.test_distributor_billing_approach.TestDistributorBillingApproach" name="test_update_distributor_billing_approach_to_cost_based" time="0.151" /><testcase classname="backend.tests.test_distributor_billing_approach.TestDistributorBillingApproach" name="test_verify_billing_approach_persisted_as_cost_based" time="0.143" /><testcase classname="backend.tests.test_distributor_billing_approach.TestDistributorBillingApproach" name="test_update_distributor_billing_approach_to_margin_upfront" time="0.153" /><testcase classname="backend.tests.test_distributor_billing_approach.TestDistributorBillingApproach" name="test_verify_billing_approach_persisted_as_margin_upfront" time="0.170" /><testcase classname="backend.tests.test_distributor_billing_approach.TestDistributorBillingApproach" name="test_list_distributors_includes_billing_approach" time="0.128" /><testcase classname="backend.tests.test_distributor_billing_approach.TestNewDistributorDefaultBillingApproach" name="test_create_distributor_defaults_to_margin_upfront" time="0.150" /><testcase classname="backend.tests.test_distributor_billing_approach.TestNewDistributorDefaultBillingApproach" name="test_cleanup_test_distributor" time="0.164" /></testsuite></testsuites>