<?xml version="1.0" encoding="utf-8"?><testsuites name="pytest tests"><testsuite name="pytest" errors="0" failures="0" skipped="0" tests="3" time="2.078" timestamp="2026-06-29T10:10:59.511851+00:00" hostname="agent-env-abf13854-541c-4979-8340-fb7cdf6ec6da"><testcase classname="tests.test_do_pending_approver.TestPendingApproverPersistence" name="test_with_manager_persists_approver" time="0.756" /><testcase classname="tests.test_do_pending_approver.TestPendingApproverPersistence" name="test_without_manager_persists_null_approver_no_crash" time="0.593" /><testcase classname="tests.test_do_pending_approver.TestRegression" name="test_create_and_list_still_works" time="0.570" /></testsuite></testsuites>