<?xml version="1.0" encoding="utf-8"?><testsuites name="pytest tests"><testsuite name="pytest" errors="0" failures="0" skipped="0" tests="11" time="4.633" timestamp="2026-05-17T18:42:20.299822+00:00" hostname="agent-env-a69daaaa-ba8b-497b-a2fd-c819f1816da4"><testcase classname="tests.test_driver_app" name="test_create_driver_returns_credentials" time="0.842" /><testcase classname="tests.test_driver_app" name="test_driver_login_with_initial_password" time="0.378" /><testcase classname="tests.test_driver_app" name="test_driver_login_bad_password" time="0.395" /><testcase classname="tests.test_driver_app" name="test_regenerate_password_rotates" time="1.108" /><testcase classname="tests.test_driver_app" name="test_driver_me_has_role" time="0.455" /><testcase classname="tests.test_driver_app" name="test_driver_schedules_empty_ok" time="0.118" /><testcase classname="tests.test_driver_app" name="test_tracking_settings_default" time="0.117" /><testcase classname="tests.test_driver_app" name="test_admin_can_update_gps_interval" time="0.107" /><testcase classname="tests.test_driver_app" name="test_other_distributor_cannot_read_tracking" time="0.587" /><testcase classname="tests.test_driver_app" name="test_ping_rejected_when_not_in_progress" time="0.103" /><testcase classname="tests.test_driver_app" name="test_delete_driver_cascades" time="0.354" /></testsuite></testsuites>