<?xml version="1.0" encoding="utf-8"?><testsuites name="pytest tests"><testsuite name="pytest" errors="0" failures="0" skipped="0" tests="18" time="2.093" timestamp="2026-03-01T13:18:30.010897+00:00" hostname="agent-env-6f7273ed-867d-4cdc-b86e-5c3833de72df"><testcase classname="backend.tests.test_expense_requests.TestExpenseTypes" name="test_expense_types_returns_5_types" time="0.504" /><testcase classname="backend.tests.test_expense_requests.TestExpenseTypes" name="test_expense_types_have_correct_structure" time="0.045" /><testcase classname="backend.tests.test_expense_requests.TestSimpleExpenseRequests" name="test_create_gifting_expense_for_lead" time="0.048" /><testcase classname="backend.tests.test_expense_requests.TestSimpleExpenseRequests" name="test_create_onboarding_expense_for_account" time="0.050" /><testcase classname="backend.tests.test_expense_requests.TestSimpleExpenseRequests" name="test_create_staff_gifting_expense" time="0.049" /><testcase classname="backend.tests.test_expense_requests.TestSimpleExpenseRequests" name="test_create_sponsorship_expense" time="0.047" /><testcase classname="backend.tests.test_expense_requests.TestFreeTrialExpense" name="test_create_free_trial_expense_with_skus" time="0.095" /><testcase classname="backend.tests.test_expense_requests.TestFreeTrialExpense" name="test_free_trial_requires_sku_items" time="0.045" /><testcase classname="backend.tests.test_expense_requests.TestExpenseRequestFiltering" name="test_get_expenses_for_lead" time="0.043" /><testcase classname="backend.tests.test_expense_requests.TestExpenseRequestFiltering" name="test_get_expenses_for_account" time="0.045" /><testcase classname="backend.tests.test_expense_requests.TestExpenseRequestFiltering" name="test_get_all_expenses" time="0.045" /><testcase classname="backend.tests.test_expense_requests.TestExpenseApproval" name="test_director_can_approve_expense" time="0.486" /><testcase classname="backend.tests.test_expense_requests.TestExpenseApproval" name="test_create_and_reject_expense" time="0.153" /><testcase classname="backend.tests.test_expense_requests.TestExpenseDelete" name="test_user_can_delete_own_draft_expense" time="0.114" /><testcase classname="backend.tests.test_expense_requests.TestExpenseDelete" name="test_user_can_cancel_pending_expense" time="0.098" /><testcase classname="backend.tests.test_expense_requests.TestBudgetCategoriesNoCustomerRelated" name="test_budget_categories_no_customer_fields" time="0.052" /><testcase classname="backend.tests.test_expense_requests.TestExpenseHistoryTable" name="test_expense_has_status_field" time="0.050" /><testcase classname="backend.tests.test_expense_requests.TestExpenseHistoryTable" name="test_expense_has_required_fields_for_table" time="0.045" /></testsuite></testsuites>