<?xml version="1.0" encoding="utf-8"?><testsuites name="pytest tests"><testsuite name="pytest" errors="0" failures="0" skipped="0" tests="8" time="1.394" timestamp="2026-03-30T03:48:08.171702+00:00" hostname="agent-env-432dbf10-3bf8-4d5b-948f-cb4f30782520"><testcase classname="backend.tests.test_factory_returns_source.TestWarehouseSourceFactoryReturns" name="test_warehouse_source_expired_requires_settlement" time="0.766" /><testcase classname="backend.tests.test_factory_returns_source.TestWarehouseSourceFactoryReturns" name="test_warehouse_source_damaged_requires_settlement" time="0.058" /><testcase classname="backend.tests.test_factory_returns_source.TestWarehouseSourceFactoryReturns" name="test_warehouse_source_rejects_empty_reusable" time="0.058" /><testcase classname="backend.tests.test_factory_returns_source.TestCustomerReturnSourceFactoryReturns" name="test_customer_source_empty_reusable_no_settlement" time="0.065" /><testcase classname="backend.tests.test_factory_returns_source.TestCustomerReturnSourceFactoryReturns" name="test_customer_source_expired_no_settlement" time="0.071" /><testcase classname="backend.tests.test_factory_returns_source.TestCustomerReturnSourceFactoryReturns" name="test_customer_source_damaged_no_settlement" time="0.062" /><testcase classname="backend.tests.test_factory_returns_source.TestFactoryReturnsTableDisplay" name="test_list_shows_source_and_settlement_fields" time="0.057" /><testcase classname="backend.tests.test_factory_returns_source.TestConfirmFactoryReturnDeductsStock" name="test_confirm_deducts_stock" time="0.179" /></testsuite></testsuites>