<?xml version="1.0" encoding="utf-8"?><testsuites name="pytest tests"><testsuite name="pytest" errors="0" failures="0" skipped="0" tests="15" time="2.850" timestamp="2026-05-04T19:03:55.475340+00:00" hostname="agent-env-b1a5a3e5-ea23-4bd3-9300-a004fc14e434"><testcase classname="backend.tests.test_focus_leads.TestGetFocusLeads" name="test_get_returns_expected_shape" time="0.660" /><testcase classname="backend.tests.test_focus_leads.TestGetFocusLeads" name="test_single_resource_is_editable_true" time="0.069" /><testcase classname="backend.tests.test_focus_leads.TestGetFocusLeads" name="test_multi_resource_is_editable_false" time="0.063" /><testcase classname="backend.tests.test_focus_leads.TestGetFocusLeads" name="test_leads_have_required_fields" time="0.060" /><testcase classname="backend.tests.test_focus_leads.TestGetFocusLeads" name="test_invalid_month_returns_400" time="0.086" /><testcase classname="backend.tests.test_focus_leads.TestUpsertFocusLeads" name="test_post_without_resource_id_returns_400" time="0.059" /><testcase classname="backend.tests.test_focus_leads.TestUpsertFocusLeads" name="test_post_with_invalid_month_returns_400" time="0.064" /><testcase classname="backend.tests.test_focus_leads.TestUpsertFocusLeads" name="test_upsert_persists_and_get_returns_same" time="0.185" /><testcase classname="backend.tests.test_focus_leads.TestUpsertFocusLeads" name="test_upsert_empty_clears_selection" time="0.205" /><testcase classname="backend.tests.test_focus_leads.TestUpsertFocusLeads" name="test_dedup_preserves_order" time="0.244" /><testcase classname="backend.tests.test_focus_leads.TestUpsertFocusLeads" name="test_no_cap_more_than_five" time="0.227" /><testcase classname="backend.tests.test_focus_leads.TestUpsertFocusLeads" name="test_months_are_independent" time="0.366" /><testcase classname="backend.tests.test_focus_leads.TestUpsertFocusLeads" name="test_totals_revenue_matches_sum_of_selected" time="0.195" /><testcase classname="backend.tests.test_focus_leads.TestAuth" name="test_get_without_auth_blocked" time="0.140" /><testcase classname="backend.tests.test_focus_leads.TestAuth" name="test_post_without_auth_blocked" time="0.147" /></testsuite></testsuites>