<?xml version="1.0" encoding="utf-8"?><testsuites name="pytest tests"><testsuite name="pytest" errors="0" failures="0" skipped="0" tests="18" time="1.439" timestamp="2026-03-23T06:25:05.632848+00:00" hostname="agent-env-4fe58fa5-869f-458c-ab6b-f991cc0ac17f"><testcase classname="backend.tests.test_for_approver_endpoints.TestLeaveRequestsForApprover" name="test_for_approver_endpoint_returns_200" time="0.502" /><testcase classname="backend.tests.test_for_approver_endpoints.TestLeaveRequestsForApprover" name="test_for_approver_returns_reportee_requests" time="0.045" /><testcase classname="backend.tests.test_for_approver_endpoints.TestLeaveRequestsForApprover" name="test_for_approver_with_status_filter" time="0.046" /><testcase classname="backend.tests.test_for_approver_endpoints.TestLeaveRequestsForApprover" name="test_my_leave_requests_endpoint" time="0.046" /><testcase classname="backend.tests.test_for_approver_endpoints.TestTravelRequestsForApprover" name="test_for_approver_endpoint_returns_200" time="0.046" /><testcase classname="backend.tests.test_for_approver_endpoints.TestTravelRequestsForApprover" name="test_for_approver_returns_reportee_requests" time="0.045" /><testcase classname="backend.tests.test_for_approver_endpoints.TestTravelRequestsForApprover" name="test_for_approver_with_status_filter" time="0.085" /><testcase classname="backend.tests.test_for_approver_endpoints.TestTravelRequestsForApprover" name="test_my_travel_requests_endpoint" time="0.042" /><testcase classname="backend.tests.test_for_approver_endpoints.TestBudgetRequestsForApprover" name="test_for_approver_endpoint_returns_200" time="0.047" /><testcase classname="backend.tests.test_for_approver_endpoints.TestBudgetRequestsForApprover" name="test_for_approver_returns_reportee_requests" time="0.045" /><testcase classname="backend.tests.test_for_approver_endpoints.TestBudgetRequestsForApprover" name="test_for_approver_with_status_filter" time="0.086" /><testcase classname="backend.tests.test_for_approver_endpoints.TestBudgetRequestsForApprover" name="test_my_budget_requests_endpoint" time="0.050" /><testcase classname="backend.tests.test_for_approver_endpoints.TestExpenseRequestsForApprover" name="test_for_approver_endpoint_returns_200" time="0.046" /><testcase classname="backend.tests.test_for_approver_endpoints.TestExpenseRequestsForApprover" name="test_for_approver_returns_reportee_requests" time="0.050" /><testcase classname="backend.tests.test_for_approver_endpoints.TestExpenseRequestsForApprover" name="test_for_approver_with_status_filter" time="0.048" /><testcase classname="backend.tests.test_for_approver_endpoints.TestExpenseRequestsForApprover" name="test_my_expense_requests_endpoint" time="0.048" /><testcase classname="backend.tests.test_for_approver_endpoints.TestVisibilityRules" name="test_requestor_sees_own_requests_any_status" time="0.046" /><testcase classname="backend.tests.test_for_approver_endpoints.TestVisibilityRules" name="test_approver_sees_pending_and_reviewed_requests" time="0.044" /></testsuite></testsuites>