<?xml version="1.0" encoding="utf-8"?><testsuites name="pytest tests"><testsuite name="pytest" errors="0" failures="0" skipped="0" tests="13" time="3.367" timestamp="2026-04-09T07:26:35.097264+00:00" hostname="agent-env-c52060e4-7b37-421b-a852-64ae719b7b66"><testcase classname="backend.tests.test_hierarchical_inspection.TestHierarchicalInspectionBackend" name="test_get_batch_details" time="0.619" /><testcase classname="backend.tests.test_hierarchical_inspection.TestHierarchicalInspectionBackend" name="test_get_qc_stage_pending" time="0.104" /><testcase classname="backend.tests.test_hierarchical_inspection.TestHierarchicalInspectionBackend" name="test_inspection_payload_structure" time="0.583" /><testcase classname="backend.tests.test_hierarchical_inspection.TestHierarchicalInspectionBackend" name="test_inspection_multiple_entries" time="0.207" /><testcase classname="backend.tests.test_hierarchical_inspection.TestHierarchicalInspectionBackend" name="test_inspection_multiple_rejections_per_entry" time="0.451" /><testcase classname="backend.tests.test_hierarchical_inspection.TestHierarchicalInspectionBackend" name="test_validation_total_crates_exceeds_pending" time="0.211" /><testcase classname="backend.tests.test_hierarchical_inspection.TestHierarchicalInspectionBackend" name="test_validation_entry_rejected_exceeds_max_bottles" time="0.207" /><testcase classname="backend.tests.test_hierarchical_inspection.TestHierarchicalInspectionBackend" name="test_validation_entry_crates_must_be_positive" time="0.104" /><testcase classname="backend.tests.test_hierarchical_inspection.TestHierarchicalInspectionBackend" name="test_validation_at_least_one_entry_required" time="0.108" /><testcase classname="backend.tests.test_hierarchical_inspection.TestHierarchicalInspectionBackend" name="test_inspection_stored_with_entries_field" time="0.110" /><testcase classname="backend.tests.test_hierarchical_inspection.TestHierarchicalInspectionBackend" name="test_rejection_report_expands_entries" time="0.144" /><testcase classname="backend.tests.test_hierarchical_inspection.TestQCTeamAndReasons" name="test_list_qc_team" time="0.125" /><testcase classname="backend.tests.test_hierarchical_inspection.TestQCTeamAndReasons" name="test_list_rejection_reasons" time="0.327" /></testsuite></testsuites>