<?xml version="1.0" encoding="utf-8"?><testsuites name="pytest tests"><testsuite name="pytest" errors="0" failures="0" skipped="0" tests="7" time="2.369" timestamp="2026-05-05T02:40:58.738688+00:00" hostname="agent-env-abef9124-2b71-4444-94a0-e8939e31cc7e"><testcase classname="tests.test_home_widget_order" name="test_get_returns_default_when_unset" time="0.408" /><testcase classname="tests.test_home_widget_order" name="test_put_persists_custom_order_and_get_reflects" time="0.110" /><testcase classname="tests.test_home_widget_order" name="test_put_validates_drops_unknown_and_dedupes_and_appends_missing" time="0.067" /><testcase classname="tests.test_home_widget_order" name="test_put_empty_order_returns_400" time="0.051" /><testcase classname="tests.test_home_widget_order" name="test_put_upserts_not_duplicates" time="0.230" /><testcase classname="tests.test_home_widget_order" name="test_get_default_flag_true_when_no_doc" time="0.059" /><testcase classname="tests.test_home_widget_order" name="test_per_user_isolation" time="1.379" /></testsuite></testsuites>