<?xml version="1.0" encoding="utf-8"?><testsuites name="pytest tests"><testsuite name="pytest" errors="0" failures="0" skipped="0" tests="8" time="2.302" timestamp="2026-03-04T03:36:23.504659+00:00" hostname="agent-env-2a7e4509-2a14-4a7d-b366-58a979433c37"><testcase classname="tests.test_invoice_creation.TestInvoiceCreation" name="test_account_exists_with_correct_city" time="0.731" /><testcase classname="tests.test_invoice_creation.TestInvoiceCreation" name="test_cogs_data_exists_for_hyderabad" time="0.172" /><testcase classname="tests.test_invoice_creation.TestInvoiceCreation" name="test_create_invoice_with_margin_calculation" time="0.174" /><testcase classname="tests.test_invoice_creation.TestInvoiceCreation" name="test_get_invoices_returns_line_items_with_costs" time="0.178" /><testcase classname="tests.test_invoice_creation.TestInvoiceCreation" name="test_cogs_lookup_by_sku_and_city" time="0.346" /><testcase classname="tests.test_invoice_creation.TestInvoiceCreation" name="test_gross_margin_calculation" time="0.160" /><testcase classname="tests.test_invoice_creation.TestInvoiceCreation" name="test_invoice_creation_validates_line_items" time="0.307" /><testcase classname="tests.test_invoice_creation.TestInvoiceCreation" name="test_invoice_creation_for_invalid_account" time="0.169" /></testsuite></testsuites>