<?xml version="1.0" encoding="utf-8"?><testsuites name="pytest tests"><testsuite name="pytest" errors="0" failures="0" skipped="0" tests="8" time="3.885" timestamp="2026-06-25T11:03:25.993447+00:00" hostname="agent-env-5a64cff7-10c3-41e4-ac77-0a31baf4d462"><testcase classname="backend.tests.test_notification_templates_and_sm_notify.TestNotificationTemplatesCRUD" name="test_list_returns_templates_and_variables" time="0.549" /><testcase classname="backend.tests.test_notification_templates_and_sm_notify.TestNotificationTemplatesCRUD" name="test_full_crud_lifecycle" time="0.249" /><testcase classname="backend.tests.test_notification_templates_and_sm_notify.TestStateMachineNotificationsPersistence" name="test_save_with_valid_notification_rule" time="0.210" /><testcase classname="backend.tests.test_notification_templates_and_sm_notify.TestStateMachineNotificationsPersistence" name="test_invalid_channel_rejected" time="0.053" /><testcase classname="backend.tests.test_notification_templates_and_sm_notify.TestStateMachineNotificationsPersistence" name="test_recipient_requires_value[role]" time="0.051" /><testcase classname="backend.tests.test_notification_templates_and_sm_notify.TestStateMachineNotificationsPersistence" name="test_recipient_requires_value[department]" time="0.055" /><testcase classname="backend.tests.test_notification_templates_and_sm_notify.TestStateMachineNotificationsPersistence" name="test_recipient_requires_value[user]" time="0.052" /><testcase classname="backend.tests.test_notification_templates_and_sm_notify.TestTransitionDispatchInApp" name="test_dispatch_creates_in_app_notification" time="2.582" /></testsuite></testsuites>