<?xml version="1.0" encoding="utf-8"?><testsuites name="pytest tests"><testsuite name="pytest" errors="0" failures="1" skipped="0" tests="7" time="3.519" timestamp="2026-06-19T20:27:37.823599+00:00" hostname="agent-env-1a274afd-33c8-499f-82b0-1901d1a36151"><testcase classname="backend.tests.test_iteration_209_proposal_pdf.TestProposalTemplate" name="test_get_seeds_and_returns_template" time="0.580" /><testcase classname="backend.tests.test_iteration_209_proposal_pdf.TestProposalTemplate" name="test_put_persists_and_reload_returns_change" time="0.251" /><testcase classname="backend.tests.test_iteration_209_proposal_pdf.TestMasterSKUPricing" name="test_update_master_sku_standard_price_and_credit" time="0.280"><failure message="AssertionError: assert 0.0 == 120.0&#10; +  where 0.0 = float((None or 0))&#10; +    where None = &lt;built-in method get of dict object at 0xf90a0e1954c0&gt;('standard_price')&#10; +      where &lt;built-in method get of dict object at 0xf90a0e1954c0&gt; = {'allow_custom_mrp': True, 'base_price': 25.0, 'category': 'Premium', 'cogs_components_values': {'air_water_label_cost': 2.8, 'bird_logo_cost': 2.5, 'cap': 4.0, 'manufacturing_variable_cost': 20.0, ...}, ...}.get">backend/tests/test_iteration_209_proposal_pdf.py:123: in test_update_master_sku_standard_price_and_credit
    assert float(updated.get("standard_price") or 0) == 120.0
E   AssertionError: assert 0.0 == 120.0
E    +  where 0.0 = float((None or 0))
E    +    where None = &lt;built-in method get of dict object at 0xf90a0e1954c0&gt;('standard_price')
E    +      where &lt;built-in method get of dict object at 0xf90a0e1954c0&gt; = {'allow_custom_mrp': True, 'base_price': 25.0, 'category': 'Premium', 'cogs_components_values': {'air_water_label_cost': 2.8, 'bird_logo_cost': 2.5, 'cap': 4.0, 'manufacturing_variable_cost': 20.0, ...}, ...}.get</failure></testcase><testcase classname="backend.tests.test_iteration_209_proposal_pdf.TestProposalGenerate" name="test_generate_proposal_returns_metadata" time="0.365" /><testcase classname="backend.tests.test_iteration_209_proposal_pdf.TestProposalGenerate" name="test_download_proposal_pdf_is_valid_two_page" time="0.627" /><testcase classname="backend.tests.test_iteration_209_proposal_pdf.TestProposalGenerate" name="test_pricing_table_reflects_standard_and_landing" time="0.614" /><testcase classname="backend.tests.test_iteration_209_proposal_pdf.TestProposalReview" name="test_request_changes_then_regenerate_marks_revised" time="0.710" /></testsuite></testsuites>