<?xml version="1.0" encoding="utf-8"?><testsuites name="pytest tests"><testsuite name="pytest" errors="0" failures="0" skipped="0" tests="6" time="1.769" timestamp="2026-07-02T16:14:22.081329+00:00" hostname="agent-env-7cf8acf2-8ae8-4ea2-af3d-3d7d7e5e006c"><testcase classname="backend.tests.test_account_logo.TestAccountLogo" name="test_get_account_returns_logo_url" time="0.689" /><testcase classname="backend.tests.test_account_logo.TestAccountLogo" name="test_static_logo_is_served" time="0.202" /><testcase classname="backend.tests.test_account_logo.TestAccountLogo" name="test_upload_png_logo" time="0.320" /><testcase classname="backend.tests.test_account_logo.TestAccountLogo" name="test_upload_jpg_logo" time="0.150" /><testcase classname="backend.tests.test_account_logo.TestAccountLogo" name="test_delete_and_reupload" time="0.199" /><testcase classname="backend.tests.test_account_logo.TestAccountLogo" name="test_404_on_unknown_account" time="0.134" /></testsuite></testsuites>