<?xml version="1.0" encoding="utf-8"?><testsuites name="pytest tests"><testsuite name="pytest" errors="0" failures="0" skipped="0" tests="7" time="0.743" timestamp="2026-06-29T06:13:25.392920+00:00" hostname="agent-env-abf13854-541c-4979-8340-fb7cdf6ec6da"><testcase classname="backend.tests.test_iteration_260_zoho_invoice_percent_discount.TestDeliveryInvoicePercentDiscount" name="test_delivery_invoice_uses_item_level_percent_discount" time="0.002" /><testcase classname="backend.tests.test_iteration_260_zoho_invoice_percent_discount.TestDeliveryInvoicePercentDiscount" name="test_delivery_invoice_handles_fractional_percent" time="0.001" /><testcase classname="backend.tests.test_iteration_260_zoho_invoice_percent_discount.TestDeliveryInvoicePercentDiscount" name="test_delivery_invoice_missing_discount_percent_defaults_to_0pct" time="0.001" /><testcase classname="backend.tests.test_iteration_260_zoho_invoice_percent_discount.TestDeliveryInvoicePercentDiscount" name="test_delivery_debit_note_recovery_line_has_no_discount_field" time="0.001" /><testcase classname="backend.tests.test_iteration_260_zoho_invoice_percent_discount.TestShipmentInvoicePercentDiscount" name="test_shipment_invoice_uses_item_level_percent_discount" time="0.001" /><testcase classname="backend.tests.test_iteration_260_zoho_invoice_percent_discount.TestBackendSmoke" name="test_backend_root_responds" time="0.335" /><testcase classname="backend.tests.test_iteration_260_zoho_invoice_percent_discount.TestBackendSmoke" name="test_zoho_service_imports_cleanly" time="0.001" /></testsuite></testsuites>