<?xml version="1.0" encoding="utf-8"?><testsuites name="pytest tests"><testsuite name="pytest" errors="0" failures="0" skipped="0" tests="22" time="3.135" timestamp="2026-04-29T05:28:33.151186+00:00" hostname="agent-env-cdb63ec0-bedf-44ab-bca0-646c596611b4"><testcase classname="backend.tests.test_iteration_150_production_dashboard_time_filter.TestTimeFilters" name="test_dashboard_returns_all_required_summary_fields[this_week]" time="0.574" /><testcase classname="backend.tests.test_iteration_150_production_dashboard_time_filter.TestTimeFilters" name="test_dashboard_returns_all_required_summary_fields[last_week]" time="0.104" /><testcase classname="backend.tests.test_iteration_150_production_dashboard_time_filter.TestTimeFilters" name="test_dashboard_returns_all_required_summary_fields[this_month]" time="0.111" /><testcase classname="backend.tests.test_iteration_150_production_dashboard_time_filter.TestTimeFilters" name="test_dashboard_returns_all_required_summary_fields[last_month]" time="0.129" /><testcase classname="backend.tests.test_iteration_150_production_dashboard_time_filter.TestTimeFilters" name="test_dashboard_returns_all_required_summary_fields[last_3_months]" time="0.103" /><testcase classname="backend.tests.test_iteration_150_production_dashboard_time_filter.TestTimeFilters" name="test_dashboard_returns_all_required_summary_fields[last_6_months]" time="0.101" /><testcase classname="backend.tests.test_iteration_150_production_dashboard_time_filter.TestTimeFilters" name="test_dashboard_returns_all_required_summary_fields[this_quarter]" time="0.101" /><testcase classname="backend.tests.test_iteration_150_production_dashboard_time_filter.TestTimeFilters" name="test_dashboard_returns_all_required_summary_fields[last_quarter]" time="0.104" /><testcase classname="backend.tests.test_iteration_150_production_dashboard_time_filter.TestTimeFilters" name="test_dashboard_returns_all_required_summary_fields[this_year]" time="0.110" /><testcase classname="backend.tests.test_iteration_150_production_dashboard_time_filter.TestTimeFilters" name="test_dashboard_returns_all_required_summary_fields[last_year]" time="0.105" /><testcase classname="backend.tests.test_iteration_150_production_dashboard_time_filter.TestTimeFilters" name="test_dashboard_returns_all_required_summary_fields[lifetime]" time="0.103" /><testcase classname="backend.tests.test_iteration_150_production_dashboard_time_filter.TestTimeFilters" name="test_lifetime_vs_this_month_differ_or_equal_consistently" time="0.206" /><testcase classname="backend.tests.test_iteration_150_production_dashboard_time_filter.TestTimeFilters" name="test_last_year_returns_zero_or_minimal" time="0.102" /><testcase classname="backend.tests.test_iteration_150_production_dashboard_time_filter.TestRejectionCostAggregation" name="test_lifetime_rejection_breakdown_sorted_desc" time="0.112" /><testcase classname="backend.tests.test_iteration_150_production_dashboard_time_filter.TestRejectionCostAggregation" name="test_total_rejection_cost_equals_sum_by_reason_and_stage" time="0.110" /><testcase classname="backend.tests.test_iteration_150_production_dashboard_time_filter.TestRejectionCostAggregation" name="test_per_sku_rejection_cost_present_and_rounded" time="0.106" /><testcase classname="backend.tests.test_iteration_150_production_dashboard_time_filter.TestRejectionCostAggregation" name="test_lifetime_expected_totals" time="0.152" /><testcase classname="backend.tests.test_iteration_150_production_dashboard_time_filter.TestRejectionReportRegression" name="test_rejection_report_returns_cost" time="0.139" /><testcase classname="backend.tests.test_iteration_150_production_dashboard_time_filter.TestQCRegression" name="test_qc_routes_list" time="0.135" /><testcase classname="backend.tests.test_iteration_150_production_dashboard_time_filter.TestQCRegression" name="test_batches_list" time="0.116" /><testcase classname="backend.tests.test_iteration_150_production_dashboard_time_filter.TestQCRegression" name="test_rejection_cost_mappings_list" time="0.135" /><testcase classname="backend.tests.test_iteration_150_production_dashboard_time_filter.TestQCRegression" name="test_stats" time="0.115" /></testsuite></testsuites>