<?xml version="1.0" encoding="utf-8"?><testsuites name="pytest tests"><testsuite name="pytest" errors="0" failures="1" skipped="0" tests="9" time="1.546" timestamp="2026-05-29T10:13:14.455716+00:00" hostname="agent-env-68717d95-f7ec-47af-a443-216aa45dc6b2"><testcase classname="backend.tests.test_iteration_189_revenue_analytics_extra" name="test_time_filter_enum[this_month]" time="0.486" /><testcase classname="backend.tests.test_iteration_189_revenue_analytics_extra" name="test_time_filter_enum[last_month]" time="0.110" /><testcase classname="backend.tests.test_iteration_189_revenue_analytics_extra" name="test_time_filter_enum[this_quarter]" time="0.109" /><testcase classname="backend.tests.test_iteration_189_revenue_analytics_extra" name="test_time_filter_enum[this_year]" time="0.106" /><testcase classname="backend.tests.test_iteration_189_revenue_analytics_extra" name="test_time_filter_enum[last_year]" time="0.117" /><testcase classname="backend.tests.test_iteration_189_revenue_analytics_extra" name="test_time_filter_enum[all_time]" time="0.100" /><testcase classname="backend.tests.test_iteration_189_revenue_analytics_extra" name="test_reconcile_with_account_performance" time="0.211"><failure message="AssertionError: (66227.5, 0.0)&#10;assert 66227.5 &lt;= 1.0&#10; +  where 66227.5 = abs((66227.5 - 0.0))">backend/tests/test_iteration_189_revenue_analytics_extra.py:93: in test_reconcile_with_account_performance
    assert abs(ra_total - ap_total) &lt;= 1.0, (ra_total, ap_total)
E   AssertionError: (66227.5, 0.0)
E   assert 66227.5 &lt;= 1.0
E    +  where 66227.5 = abs((66227.5 - 0.0))</failure></testcase><testcase classname="backend.tests.test_iteration_189_revenue_analytics_extra" name="test_compare_rows_sorted_desc" time="0.112" /><testcase classname="backend.tests.test_iteration_189_revenue_analytics_extra" name="test_compare_delta_pct_for_zero_base" time="0.118" /></testsuite></testsuites>