<?xml version="1.0" encoding="utf-8"?><testsuites name="pytest tests"><testsuite name="pytest" errors="0" failures="0" skipped="0" tests="4" time="1.713" timestamp="2026-06-30T06:39:45.902958+00:00" hostname="agent-env-623ad403-b8b5-43f2-bcec-fbfdfcd43700"><testcase classname="backend.tests.test_iteration_273_purge_month" name="test_month_purge_isolation_and_boundaries" time="0.010" /><testcase classname="backend.tests.test_iteration_273_purge_month" name="test_month_purge_december_boundary" time="0.004" /><testcase classname="backend.tests.test_iteration_273_purge_month" name="test_month_13_raises_400" time="0.002" /><testcase classname="backend.tests.test_iteration_273_purge_month" name="test_full_purge_no_month_year_clears_everything" time="0.005" /></testsuite></testsuites>