<?xml version="1.0" encoding="utf-8"?><testsuites name="pytest tests"><testsuite name="pytest" errors="0" failures="0" skipped="0" tests="16" time="2.800" timestamp="2026-06-27T09:44:02.527564+00:00" hostname="agent-env-af9db683-4e8a-432c-bcbe-13ec8a4014a3"><testcase classname="backend.tests.test_iteration_246_accounting_enhancements.TestVendorTypes" name="test_get_seeds_17_defaults" time="0.570" /><testcase classname="backend.tests.test_iteration_246_accounting_enhancements.TestVendorTypes" name="test_create_patch_delete_and_duplicate" time="0.427" /><testcase classname="backend.tests.test_iteration_246_accounting_enhancements.TestMasterDefaults" name="test_payment_source_13" time="0.106" /><testcase classname="backend.tests.test_iteration_246_accounting_enhancements.TestMasterDefaults" name="test_project_business_unit_14" time="0.102" /><testcase classname="backend.tests.test_iteration_246_accounting_enhancements.TestMasterDefaults" name="test_cost_center_19" time="0.109" /><testcase classname="backend.tests.test_iteration_246_accounting_enhancements.TestMasterDefaults" name="test_expense_type_authoritative_10" time="0.111" /><testcase classname="backend.tests.test_iteration_246_accounting_enhancements.TestExpenseCategoryTree" name="test_eleven_root_categories_unique" time="0.112" /><testcase classname="backend.tests.test_iteration_246_accounting_enhancements.TestExpenseCategoryTree" name="test_it_software_licenses_has_11" time="0.000" /><testcase classname="backend.tests.test_iteration_246_accounting_enhancements.TestExpenseCategoryTree" name="test_hr_salaries_has_6" time="0.000" /><testcase classname="backend.tests.test_iteration_246_accounting_enhancements.TestExpenseCategoryTree" name="test_production_raw_materials_has_9" time="0.000" /><testcase classname="backend.tests.test_iteration_246_accounting_enhancements.TestExpenseCategoryTree" name="test_admin_repairs_has_4" time="0.000" /><testcase classname="backend.tests.test_iteration_246_accounting_enhancements.TestExpenseCategoryTree" name="test_logistics_extras_l1" time="0.000" /><testcase classname="backend.tests.test_iteration_246_accounting_enhancements.TestExpenseCategoryTree" name="test_travel_extras_l1" time="0.000" /><testcase classname="backend.tests.test_iteration_246_accounting_enhancements.TestMastersSummaryExcludes" name="test_excludes_vendor_employee_city" time="0.163" /><testcase classname="backend.tests.test_iteration_246_accounting_enhancements.TestVendorsCRUD" name="test_create_list_patch_delete_and_duplicate" time="0.514" /><testcase classname="backend.tests.test_iteration_246_accounting_enhancements.TestEmployeesCRUD" name="test_create_list_patch_delete_and_dup_code" time="0.498" /></testsuite></testsuites>