<?xml version="1.0" encoding="utf-8"?><testsuites name="pytest tests"><testsuite name="pytest" errors="0" failures="0" skipped="0" tests="19" time="2.590" timestamp="2026-04-29T07:52:49.521724+00:00" hostname="agent-env-74820ff8-5db2-42b1-917d-0bae16ab1a83"><testcase classname="backend.tests.test_iteration_150_personal_calendar.TestProductionDashboardTimeFilter" name="test_dashboard_with_this_week_filter" time="0.468" /><testcase classname="backend.tests.test_iteration_150_personal_calendar.TestProductionDashboardTimeFilter" name="test_all_time_filter_values_no_error[this_week]" time="0.106" /><testcase classname="backend.tests.test_iteration_150_personal_calendar.TestProductionDashboardTimeFilter" name="test_all_time_filter_values_no_error[last_week]" time="0.099" /><testcase classname="backend.tests.test_iteration_150_personal_calendar.TestProductionDashboardTimeFilter" name="test_all_time_filter_values_no_error[this_month]" time="0.139" /><testcase classname="backend.tests.test_iteration_150_personal_calendar.TestProductionDashboardTimeFilter" name="test_all_time_filter_values_no_error[last_month]" time="0.103" /><testcase classname="backend.tests.test_iteration_150_personal_calendar.TestProductionDashboardTimeFilter" name="test_all_time_filter_values_no_error[this_quarter]" time="0.108" /><testcase classname="backend.tests.test_iteration_150_personal_calendar.TestProductionDashboardTimeFilter" name="test_all_time_filter_values_no_error[last_quarter]" time="0.108" /><testcase classname="backend.tests.test_iteration_150_personal_calendar.TestProductionDashboardTimeFilter" name="test_all_time_filter_values_no_error[last_3_months]" time="0.114" /><testcase classname="backend.tests.test_iteration_150_personal_calendar.TestProductionDashboardTimeFilter" name="test_all_time_filter_values_no_error[last_6_months]" time="0.103" /><testcase classname="backend.tests.test_iteration_150_personal_calendar.TestProductionDashboardTimeFilter" name="test_all_time_filter_values_no_error[this_year]" time="0.118" /><testcase classname="backend.tests.test_iteration_150_personal_calendar.TestProductionDashboardTimeFilter" name="test_all_time_filter_values_no_error[last_year]" time="0.103" /><testcase classname="backend.tests.test_iteration_150_personal_calendar.TestProductionDashboardTimeFilter" name="test_all_time_filter_values_no_error[lifetime]" time="0.113" /><testcase classname="backend.tests.test_iteration_150_personal_calendar.TestGoogleOAuth" name="test_status_configured_true" time="0.098" /><testcase classname="backend.tests.test_iteration_150_personal_calendar.TestGoogleOAuth" name="test_connect_returns_authorization_url" time="0.110" /><testcase classname="backend.tests.test_iteration_150_personal_calendar.TestGoogleOAuth" name="test_disconnect_clears_tokens" time="0.211" /><testcase classname="backend.tests.test_iteration_150_personal_calendar.TestPersonalCalendarEvents" name="test_events_returns_structure" time="0.109" /><testcase classname="backend.tests.test_iteration_150_personal_calendar.TestPersonalCalendarEvents" name="test_events_have_required_fields" time="0.102" /><testcase classname="backend.tests.test_iteration_150_personal_calendar.TestPersonalCalendarEvents" name="test_events_includes_april_data" time="0.101" /><testcase classname="backend.tests.test_iteration_150_personal_calendar.TestPersonalCalendarEvents" name="test_events_invalid_date_handled" time="0.104" /></testsuite></testsuites>