<?xml version="1.0" encoding="utf-8"?><testsuites name="pytest tests"><testsuite name="pytest" errors="0" failures="0" skipped="0" tests="12" time="6.062" timestamp="2026-03-28T08:54:18.957311+00:00" hostname="agent-env-31b7dad0-68cb-4fe9-8dba-5c02530455ac"><testcase classname="backend.tests.test_iteration_77.TestTaskMetricsFiltering" name="test_login_returns_session_token" time="0.843" /><testcase classname="backend.tests.test_iteration_77.TestTaskMetricsFiltering" name="test_tasks_endpoint_accepts_overdue_param" time="0.508" /><testcase classname="backend.tests.test_iteration_77.TestTaskMetricsFiltering" name="test_tasks_endpoint_accepts_status_active_param" time="0.471" /><testcase classname="backend.tests.test_iteration_77.TestTaskMetricsFiltering" name="test_tasks_view_my_tasks_with_status_active" time="0.457" /><testcase classname="backend.tests.test_iteration_77.TestTaskMetricsFiltering" name="test_tasks_view_assigned_by_me_with_status_active" time="0.432" /><testcase classname="backend.tests.test_iteration_77.TestTaskMetricsFiltering" name="test_tasks_view_my_tasks_with_severity_high_and_status_active" time="0.420" /><testcase classname="backend.tests.test_iteration_77.TestTaskMetricsFiltering" name="test_my_dashboard_stats_endpoint" time="0.457" /><testcase classname="backend.tests.test_iteration_77.TestTaskMetricsFiltering" name="test_task_stats_endpoint" time="0.429" /><testcase classname="backend.tests.test_iteration_77.TestTaskMetricsFiltering" name="test_dashboard_stats_match_filtered_task_counts" time="0.695" /><testcase classname="backend.tests.test_iteration_77.TestTaskFilterCombinations" name="test_overdue_excludes_closed_tasks" time="0.428" /><testcase classname="backend.tests.test_iteration_77.TestTaskFilterCombinations" name="test_status_active_excludes_closed" time="0.424" /><testcase classname="backend.tests.test_iteration_77.TestTaskFilterCombinations" name="test_all_tasks_without_filters" time="0.424" /></testsuite></testsuites>