<?xml version="1.0" encoding="utf-8"?><testsuites name="pytest tests"><testsuite name="pytest" errors="0" failures="0" skipped="0" tests="14" time="2.916" timestamp="2026-06-28T10:11:58.768626+00:00" hostname="agent-env-01e2accf-605b-41cd-99a8-6a1d7439bb34"><testcase classname="tests.test_iteration_251_direction_classifier.TestDirectionClassifier" name="test_quirky_case_credit_field_wins_over_vendor_payment_type" time="0.001" /><testcase classname="tests.test_iteration_251_direction_classifier.TestDirectionClassifier" name="test_debit_field_wins_over_customer_payment_type" time="0.000" /><testcase classname="tests.test_iteration_251_direction_classifier.TestDirectionClassifier" name="test_only_customer_payment_type_yields_credit" time="0.000" /><testcase classname="tests.test_iteration_251_direction_classifier.TestDirectionClassifier" name="test_only_expense_type_yields_debit" time="0.000" /><testcase classname="tests.test_iteration_251_direction_classifier.TestDirectionClassifier" name="test_no_signal_positive_amount_credit" time="0.000" /><testcase classname="tests.test_iteration_251_direction_classifier.TestDirectionClassifier" name="test_no_signal_negative_amount_debit" time="0.000" /><testcase classname="tests.test_iteration_251_direction_classifier.TestDirectionClassifier" name="test_uppercase_credit_field" time="0.000" /><testcase classname="tests.test_iteration_251_direction_classifier.TestDirectionClassifier" name="test_empty_txn_defaults_credit_zero_amount" time="0.000" /><testcase classname="tests.test_iteration_251_direction_classifier.TestReclassifyEndpoint" name="test_reclassify_flips_misclassified_and_is_idempotent" time="0.659" /><testcase classname="tests.test_iteration_251_direction_classifier.TestReclassifyEndpoint" name="test_reclassify_requires_auth" time="0.133" /><testcase classname="tests.test_iteration_251_direction_classifier.TestRegression" name="test_list_transactions_still_works" time="0.102" /><testcase classname="tests.test_iteration_251_direction_classifier.TestRegression" name="test_category_summary_still_works" time="0.123" /><testcase classname="tests.test_iteration_251_direction_classifier.TestRegression" name="test_sync_status_unknown_returns_404" time="0.106" /><testcase classname="tests.test_iteration_251_direction_classifier.TestRegression" name="test_sync_responds_fast_without_zoho_creds" time="0.095" /></testsuite></testsuites>