<?xml version="1.0" encoding="utf-8"?><testsuites name="pytest tests"><testsuite name="pytest" errors="0" failures="0" skipped="1" tests="26" time="4.860" timestamp="2026-04-28T14:16:12.812553+00:00" hostname="agent-env-a90364c0-c727-45e9-8686-f44386379a5b"><testcase classname="backend.tests.test_iteration_144.TestExternalInvoices" name="test_create_external_invoice_human_code" time="0.634" /><testcase classname="backend.tests.test_iteration_144.TestExternalInvoices" name="test_create_external_invoice_uuid" time="0.056" /><testcase classname="backend.tests.test_iteration_144.TestExternalInvoices" name="test_duplicate_invoice_returns_400" time="0.111" /><testcase classname="backend.tests.test_iteration_144.TestExternalInvoices" name="test_mismatched_account_id_400" time="0.053" /><testcase classname="backend.tests.test_iteration_144.TestExternalInvoices" name="test_mismatched_tenant_400" time="0.055" /><testcase classname="backend.tests.test_iteration_144.TestExternalInvoices" name="test_account_not_found_404" time="0.055" /><testcase classname="backend.tests.test_iteration_144.TestExternalInvoices" name="test_legacy_payload_regression" time="0.065" /><testcase classname="backend.tests.test_iteration_144.TestExternalInvoices" name="test_put_update_external_invoice" time="1.112" /><testcase classname="backend.tests.test_iteration_144.TestExternalInvoices" name="test_put_invoice_not_found_404" time="0.062" /><testcase classname="backend.tests.test_iteration_144.TestExternalInvoices" name="test_put_non_external_payload_400" time="0.119" /><testcase classname="backend.tests.test_iteration_144.TestExternalInvoices" name="test_put_mismatched_invoice_no_400" time="0.109" /><testcase classname="backend.tests.test_iteration_144.TestMasterSkuExternalId" name="test_get_master_skus_includes_external_sku_id" time="0.057" /><testcase classname="backend.tests.test_iteration_144.TestMasterSkuExternalId" name="test_put_master_sku_external_sku_id" time="0.052" /><testcase classname="backend.tests.test_iteration_144.TestAccountsLeadType" name="test_get_accounts_lead_type_b2b" time="0.060" /><testcase classname="backend.tests.test_iteration_144.TestAccountsLeadType" name="test_get_accounts_lead_type_retail" time="0.055" /><testcase classname="backend.tests.test_iteration_144.TestAccountsLeadType" name="test_put_account_lead_type_and_gop_flag" time="0.212" /><testcase classname="backend.tests.test_iteration_144.TestAccountsLeadType" name="test_sku_pricing_grid_contains_flags" time="0.056" /><testcase classname="backend.tests.test_iteration_144.TestConvertLead" name="test_convert_lead_b2b" time="0.291" /><testcase classname="backend.tests.test_iteration_144.TestConvertLead" name="test_convert_lead_retail" time="0.284" /><testcase classname="backend.tests.test_iteration_144.TestReturnReasons" name="test_get_active_reasons" time="0.056" /><testcase classname="backend.tests.test_iteration_144.TestReturnReasons" name="test_crud_return_reason" time="0.161" /><testcase classname="backend.tests.test_iteration_144.TestDistributorAvailableStock" name="test_available_stock" time="0.056" /><testcase classname="backend.tests.test_iteration_144.TestMasterCogsComponents" name="test_auto_seed_defaults" time="0.054" /><testcase classname="backend.tests.test_iteration_144.TestMasterCogsComponents" name="test_create_custom_component_and_dup_400" time="0.222" /><testcase classname="backend.tests.test_iteration_144.TestMasterCogsComponents" name="test_delete_system_component_blocked" time="0.054"><skipped type="pytest.skip" message="Skipping live delete to avoid removing seeded system component; see action_items: API does not block is_system delete.">/app/backend/tests/test_iteration_144.py:458: Skipping live delete to avoid removing seeded system component; see action_items: API does not block is_system delete.</skipped></testcase><testcase classname="backend.tests.test_iteration_144.TestCogsDataCustomMerge" name="test_put_cogs_data_merges_custom" time="0.696" /></testsuite></testsuites>