<?xml version="1.0" encoding="utf-8"?><testsuites name="pytest tests"><testsuite name="pytest" errors="0" failures="0" skipped="0" tests="5" time="0.722" timestamp="2026-07-07T14:01:02.505013+00:00" hostname="agent-env-8bdab031-47f1-4002-8efd-1d7c8b6a926a"><testcase classname="backend.tests.test_iteration_310_stock_dashboard_carton_doublecount.TestStockDashboardCartonBug" name="test_sparkling_delivered_not_double_counted" time="0.660" /><testcase classname="backend.tests.test_iteration_310_stock_dashboard_carton_doublecount.TestStockDashboardCartonBug" name="test_silver_330_pending_reserved_not_double_counted" time="0.000" /><testcase classname="backend.tests.test_iteration_310_stock_dashboard_carton_doublecount.TestStockDashboardCartonBug" name="test_received_magnitudes_reasonable" time="0.000" /><testcase classname="backend.tests.test_iteration_310_stock_dashboard_carton_doublecount.TestStockDashboardCartonBug" name="test_available_non_negative_and_consistent" time="0.000" /><testcase classname="backend.tests.test_iteration_310_stock_dashboard_carton_doublecount.TestStockDashboardCartonBug" name="test_item_crates_helper_direct" time="0.000" /></testsuite></testsuites>