<?xml version="1.0" encoding="utf-8"?><testsuites name="pytest tests"><testsuite name="pytest" errors="0" failures="0" skipped="0" tests="5" time="2.039" timestamp="2026-06-25T12:59:06.829862+00:00" hostname="agent-env-5a64cff7-10c3-41e4-ac77-0a31baf4d462"><testcase classname="tests.test_iteration_236_return_types" name="test_returned_path_creates_credit_note" time="1.048" /><testcase classname="tests.test_iteration_236_return_types" name="test_missing_path_creates_debit_note" time="0.271" /><testcase classname="tests.test_iteration_236_return_types" name="test_default_return_type_is_returned" time="0.059" /><testcase classname="tests.test_iteration_236_return_types" name="test_invalid_return_type_falls_back_to_returned" time="0.060" /><testcase classname="tests.test_iteration_236_return_types" name="test_cannot_reapprove_and_debit_note_is_idempotent" time="0.548" /></testsuite></testsuites>