<?xml version="1.0" encoding="utf-8"?><testsuites name="pytest tests"><testsuite name="pytest" errors="0" failures="0" skipped="0" tests="8" time="3.053" timestamp="2026-06-30T19:44:56.463968+00:00" hostname="agent-env-acc8a957-1f64-4c0c-b5f8-1e50999bdc96"><testcase classname="tests.test_iteration_276_invoice_void.TestConfirmationGuard" name="test_wrong_confirmation_returns_400" time="0.537" /><testcase classname="tests.test_iteration_276_invoice_void.TestConfirmationGuard" name="test_missing_confirmation_returns_422_or_400" time="0.008" /><testcase classname="tests.test_iteration_276_invoice_void.TestNotFound" name="test_unknown_invoice_id_returns_404" time="0.006" /><testcase classname="tests.test_iteration_276_invoice_void.TestRoleGate" name="test_ceo_not_blocked_by_role_check" time="0.006" /><testcase classname="tests.test_iteration_276_invoice_void.TestRoleGate" name="test_role_gate_string_present_in_source" time="0.000" /><testcase classname="tests.test_iteration_276_invoice_void.TestHappyPath" name="test_happy_path_deletes_invoice_and_decrements_outstanding" time="0.009" /><testcase classname="tests.test_iteration_276_invoice_void.TestZohoFailurePath" name="test_zoho_failure_leaves_local_invoice_intact" time="0.008" /><testcase classname="tests.test_iteration_276_invoice_void.TestNoZohoId" name="test_no_zoho_id_skips_zoho_call" time="0.010" /></testsuite></testsuites>