<?xml version="1.0" encoding="utf-8"?><testsuites name="pytest tests"><testsuite name="pytest" errors="0" failures="0" skipped="0" tests="11" time="1.332" timestamp="2026-06-30T15:51:20.601575+00:00" hostname="agent-env-acc8a957-1f64-4c0c-b5f8-1e50999bdc96"><testcase classname="backend.tests.test_iteration_275_revenue_state_diagnostic.TestRevenueAnalyticsState" name="test_group_by_state_returns_200_and_structure" time="0.665" /><testcase classname="backend.tests.test_iteration_275_revenue_state_diagnostic" name="test_revenue_analytics_other_group_bys[city]" time="0.051" /><testcase classname="backend.tests.test_iteration_275_revenue_state_diagnostic" name="test_revenue_analytics_other_group_bys[territory]" time="0.059" /><testcase classname="backend.tests.test_iteration_275_revenue_state_diagnostic" name="test_revenue_analytics_other_group_bys[business_category]" time="0.050" /><testcase classname="backend.tests.test_iteration_275_revenue_state_diagnostic" name="test_revenue_analytics_other_group_bys[sku]" time="0.052" /><testcase classname="backend.tests.test_iteration_275_revenue_state_diagnostic" name="test_revenue_analytics_other_group_bys[total]" time="0.053" /><testcase classname="backend.tests.test_iteration_275_revenue_state_diagnostic.TestRevenueStateDiagnostic" name="test_diagnostic_returns_required_fields" time="0.056" /><testcase classname="backend.tests.test_iteration_275_revenue_state_diagnostic.TestRevenueStateDiagnostic" name="test_unmatched_accounting_consistent" time="0.067" /><testcase classname="backend.tests.test_iteration_275_revenue_state_diagnostic.TestRevenueStateDiagnostic" name="test_diagnostic_reconciles_with_analytics_state_total" time="0.105" /><testcase classname="backend.tests.test_iteration_275_revenue_state_diagnostic" name="test_revenue_compare_two_months_200" time="0.056" /><testcase classname="backend.tests.test_iteration_275_revenue_state_diagnostic" name="test_revenue_reconciliation_200" time="0.055" /></testsuite></testsuites>