<?xml version="1.0" encoding="utf-8"?><testsuites name="pytest tests"><testsuite name="pytest" errors="0" failures="0" skipped="0" tests="3" time="1.669" timestamp="2026-06-25T08:54:12.266619+00:00" hostname="agent-env-5a64cff7-10c3-41e4-ac77-0a31baf4d462"><testcase classname="backend.tests.test_delivery_date_inline_edit.TestNonDraftDeliveryDateEdit" name="test_edit_delivery_date_on_confirmed_delivery_to_past_date" time="1.150" /><testcase classname="backend.tests.test_delivery_date_inline_edit.TestNonDraftDeliveryDateEdit" name="test_disallowed_field_total_amount_not_corrupted_on_non_draft" time="0.266" /><testcase classname="backend.tests.test_delivery_date_inline_edit.TestNonDraftDeliveryDateEdit" name="test_edit_delivery_date_on_draft_still_works" time="0.185" /></testsuite></testsuites>