<?xml version="1.0" encoding="utf-8"?><testsuites name="pytest tests"><testsuite name="pytest" errors="0" failures="0" skipped="0" tests="3" time="0.650" timestamp="2026-06-26T11:11:29.631378+00:00" hostname="agent-env-8bf87d37-a75e-45a6-a4a6-2f3c5f5bf892"><testcase classname="backend.tests.test_iteration_242_promo_unit_label" name="test_promo_deliveries_has_unit_label" time="0.542" /><testcase classname="backend.tests.test_iteration_242_promo_unit_label" name="test_unit_label_derivation_logic" time="0.000" /><testcase classname="backend.tests.test_iteration_242_promo_unit_label" name="test_seeded_challans_present" time="0.051" /></testsuite></testsuites>