<?xml version="1.0" encoding="utf-8"?><testsuites name="pytest tests"><testsuite name="pytest" errors="0" failures="0" skipped="0" tests="6" time="1.209" timestamp="2026-06-29T20:44:18.692937+00:00" hostname="agent-env-623ad403-b8b5-43f2-bcec-fbfdfcd43700"><testcase classname="tests.test_iteration_268_promo_packaging_fallback.TestZohoPackClause" name="test_pack_clause_crate12" time="0.298" /><testcase classname="tests.test_iteration_268_promo_packaging_fallback.TestZohoPackClause" name="test_pack_clause_crate24" time="0.000" /><testcase classname="tests.test_iteration_268_promo_packaging_fallback.TestZohoPackClause" name="test_pack_clause_single_unit_returns_empty" time="0.000" /><testcase classname="tests.test_iteration_268_promo_packaging_fallback.TestZohoPackClause" name="test_pluralize_uom" time="0.000" /><testcase classname="tests.test_iteration_268_promo_packaging_fallback.TestSkuPackagingFallback" name="test_nyla_silver_has_crate12_in_stock_out" time="0.643" /><testcase classname="tests.test_iteration_268_promo_packaging_fallback.TestPromoDispatchNormalization" name="test_create_draft_normalizes_to_bottles" time="0.199" /></testsuite></testsuites>