<?xml version="1.0" encoding="utf-8"?><testsuites name="pytest tests"><testsuite name="pytest" errors="0" failures="0" skipped="0" tests="8" time="1.492" timestamp="2026-06-28T07:26:02.587605+00:00" hostname="agent-env-01e2accf-605b-41cd-99a8-6a1d7439bb34"><testcase classname="backend.tests.test_iteration_248_accounting_sync_background" name="test_login_works" time="0.424" /><testcase classname="backend.tests.test_iteration_248_accounting_sync_background" name="test_sync_responds_under_5_seconds" time="0.101" /><testcase classname="backend.tests.test_iteration_248_accounting_sync_background" name="test_sync_responds_fast_without_date_params" time="0.138" /><testcase classname="backend.tests.test_iteration_248_accounting_sync_background" name="test_sync_status_unknown_job_returns_404" time="0.104" /><testcase classname="backend.tests.test_iteration_248_accounting_sync_background" name="test_list_transactions_still_works" time="0.111" /><testcase classname="backend.tests.test_iteration_248_accounting_sync_background" name="test_category_summary_still_works" time="0.112" /><testcase classname="backend.tests.test_iteration_248_accounting_sync_background" name="test_patch_tags_still_works" time="0.286" /><testcase classname="backend.tests.test_iteration_248_accounting_sync_background" name="test_bank_accounts_endpoint" time="0.151" /></testsuite></testsuites>