<?xml version="1.0" encoding="utf-8"?><testsuites name="pytest tests"><testsuite name="pytest" errors="0" failures="0" skipped="0" tests="7" time="1.178" timestamp="2026-05-27T03:34:41.324736+00:00" hostname="agent-env-d6dd8683-72e8-4aa4-bb0f-d892cd1cf6f5"><testcase classname="tests.test_iteration_177_batch_tracking_and_fleet.TestBatchesAvailable" name="test_returns_batches_for_tracked_source" time="0.431" /><testcase classname="tests.test_iteration_177_batch_tracking_and_fleet.TestBatchesAvailable" name="test_returns_empty_for_non_tracked_source" time="0.057" /><testcase classname="tests.test_iteration_177_batch_tracking_and_fleet.TestEligibleSources" name="test_track_batches_and_is_factory_on_rows" time="0.060" /><testcase classname="tests.test_iteration_177_batch_tracking_and_fleet.TestCreateTransferBatchValidation" name="test_400_when_batch_missing" time="0.058" /><testcase classname="tests.test_iteration_177_batch_tracking_and_fleet.TestCreateTransferBatchValidation" name="test_400_insufficient_batch_stock" time="0.057" /><testcase classname="tests.test_iteration_177_batch_tracking_and_fleet.TestFleetInclusiveCity" name="test_vehicles_includes_no_city_records" time="0.395" /><testcase classname="tests.test_iteration_177_batch_tracking_and_fleet.TestFleetInclusiveCity" name="test_drivers_includes_no_city_records" time="0.056" /></testsuite></testsuites>