<?xml version="1.0" encoding="utf-8"?><testsuites name="pytest tests"><testsuite name="pytest" errors="0" failures="0" skipped="0" tests="8" time="4.051" timestamp="2026-06-27T08:42:27.457929+00:00" hostname="agent-env-af9db683-4e8a-432c-bcbe-13ec8a4014a3"><testcase classname="backend.tests.test_shipment_reverse_cancel.TestReverseShipment" name="test_reverse_delivered_restores_source_and_decrements_dest" time="1.156" /><testcase classname="backend.tests.test_shipment_reverse_cancel.TestReverseShipment" name="test_reverse_confirmed_restores_source_only" time="0.497" /><testcase classname="backend.tests.test_shipment_reverse_cancel.TestReverseShipment" name="test_reverse_non_draft_without_acknowledge_returns_400" time="0.482" /><testcase classname="backend.tests.test_shipment_reverse_cancel.TestReverseShipment" name="test_reverse_draft_allowed_with_no_acknowledge_and_no_stock_change" time="0.484" /><testcase classname="backend.tests.test_shipment_reverse_cancel.TestReverseShipment" name="test_double_reverse_returns_400" time="0.367" /><testcase classname="backend.tests.test_shipment_reverse_cancel.TestCancelShipment" name="test_cancel_confirmed_restores_source" time="0.472" /><testcase classname="backend.tests.test_shipment_reverse_cancel.TestCancelShipment" name="test_cancel_draft_does_not_touch_stock" time="0.359" /><testcase classname="backend.tests.test_shipment_reverse_cancel.TestCancelShipment" name="test_reverse_after_cancel_returns_400" time="0.172" /></testsuite></testsuites>