<?xml version="1.0" encoding="utf-8"?><testsuites name="pytest tests"><testsuite name="pytest" errors="0" failures="2" skipped="0" tests="3" time="1.127" timestamp="2026-06-25T18:01:34.832303+00:00" hostname="agent-env-8bf87d37-a75e-45a6-a4a6-2f3c5f5bf892"><testcase classname="backend.tests.test_iteration_239_debit_notes_delivery" name="test_get_debit_notes_for_account_lists_pending" time="0.880" /><testcase classname="backend.tests.test_iteration_239_debit_notes_delivery" name="test_delivery_with_debit_note_charges_customer" time="0.116"><failure message="AssertionError: {&quot;detail&quot;:&quot;Warehouse 'Bangalore Warehouse' tracks batches — please pick a production batch for: 20d525e8-c4af-4f40-965a-549dcd50c0a9&quot;}&#10;assert 400 in (200, 201)&#10; +  where 400 = &lt;Response [400]&gt;.status_code">backend/tests/test_iteration_239_debit_notes_delivery.py:159: in test_delivery_with_debit_note_charges_customer
    assert r.status_code in (200, 201), r.text
E   AssertionError: {"detail":"Warehouse 'Bangalore Warehouse' tracks batches — please pick a production batch for: 20d525e8-c4af-4f40-965a-549dcd50c0a9"}
E   assert 400 in (200, 201)
E    +  where 400 = &lt;Response [400]&gt;.status_code</failure></testcase><testcase classname="backend.tests.test_iteration_239_debit_notes_delivery" name="test_debit_note_status_after_apply" time="0.056"><failure message="AssertionError: Fully-applied DN still appears in for-account list: ['DN-2026-0001', 'DN-2026-0002', 'DN-2026-0003', 'DN-2026-0004', 'DN-2026-0005']&#10;assert 'DN-2026-0005' not in ['DN-2026-0001', 'DN-2026-0002', 'DN-2026-0003', 'DN-2026-0004', 'DN-2026-0005']">backend/tests/test_iteration_239_debit_notes_delivery.py:184: in test_debit_note_status_after_apply
    assert dn["debit_note_number"] not in nums, \
E   AssertionError: Fully-applied DN still appears in for-account list: ['DN-2026-0001', 'DN-2026-0002', 'DN-2026-0003', 'DN-2026-0004', 'DN-2026-0005']
E   assert 'DN-2026-0005' not in ['DN-2026-0001', 'DN-2026-0002', 'DN-2026-0003', 'DN-2026-0004', 'DN-2026-0005']</failure></testcase></testsuite></testsuites>