<?xml version="1.0" encoding="utf-8"?><testsuites name="pytest tests"><testsuite name="pytest" errors="0" failures="0" skipped="0" tests="7" time="8.371" timestamp="2026-05-26T06:15:33.897453+00:00" hostname="agent-env-46571fe5-38e0-41a8-8ea6-d9c0b8744a2a"><testcase classname="tests.test_factory_stock_transfer.TestEligibleEndpoints" name="test_eligible_sources_returns_factory_and_distributor" time="0.521" /><testcase classname="tests.test_factory_stock_transfer.TestEligibleEndpoints" name="test_eligible_targets_exposes_is_factory" time="0.144" /><testcase classname="tests.test_factory_stock_transfer.TestLocationStock" name="test_location_stock_for_factory" time="0.223" /><testcase classname="tests.test_factory_stock_transfer.TestLocationStock" name="test_location_stock_for_distributor" time="0.256" /><testcase classname="tests.test_factory_stock_transfer.TestLocationStock" name="test_location_stock_unknown_location_404" time="0.127" /><testcase classname="tests.test_factory_stock_transfer.TestWarehouseStockOverview" name="test_overview_shape_and_totals" time="6.285" /><testcase classname="tests.test_factory_stock_transfer.TestFactoryToDistributorTransfer" name="test_post_factory_to_distributor" time="0.678" /></testsuite></testsuites>