<?xml version="1.0" encoding="utf-8"?><testsuites name="pytest tests"><testsuite name="pytest" errors="0" failures="0" skipped="0" tests="7" time="1.917" timestamp="2026-05-05T00:46:47.978912+00:00" hostname="agent-env-abef9124-2b71-4444-94a0-e8939e31cc7e"><testcase classname="backend.tests.test_performance_next_month_leads" name="test_generate_returns_pipeline_block" time="0.698" /><testcase classname="backend.tests.test_performance_next_month_leads" name="test_next_month_leads_list_item_shape" time="0.140" /><testcase classname="backend.tests.test_performance_next_month_leads" name="test_next_month_leads_count_matches_list" time="0.187" /><testcase classname="backend.tests.test_performance_next_month_leads" name="test_next_month_pipeline_value_matches_sum" time="0.138" /><testcase classname="backend.tests.test_performance_next_month_leads" name="test_no_mongo_id_leak" time="0.141" /><testcase classname="backend.tests.test_performance_next_month_leads" name="test_save_revenue_overrides_persist" time="0.272" /><testcase classname="backend.tests.test_performance_next_month_leads" name="test_clear_revenue_overrides" time="0.277" /></testsuite></testsuites>