<?xml version="1.0" encoding="utf-8"?><testsuites name="pytest tests"><testsuite name="pytest" errors="0" failures="0" skipped="0" tests="6" time="1.622" timestamp="2026-06-29T15:28:45.843248+00:00" hostname="agent-env-abf13854-541c-4979-8340-fb7cdf6ec6da"><testcase classname="tests.test_iteration_264_promo_challan_packaging_breakdown" name="test_promo_challan_name_includes_packaging_breakdown" time="0.303" /><testcase classname="tests.test_iteration_264_promo_challan_packaging_breakdown" name="test_promo_challan_name_singleton_pack_uses_plain_bottles" time="0.003" /><testcase classname="tests.test_iteration_264_promo_challan_packaging_breakdown" name="test_promo_challan_name_falls_back_when_packaging_type_missing" time="0.002" /><testcase classname="tests.test_iteration_264_promo_challan_packaging_breakdown" name="test_promo_challan_packages_derived_when_not_supplied" time="0.002" /><testcase classname="tests.test_iteration_264_promo_challan_packaging_breakdown" name="test_push_promo_dispatch_to_zoho_forwards_packaging_fields" time="1.247" /><testcase classname="tests.test_iteration_264_promo_challan_packaging_breakdown" name="test_push_promo_dispatch_to_zoho_falls_back_to_units_per_package" time="0.001" /></testsuite></testsuites>