<?xml version="1.0" encoding="utf-8"?><testsuites name="pytest tests"><testsuite name="pytest" errors="0" failures="0" skipped="0" tests="3" time="1.725" timestamp="2026-06-25T04:33:06.144656+00:00" hostname="agent-env-5a64cff7-10c3-41e4-ac77-0a31baf4d462"><testcase classname="backend.tests.test_complete_delivery_date_preservation.TestStockOutCompleteDatePreservation" name="test_complete_without_delivery_date_preserves_delivery_date" time="1.017" /><testcase classname="backend.tests.test_complete_delivery_date_preservation.TestStockOutCompleteDatePreservation" name="test_complete_with_explicit_delivery_date_overrides" time="0.319" /><testcase classname="backend.tests.test_complete_delivery_date_preservation.TestPromoCompleteDatePreservation" name="test_promo_complete_preserves_delivery_date" time="0.323" /></testsuite></testsuites>