<?xml version="1.0" encoding="utf-8"?><testsuites name="pytest tests"><testsuite name="pytest" errors="0" failures="0" skipped="1" tests="11" time="2.899" timestamp="2026-05-09T15:32:38.485663+00:00" hostname="agent-env-5500ee2f-c997-4128-aa8d-85c20fee3413"><testcase classname="backend.tests.test_settlement_enrichment.TestSettlementEnrichment" name="test_get_settlement_returns_enriched_fields" time="0.630" /><testcase classname="backend.tests.test_settlement_enrichment.TestSettlementEnrichment" name="test_settlement_per_delivery_matches_delivery_endpoint" time="0.269" /><testcase classname="backend.tests.test_settlement_enrichment.TestSettlementEnrichment" name="test_settlements_list_regression" time="0.115" /><testcase classname="backend.tests.test_settlement_enrichment.TestDistributorPortal" name="test_distributor_login_returns_distributor_id" time="0.338" /><testcase classname="backend.tests.test_settlement_enrichment.TestDistributorPortal" name="test_portal_home_payload" time="0.134" /><testcase classname="backend.tests.test_settlement_enrichment.TestDistributorPortal" name="test_portal_user_can_read_own_deliveries" time="0.125" /><testcase classname="backend.tests.test_settlement_enrichment.TestDistributorPortal" name="test_portal_user_blocked_from_other_distributor" time="0.137" /><testcase classname="backend.tests.test_settlement_enrichment.TestDistributorContacts" name="test_list_contacts" time="0.106" /><testcase classname="backend.tests.test_settlement_enrichment.TestDistributorContacts" name="test_create_update_delete_contact" time="0.484" /><testcase classname="backend.tests.test_settlement_enrichment.TestAccountBulkDeleteInvoices" name="test_get_account_known_id" time="0.240" /><testcase classname="backend.tests.test_settlement_enrichment.TestExternalInvoicesWebhook" name="test_webhook_overwrites_outstanding" time="0.239"><skipped type="pytest.skip" message="external invoice POST got 500 Internal Server Error">/app/backend/tests/test_settlement_enrichment.py:248: external invoice POST got 500 Internal Server Error</skipped></testcase></testsuite></testsuites>