<?xml version="1.0" encoding="utf-8"?><testsuites name="pytest tests"><testsuite name="pytest" errors="0" failures="0" skipped="0" tests="11" time="3.110" timestamp="2026-06-29T05:51:22.638763+00:00" hostname="agent-env-abf13854-541c-4979-8340-fb7cdf6ec6da"><testcase classname="backend.tests.test_iteration_259_zoho_fallback_and_diagnostics.TestStrategyParam" name="test_strategy_endpoint_uses_dedicated_path" time="0.001" /><testcase classname="backend.tests.test_iteration_259_zoho_fallback_and_diagnostics.TestStrategyParam" name="test_strategy_status_uses_register_path_with_status_param" time="0.001" /><testcase classname="backend.tests.test_iteration_259_zoho_fallback_and_diagnostics.TestStrategyParam" name="test_default_strategy_is_endpoint" time="0.000" /><testcase classname="backend.tests.test_iteration_259_zoho_fallback_and_diagnostics" name="test_run_sync_falls_back_to_status_when_endpoint_returns_zero" time="0.011" /><testcase classname="backend.tests.test_iteration_259_zoho_fallback_and_diagnostics" name="test_run_sync_warnings_when_both_strategies_raise" time="0.004" /><testcase classname="backend.tests.test_iteration_259_zoho_fallback_and_diagnostics.TestDiagnosticsEndpoint" name="test_diagnostics_admin_returns_400_when_not_connected" time="0.574" /><testcase classname="backend.tests.test_iteration_259_zoho_fallback_and_diagnostics.TestDiagnosticsEndpoint" name="test_diagnostics_unauthenticated_rejected" time="0.112" /><testcase classname="backend.tests.test_iteration_259_zoho_fallback_and_diagnostics.TestRegression" name="test_sync_400_when_zoho_not_connected" time="0.168" /><testcase classname="backend.tests.test_iteration_259_zoho_fallback_and_diagnostics.TestRegression" name="test_list_2xx" time="0.113" /><testcase classname="backend.tests.test_iteration_259_zoho_fallback_and_diagnostics.TestRegression" name="test_flow_summary_2xx" time="0.112" /><testcase classname="backend.tests.test_iteration_259_zoho_fallback_and_diagnostics.TestRegression" name="test_export_csv_2xx" time="0.121" /></testsuite></testsuites>