<?xml version="1.0" encoding="utf-8"?><testsuites name="pytest tests"><testsuite name="pytest" errors="0" failures="0" skipped="0" tests="4" time="0.915" timestamp="2026-04-29T04:44:24.197222+00:00" hostname="agent-env-a90364c0-c727-45e9-8686-f44386379a5b"><testcase classname="backend.tests.test_iteration_149_batch_detail_rejection_cost.TestMasterSkusCogs" name="test_master_skus_returns_cogs_values" time="0.525" /><testcase classname="backend.tests.test_iteration_149_batch_detail_rejection_cost.TestRejectionCostMappingsScoped" name="test_mappings_scoped_to_sku" time="0.054" /><testcase classname="backend.tests.test_iteration_149_batch_detail_rejection_cost.TestRejectionReportCost" name="test_report_has_cost_columns" time="0.066" /><testcase classname="backend.tests.test_iteration_149_batch_detail_rejection_cost.TestBatchWithRejections" name="test_find_batch_with_rejections" time="0.216" /></testsuite></testsuites>