<?xml version="1.0" encoding="utf-8"?><testsuites name="pytest tests"><testsuite name="pytest" errors="0" failures="0" skipped="0" tests="5" time="2.372" timestamp="2026-06-24T07:22:17.915089+00:00" hostname="agent-env-addb861c-5cfc-42b6-a18b-71d3118e62f6"><testcase classname="tests.test_delivery_qr_address.TestPromoChallanPdf" name="test_challan_pdf_returns_pdf_with_qr" time="0.592" /><testcase classname="tests.test_delivery_qr_address.TestChallanAddressMissingGuard" name="test_challan_pdf_with_no_address_still_builds" time="0.145" /><testcase classname="tests.test_delivery_qr_address.TestScheduleBundleDriverSheet" name="test_existing_schedule_enrich_and_pdf" time="1.508" /><testcase classname="tests.test_delivery_qr_address.TestPromoRecipientAddressResolution" name="test_promo_recipient_address_resolves_in_bundle" time="0.028" /><testcase classname="tests.test_delivery_qr_address.TestRegularAccountDeliveryRegression" name="test_account_delivery_resolves_and_pdf_builds" time="0.028" /></testsuite></testsuites>