<?xml version="1.0" encoding="utf-8"?><testsuites name="pytest tests"><testsuite name="pytest" errors="0" failures="0" skipped="0" tests="5" time="1.182" timestamp="2026-06-28T16:12:47.874667+00:00" hostname="agent-env-abf13854-541c-4979-8340-fb7cdf6ec6da"><testcase classname="backend.tests.test_iteration_255_income_category" name="test_masters_group_income_excludes_revenue_stream" time="0.733" /><testcase classname="backend.tests.test_iteration_255_income_category" name="test_income_category_tree_roots_and_levels" time="0.056" /><testcase classname="backend.tests.test_iteration_255_income_category" name="test_revenue_stream_returns_404" time="0.051" /><testcase classname="backend.tests.test_iteration_255_income_category" name="test_create_income_subcategory_under_root" time="0.218" /><testcase classname="backend.tests.test_iteration_255_income_category" name="test_transactions_export_csv_header_uses_income_category" time="0.067" /></testsuite></testsuites>