<?xml version="1.0" encoding="utf-8"?><testsuites name="pytest tests"><testsuite name="pytest" errors="0" failures="0" skipped="0" tests="10" time="3.624" timestamp="2026-06-21T09:35:13.162637+00:00" hostname="agent-env-04155005-e72d-4e9b-a81e-6389b1b090be"><testcase classname="backend.tests.test_iteration_215_lead_proposals" name="test_get_lead_proposal" time="0.512" /><testcase classname="backend.tests.test_iteration_215_lead_proposals" name="test_get_customization" time="0.056" /><testcase classname="backend.tests.test_iteration_215_lead_proposals" name="test_preview_pdf" time="0.366" /><testcase classname="backend.tests.test_iteration_215_lead_proposals" name="test_put_then_delete_customization" time="0.149" /><testcase classname="backend.tests.test_iteration_215_lead_proposals" name="test_generate_proposal" time="0.356" /><testcase classname="backend.tests.test_iteration_215_lead_proposals" name="test_share_email_rejects_non_approved" time="0.049" /><testcase classname="backend.tests.test_iteration_215_lead_proposals" name="test_preview_with_modern_font[poppins-Poppins]" time="0.525" /><testcase classname="backend.tests.test_iteration_215_lead_proposals" name="test_preview_with_modern_font[montserrat-Montserrat]" time="0.520" /><testcase classname="backend.tests.test_iteration_215_lead_proposals" name="test_preview_with_modern_font[lato-Lato]" time="0.508" /><testcase classname="backend.tests.test_iteration_215_lead_proposals" name="test_preview_with_modern_font[robotoslab-RobotoSlab]" time="0.515" /></testsuite></testsuites>