<?xml version="1.0" encoding="utf-8"?><testsuites name="pytest tests"><testsuite name="pytest" errors="0" failures="0" skipped="0" tests="5" time="0.943" timestamp="2026-06-29T19:33:33.496099+00:00" hostname="agent-env-623ad403-b8b5-43f2-bcec-fbfdfcd43700"><testcase classname="backend.tests.test_iteration_266_sku_base_uom_packaging.TestGetMasterSkusBaseUomAndMaster" name="test_all_skus_have_base_uom_bottle" time="0.451" /><testcase classname="backend.tests.test_iteration_266_sku_base_uom_packaging.TestGetMasterSkusBaseUomAndMaster" name="test_all_skus_have_packaging_master" time="0.000" /><testcase classname="backend.tests.test_iteration_266_sku_base_uom_packaging.TestGetMasterSkusBaseUomAndMaster" name="test_nyla_600ml_silver_master_contents" time="0.000" /><testcase classname="backend.tests.test_iteration_266_sku_base_uom_packaging.TestPutMasterSkuPersistsPackagingConfig" name="test_update_and_roundtrip" time="0.222" /><testcase classname="backend.tests.test_iteration_266_sku_base_uom_packaging.TestCreateAndDeleteMasterSku" name="test_create_then_delete" time="0.203" /></testsuite></testsuites>