<?xml version="1.0" encoding="utf-8"?><testsuites name="pytest tests"><testsuite name="pytest" errors="0" failures="0" skipped="1" tests="6" time="1.428" timestamp="2026-07-05T18:21:11.504090+00:00" hostname="agent-env-b6edaf34-a4fe-4ee3-b0db-c85aa1dcd4c5"><testcase classname="backend.tests.test_print_request_create_from_branding.TestCreatePrintRequestFromBranding" name="test_success_persists_all_fields" time="1.031" /><testcase classname="backend.tests.test_print_request_create_from_branding.TestCreatePrintRequestFromBranding" name="test_reject_non_final_approved_state" time="0.127" /><testcase classname="backend.tests.test_print_request_create_from_branding.TestCreatePrintRequestFromBranding" name="test_reject_zero_or_negative_qty" time="0.101" /><testcase classname="backend.tests.test_print_request_create_from_branding.TestCreatePrintRequestFromBranding" name="test_reject_invalid_due_date" time="0.049" /><testcase classname="backend.tests.test_print_request_create_from_branding.TestCreatePrintRequestFromBranding" name="test_lead_bottle_designs_returns_current_volume" time="0.000"><skipped type="pytest.skip" message="Final approved MR has no lead_id">/app/backend/tests/test_print_request_create_from_branding.py:227: Final approved MR has no lead_id</skipped></testcase><testcase classname="backend.tests.test_print_request_create_from_branding.TestCreatePrintRequestFromBranding" name="test_cleanup" time="0.052" /></testsuite></testsuites>