<?xml version="1.0" encoding="utf-8"?><testsuites name="pytest tests"><testsuite name="pytest" errors="0" failures="0" skipped="0" tests="12" time="1.894" timestamp="2026-06-28T08:35:52.466774+00:00" hostname="agent-env-01e2accf-605b-41cd-99a8-6a1d7439bb34"><testcase classname="tests.test_iteration_250_zoho_banking_scope.TestOAuthInitiateScopes" name="test_initiate_returns_authorize_url_with_banking_scope" time="0.597" /><testcase classname="tests.test_iteration_250_zoho_banking_scope.TestOAuthInitiateScopes" name="test_initiate_preserves_pre_existing_scopes" time="0.127" /><testcase classname="tests.test_iteration_250_zoho_banking_scope.TestOAuthInitiateScopes" name="test_initiate_requires_auth" time="0.126" /><testcase classname="tests.test_iteration_250_zoho_banking_scope.TestZohoServiceUnit" name="test_build_authorize_url_contains_banking_scope" time="0.279" /><testcase classname="tests.test_iteration_250_zoho_banking_scope.TestZohoServiceUnit" name="test_build_authorize_url_preserves_all_expected_scopes" time="0.000" /><testcase classname="tests.test_iteration_250_zoho_banking_scope.TestZohoServiceUnit" name="test_build_authorize_url_query_shape" time="0.000" /><testcase classname="tests.test_iteration_250_zoho_banking_scope.TestRegressionExistingZohoEndpoints" name="test_zoho_config_status" time="0.135" /><testcase classname="tests.test_iteration_250_zoho_banking_scope.TestRegressionExistingZohoEndpoints" name="test_zoho_connection_status" time="0.095" /><testcase classname="tests.test_iteration_250_zoho_banking_scope.TestRegressionAccountingTransactionsSync" name="test_list_endpoint_reachable" time="0.139" /><testcase classname="tests.test_iteration_250_zoho_banking_scope.TestRegressionAccountingTransactionsSync" name="test_category_summary_reachable" time="0.136" /><testcase classname="tests.test_iteration_250_zoho_banking_scope.TestRegressionAccountingTransactionsSync" name="test_sync_status_404_for_unknown_job" time="0.094" /><testcase classname="tests.test_iteration_250_zoho_banking_scope.TestRegressionAccountingTransactionsSync" name="test_sync_kickoff_preflight" time="0.097" /></testsuite></testsuites>