<?xml version="1.0" encoding="utf-8"?><testsuites name="pytest tests"><testsuite name="pytest" errors="0" failures="0" skipped="0" tests="16" time="1.639" timestamp="2026-04-28T23:50:49.226705+00:00" hostname="agent-env-a90364c0-c727-45e9-8686-f44386379a5b"><testcase classname="backend.tests.test_iteration_147_rejection_cost.TestConfig" name="test_config_has_components" time="0.613" /><testcase classname="backend.tests.test_iteration_147_rejection_cost.TestConfig" name="test_config_has_stages" time="0.000" /><testcase classname="backend.tests.test_iteration_147_rejection_cost.TestConfig" name="test_config_has_reasons" time="0.000" /><testcase classname="backend.tests.test_iteration_147_rejection_cost.TestConfig" name="test_config_has_mappings_field" time="0.000" /><testcase classname="backend.tests.test_iteration_147_rejection_cost.TestMappings" name="test_upsert_creates_then_updates" time="0.159" /><testcase classname="backend.tests.test_iteration_147_rejection_cost.TestMappings" name="test_upsert_filters_unknown_components" time="0.055" /><testcase classname="backend.tests.test_iteration_147_rejection_cost.TestMappings" name="test_upsert_404_for_unknown_reason" time="0.087" /><testcase classname="backend.tests.test_iteration_147_rejection_cost.TestMappings" name="test_list_mappings" time="0.048" /><testcase classname="backend.tests.test_iteration_147_rejection_cost.TestMappings" name="test_delete_unknown_returns_404" time="0.052" /><testcase classname="backend.tests.test_iteration_147_rejection_cost.TestMappings" name="test_create_and_delete_roundtrip" time="0.155" /><testcase classname="backend.tests.test_iteration_147_rejection_cost.TestCalculate" name="test_calculate_pet_black_particles_qty10" time="0.108" /><testcase classname="backend.tests.test_iteration_147_rejection_cost.TestCalculate" name="test_calculate_no_mapping_returns_zero" time="0.055" /><testcase classname="backend.tests.test_iteration_147_rejection_cost.TestCalculate" name="test_calculate_by_reason_name_fallback" time="0.053" /><testcase classname="backend.tests.test_iteration_147_rejection_cost.TestRejectionReport" name="test_report_has_cost_fields" time="0.070" /><testcase classname="backend.tests.test_iteration_147_rejection_cost.TestRegression" name="test_old_rules_endpoint_removed" time="0.049" /><testcase classname="backend.tests.test_iteration_147_rejection_cost.TestRegression" name="test_old_rules_post_removed" time="0.048" /></testsuite></testsuites>