<?xml version="1.0" encoding="utf-8"?><testsuites name="pytest tests"><testsuite name="pytest" errors="0" failures="0" skipped="0" tests="7" time="3.626" timestamp="2026-06-20T15:56:37.672699+00:00" hostname="agent-env-3fd68863-1dcb-49e5-ae81-421da65ffa38"><testcase classname="backend.tests.test_iteration_211_proposal_header_footer.TestGetTemplateShape" name="test_get_returns_header_footer_and_spacing" time="0.714" /><testcase classname="backend.tests.test_iteration_211_proposal_header_footer.TestPutHeaderFooterRoundTrip" name="test_put_then_get_reflects_header_footer_and_spacing" time="0.145" /><testcase classname="backend.tests.test_iteration_211_proposal_header_footer.TestPutHeaderFooterRoundTrip" name="test_colors_preserved_alongside_header_footer" time="0.173" /><testcase classname="backend.tests.test_iteration_211_proposal_header_footer.TestPdfGenerationTotalPath" name="test_preview_with_total_in_footer_returns_pdf" time="0.721" /><testcase classname="backend.tests.test_iteration_211_proposal_header_footer.TestPdfGenerationTotalPath" name="test_generate_with_total_in_footer_returns_proposal" time="0.562" /><testcase classname="backend.tests.test_iteration_211_proposal_header_footer.TestPdfGenerationHeaderFooterDisabled" name="test_preview_with_both_disabled_returns_pdf" time="0.617" /><testcase classname="backend.tests.test_iteration_211_proposal_header_footer.TestPdfGenerationHeaderFooterDisabled" name="test_generate_with_both_disabled_returns_pdf" time="0.612" /></testsuite></testsuites>