<?xml version="1.0" encoding="utf-8"?><testsuites name="pytest tests"><testsuite name="pytest" errors="0" failures="0" skipped="1" tests="3" time="2.623" timestamp="2026-06-30T11:14:33.547093+00:00" hostname="agent-env-623ad403-b8b5-43f2-bcec-fbfdfcd43700"><testcase classname="backend.tests.test_iteration_274_contract_reupload.TestContractReuploadAfterApproval" name="test_full_cycle_upload_approve_reupload" time="1.357" /><testcase classname="backend.tests.test_iteration_274_contract_reupload.TestContractReuploadAfterApproval" name="test_approval_task_created_for_reporting_manager" time="0.136"><skipped type="pytest.skip" message="Test user has no reports_to manager; cannot verify approval task creation">/app/backend/tests/test_iteration_274_contract_reupload.py:150: Test user has no reports_to manager; cannot verify approval task creation</skipped></testcase><testcase classname="backend.tests.test_iteration_274_contract_reupload.TestContractReuploadAfterChangesRequested" name="test_changes_requested_becomes_revised" time="1.066" /></testsuite></testsuites>