<?xml version="1.0" encoding="utf-8"?><testsuites name="pytest tests"><testsuite name="pytest" errors="0" failures="0" skipped="0" tests="6" time="3.853" timestamp="2026-06-27T08:42:17.187384+00:00" hostname="agent-env-af9db683-4e8a-432c-bcbe-13ec8a4014a3"><testcase classname="backend.tests.test_shipment_zoho_push.TestZohoConfirmWiring" name="test_confirm_succeeds_when_zoho_not_connected" time="2.888" /><testcase classname="backend.tests.test_shipment_zoho_push.TestZohoRetryEndpoint" name="test_retry_on_confirmed_returns_400_zoho_skipped" time="0.289" /><testcase classname="backend.tests.test_shipment_zoho_push.TestZohoRetryEndpoint" name="test_retry_on_draft_returns_400" time="0.143" /><testcase classname="backend.tests.test_shipment_zoho_push.TestZohoRetryEndpoint" name="test_retry_on_cancelled_returns_400" time="0.144" /><testcase classname="backend.tests.test_shipment_zoho_push.TestZohoRetryEndpoint" name="test_retry_on_reversed_returns_400" time="0.286" /><testcase classname="backend.tests.test_shipment_zoho_push.TestZohoRetryEndpoint" name="test_retry_on_nonexistent_returns_404" time="0.047" /></testsuite></testsuites>