<?xml version="1.0" encoding="utf-8"?><testsuites name="pytest tests"><testsuite name="pytest" errors="0" failures="0" skipped="0" tests="3" time="1.527" timestamp="2026-06-29T21:20:18.886006+00:00" hostname="agent-env-623ad403-b8b5-43f2-bcec-fbfdfcd43700"><testcase classname="backend.tests.test_iteration_269_promo_safety_net.TestSafetyNetResolver" name="test_units_resolved_from_stock_out_when_omitted" time="0.787" /><testcase classname="backend.tests.test_iteration_269_promo_safety_net.TestSafetyNetResolver" name="test_negative_no_match_stays_qty_one" time="0.162" /><testcase classname="backend.tests.test_iteration_269_promo_safety_net.TestDOAutoPromo" name="test_do_place_order_creates_promo_with_normalized_crate" time="0.510" /></testsuite></testsuites>