<?xml version="1.0" encoding="utf-8"?><testsuites name="pytest tests"><testsuite name="pytest" errors="0" failures="0" skipped="0" tests="8" time="1.135" timestamp="2026-05-26T04:37:21.538195+00:00" hostname="agent-env-46571fe5-38e0-41a8-8ea6-d9c0b8744a2a"><testcase classname="tests.test_stock_transfer_auto_rate.TestResolveRate" name="test_resolve_rate_ok" time="0.656" /><testcase classname="tests.test_stock_transfer_auto_rate.TestResolveRate" name="test_resolve_rate_case_insensitive_city" time="0.053" /><testcase classname="tests.test_stock_transfer_auto_rate.TestResolveRate" name="test_resolve_rate_missing_commercial" time="0.052" /><testcase classname="tests.test_stock_transfer_auto_rate.TestCreateTransferAutoRate" name="test_create_uses_auto_rate_ignores_client_rate" time="0.113" /><testcase classname="tests.test_stock_transfer_auto_rate.TestCreateTransferAutoRate" name="test_create_blocks_when_no_commercial" time="0.050" /><testcase classname="tests.test_stock_transfer_auto_rate.TestRegression" name="test_list_transfers" time="0.055" /><testcase classname="tests.test_stock_transfer_auto_rate.TestRegression" name="test_eligible_sources" time="0.051" /><testcase classname="tests.test_stock_transfer_auto_rate.TestRegression" name="test_eligible_targets" time="0.049" /></testsuite></testsuites>