<?xml version="1.0" encoding="utf-8"?><testsuites name="pytest tests"><testsuite name="pytest" errors="0" failures="0" skipped="0" tests="8" time="3.831" timestamp="2026-06-27T06:58:03.286475+00:00" hostname="agent-env-af9db683-4e8a-432c-bcbe-13ec8a4014a3"><testcase classname="backend.tests.test_shipment_reverse_cancel.TestReverseShipment" name="test_reverse_delivered_restores_source_and_decrements_dest" time="1.114" /><testcase classname="backend.tests.test_shipment_reverse_cancel.TestReverseShipment" name="test_reverse_confirmed_restores_source_only" time="0.460" /><testcase classname="backend.tests.test_shipment_reverse_cancel.TestReverseShipment" name="test_reverse_non_draft_without_acknowledge_returns_400" time="0.460" /><testcase classname="backend.tests.test_shipment_reverse_cancel.TestReverseShipment" name="test_reverse_draft_allowed_with_no_acknowledge_and_no_stock_change" time="0.413" /><testcase classname="backend.tests.test_shipment_reverse_cancel.TestReverseShipment" name="test_double_reverse_returns_400" time="0.371" /><testcase classname="backend.tests.test_shipment_reverse_cancel.TestCancelShipment" name="test_cancel_confirmed_restores_source" time="0.458" /><testcase classname="backend.tests.test_shipment_reverse_cancel.TestCancelShipment" name="test_cancel_draft_does_not_touch_stock" time="0.324" /><testcase classname="backend.tests.test_shipment_reverse_cancel.TestCancelShipment" name="test_reverse_after_cancel_returns_400" time="0.143" /></testsuite></testsuites>