<?xml version="1.0" encoding="utf-8"?><testsuites name="pytest tests"><testsuite name="pytest" errors="0" failures="0" skipped="0" tests="14" time="2.302" timestamp="2026-06-28T08:12:18.201566+00:00" hostname="agent-env-01e2accf-605b-41cd-99a8-6a1d7439bb34"><testcase classname="backend.tests.test_iteration_249_zoho_scope_error" name="test_login_works" time="0.466" /><testcase classname="backend.tests.test_iteration_249_zoho_scope_error" name="test_sync_returns_400_fast_when_zoho_not_connected" time="0.140" /><testcase classname="backend.tests.test_iteration_249_zoho_scope_error" name="test_sync_status_unknown_job_returns_404" time="0.153" /><testcase classname="backend.tests.test_iteration_249_zoho_scope_error" name="test_sync_status_returns_friendly_scope_error" time="0.158" /><testcase classname="backend.tests.test_iteration_249_zoho_scope_error" name="test_sync_status_other_error_kind" time="0.132" /><testcase classname="backend.tests.test_iteration_249_zoho_scope_error" name="test_sync_status_tenant_isolation" time="0.102" /><testcase classname="backend.tests.test_iteration_249_zoho_scope_error" name="test_list_transactions" time="0.114" /><testcase classname="backend.tests.test_iteration_249_zoho_scope_error" name="test_category_summary" time="0.131" /><testcase classname="backend.tests.test_iteration_249_zoho_scope_error" name="test_bank_accounts" time="0.109" /><testcase classname="backend.tests.test_iteration_249_zoho_scope_error" name="test_export_csv" time="0.108" /><testcase classname="backend.tests.test_iteration_249_zoho_scope_error" name="test_patch_tags_still_works" time="0.239" /><testcase classname="backend.tests.test_iteration_249_zoho_scope_error" name="test_masters_list" time="0.101" /><testcase classname="backend.tests.test_iteration_249_zoho_scope_error" name="test_vendors_list" time="0.099" /><testcase classname="backend.tests.test_iteration_249_zoho_scope_error" name="test_employees_list" time="0.107" /></testsuite></testsuites>