<?xml version="1.0" encoding="utf-8"?><testsuites name="pytest tests"><testsuite name="pytest" errors="0" failures="0" skipped="0" tests="66" time="9.083" timestamp="2026-06-28T10:30:58.723413+00:00" hostname="agent-env-01e2accf-605b-41cd-99a8-6a1d7439bb34"><testcase classname="tests.test_iteration_252_classifier_revert_and_diagnostic.TestDirectionClassifierReverted" name="test_customer_payment_with_debit_field_returns_credit" time="0.000" /><testcase classname="tests.test_iteration_252_classifier_revert_and_diagnostic.TestDirectionClassifierReverted" name="test_vendor_payment_with_credit_field_returns_debit" time="0.000" /><testcase classname="tests.test_iteration_252_classifier_revert_and_diagnostic.TestDirectionClassifierReverted" name="test_deposit_type_only_returns_credit" time="0.000" /><testcase classname="tests.test_iteration_252_classifier_revert_and_diagnostic.TestDirectionClassifierReverted" name="test_expense_type_only_returns_debit" time="0.000" /><testcase classname="tests.test_iteration_252_classifier_revert_and_diagnostic.TestDirectionClassifierReverted" name="test_unknown_type_falls_back_to_credit_field_credit" time="0.000" /><testcase classname="tests.test_iteration_252_classifier_revert_and_diagnostic.TestDirectionClassifierReverted" name="test_unknown_type_falls_back_to_credit_field_debit" time="0.000" /><testcase classname="tests.test_iteration_252_classifier_revert_and_diagnostic.TestDirectionClassifierReverted" name="test_no_signals_positive_amount_credit" time="0.000" /><testcase classname="tests.test_iteration_252_classifier_revert_and_diagnostic.TestDirectionClassifierReverted" name="test_no_signals_negative_amount_debit" time="0.000" /><testcase classname="tests.test_iteration_252_classifier_revert_and_diagnostic.TestDiagnosticEndpoint" name="test_diagnostic_by_id_returns_expected_shape" time="0.594" /><testcase classname="tests.test_iteration_252_classifier_revert_and_diagnostic.TestDiagnosticEndpoint" name="test_diagnostic_by_txn_code_returns_expected_shape" time="0.108" /><testcase classname="tests.test_iteration_252_classifier_revert_and_diagnostic.TestDiagnosticEndpoint" name="test_diagnostic_unknown_id_returns_404" time="0.171" /><testcase classname="tests.test_iteration_252_classifier_revert_and_diagnostic.TestDiagnosticEndpoint" name="test_diagnostic_requires_auth" time="0.132" /><testcase classname="tests.test_iteration_252_classifier_revert_and_diagnostic.TestRegression" name="test_reclassify_direction_still_returns_expected_shape" time="0.236" /><testcase classname="tests.test_iteration_252_classifier_revert_and_diagnostic.TestRegression" name="test_list_transactions" time="0.132" /><testcase classname="tests.test_iteration_252_classifier_revert_and_diagnostic.TestRegression" name="test_flow_summary" time="0.097" /><testcase classname="tests.test_iteration_252_classifier_revert_and_diagnostic.TestRegression" name="test_category_summary" time="0.103" /><testcase classname="tests.test_iteration_252_classifier_revert_and_diagnostic.TestRegression" name="test_sync_status_unknown_returns_404" time="0.099" /><testcase classname="tests.test_iteration_252_classifier_revert_and_diagnostic.TestRegression" name="test_sync_responds_fast" time="0.138" /><testcase classname="tests.test_iteration_251_direction_classifier.TestDirectionClassifier" name="test_transaction_type_wins_over_credit_field_for_vendor_payment" time="0.000" /><testcase classname="tests.test_iteration_251_direction_classifier.TestDirectionClassifier" name="test_transaction_type_wins_over_debit_field_for_customer_payment" time="0.000" /><testcase classname="tests.test_iteration_251_direction_classifier.TestDirectionClassifier" name="test_only_customer_payment_type_yields_credit" time="0.000" /><testcase classname="tests.test_iteration_251_direction_classifier.TestDirectionClassifier" name="test_only_expense_type_yields_debit" time="0.000" /><testcase classname="tests.test_iteration_251_direction_classifier.TestDirectionClassifier" name="test_no_signal_positive_amount_credit" time="0.000" /><testcase classname="tests.test_iteration_251_direction_classifier.TestDirectionClassifier" name="test_no_signal_negative_amount_debit" time="0.000" /><testcase classname="tests.test_iteration_251_direction_classifier.TestDirectionClassifier" name="test_uppercase_credit_field" time="0.000" /><testcase classname="tests.test_iteration_251_direction_classifier.TestDirectionClassifier" name="test_empty_txn_defaults_credit_zero_amount" time="0.000" /><testcase classname="tests.test_iteration_251_direction_classifier.TestReclassifyEndpoint" name="test_reclassify_flips_misclassified_and_is_idempotent" time="0.628" /><testcase classname="tests.test_iteration_251_direction_classifier.TestReclassifyEndpoint" name="test_reclassify_requires_auth" time="0.104" /><testcase classname="tests.test_iteration_251_direction_classifier.TestRegression" name="test_list_transactions_still_works" time="0.102" /><testcase classname="tests.test_iteration_251_direction_classifier.TestRegression" name="test_category_summary_still_works" time="0.109" /><testcase classname="tests.test_iteration_251_direction_classifier.TestRegression" name="test_sync_status_unknown_returns_404" time="0.108" /><testcase classname="tests.test_iteration_251_direction_classifier.TestRegression" name="test_sync_responds_fast_without_zoho_creds" time="0.096" /><testcase classname="tests.test_iteration_250_zoho_banking_scope.TestOAuthInitiateScopes" name="test_initiate_returns_authorize_url_with_banking_scope" time="0.425" /><testcase classname="tests.test_iteration_250_zoho_banking_scope.TestOAuthInitiateScopes" name="test_initiate_preserves_pre_existing_scopes" time="0.106" /><testcase classname="tests.test_iteration_250_zoho_banking_scope.TestOAuthInitiateScopes" name="test_initiate_requires_auth" time="0.096" /><testcase classname="tests.test_iteration_250_zoho_banking_scope.TestZohoServiceUnit" name="test_build_authorize_url_contains_banking_scope" time="0.000" /><testcase classname="tests.test_iteration_250_zoho_banking_scope.TestZohoServiceUnit" name="test_build_authorize_url_preserves_all_expected_scopes" time="0.000" /><testcase classname="tests.test_iteration_250_zoho_banking_scope.TestZohoServiceUnit" name="test_build_authorize_url_query_shape" time="0.000" /><testcase classname="tests.test_iteration_250_zoho_banking_scope.TestRegressionExistingZohoEndpoints" name="test_zoho_config_status" time="0.134" /><testcase classname="tests.test_iteration_250_zoho_banking_scope.TestRegressionExistingZohoEndpoints" name="test_zoho_connection_status" time="0.110" /><testcase classname="tests.test_iteration_250_zoho_banking_scope.TestRegressionAccountingTransactionsSync" name="test_list_endpoint_reachable" time="0.126" /><testcase classname="tests.test_iteration_250_zoho_banking_scope.TestRegressionAccountingTransactionsSync" name="test_category_summary_reachable" time="0.104" /><testcase classname="tests.test_iteration_250_zoho_banking_scope.TestRegressionAccountingTransactionsSync" name="test_sync_status_404_for_unknown_job" time="0.101" /><testcase classname="tests.test_iteration_250_zoho_banking_scope.TestRegressionAccountingTransactionsSync" name="test_sync_kickoff_preflight" time="0.107" /><testcase classname="tests.test_iteration_249_zoho_scope_error" name="test_login_works" time="0.321" /><testcase classname="tests.test_iteration_249_zoho_scope_error" name="test_sync_returns_400_fast_when_zoho_not_connected" time="0.102" /><testcase classname="tests.test_iteration_249_zoho_scope_error" name="test_sync_status_unknown_job_returns_404" time="0.101" /><testcase classname="tests.test_iteration_249_zoho_scope_error" name="test_sync_status_returns_friendly_scope_error" time="0.105" /><testcase classname="tests.test_iteration_249_zoho_scope_error" name="test_sync_status_other_error_kind" time="0.111" /><testcase classname="tests.test_iteration_249_zoho_scope_error" name="test_sync_status_tenant_isolation" time="0.125" /><testcase classname="tests.test_iteration_249_zoho_scope_error" name="test_list_transactions" time="0.097" /><testcase classname="tests.test_iteration_249_zoho_scope_error" name="test_category_summary" time="0.115" /><testcase classname="tests.test_iteration_249_zoho_scope_error" name="test_bank_accounts" time="0.110" /><testcase classname="tests.test_iteration_249_zoho_scope_error" name="test_export_csv" time="0.102" /><testcase classname="tests.test_iteration_249_zoho_scope_error" name="test_patch_tags_still_works" time="0.212" /><testcase classname="tests.test_iteration_249_zoho_scope_error" name="test_masters_list" time="0.103" /><testcase classname="tests.test_iteration_249_zoho_scope_error" name="test_vendors_list" time="0.106" /><testcase classname="tests.test_iteration_249_zoho_scope_error" name="test_employees_list" time="0.100" /><testcase classname="tests.test_iteration_248_accounting_sync_background" name="test_login_works" time="0.322" /><testcase classname="tests.test_iteration_248_accounting_sync_background" name="test_sync_responds_under_5_seconds" time="0.094" /><testcase classname="tests.test_iteration_248_accounting_sync_background" name="test_sync_responds_fast_without_date_params" time="0.103" /><testcase classname="tests.test_iteration_248_accounting_sync_background" name="test_sync_status_unknown_job_returns_404" time="0.113" /><testcase classname="tests.test_iteration_248_accounting_sync_background" name="test_list_transactions_still_works" time="0.116" /><testcase classname="tests.test_iteration_248_accounting_sync_background" name="test_category_summary_still_works" time="0.099" /><testcase classname="tests.test_iteration_248_accounting_sync_background" name="test_patch_tags_still_works" time="0.215" /><testcase classname="tests.test_iteration_248_accounting_sync_background" name="test_bank_accounts_endpoint" time="0.104" /></testsuite></testsuites>