<?xml version="1.0" encoding="utf-8"?><testsuites name="pytest tests"><testsuite name="pytest" errors="0" failures="0" skipped="0" tests="10" time="2.541" timestamp="2026-06-29T04:37:17.020465+00:00" hostname="agent-env-abf13854-541c-4979-8340-fb7cdf6ec6da"><testcase classname="backend.tests.test_iteration_258_zoho_uncategorized_bank_lines.TestZohoServiceUncategorizedParams" name="test_fetch_uncategorized_sends_account_id_page_per_page" time="0.001" /><testcase classname="backend.tests.test_iteration_258_zoho_uncategorized_bank_lines.TestZohoServiceUncategorizedParams" name="test_fetch_uncategorized_omits_dates_when_none" time="0.000" /><testcase classname="backend.tests.test_iteration_258_zoho_uncategorized_bank_lines.TestZohoServiceUncategorizedParams" name="test_fetch_bank_accounts_hits_bankaccounts_endpoint" time="0.000" /><testcase classname="backend.tests.test_iteration_258_zoho_uncategorized_bank_lines" name="test_run_sync_pulls_register_and_uncategorized_and_filters_date_and_account_type" time="0.061" /><testcase classname="backend.tests.test_iteration_258_zoho_uncategorized_bank_lines" name="test_run_sync_defensive_when_fetch_bank_accounts_raises" time="0.004" /><testcase classname="backend.tests.test_iteration_258_zoho_uncategorized_bank_lines" name="test_run_sync_defensive_when_uncategorized_raises_for_one_account" time="0.004" /><testcase classname="backend.tests.test_iteration_258_zoho_uncategorized_bank_lines.TestRegression" name="test_sync_400_when_zoho_not_connected" time="0.485" /><testcase classname="backend.tests.test_iteration_258_zoho_uncategorized_bank_lines.TestRegression" name="test_list_2xx" time="0.143" /><testcase classname="backend.tests.test_iteration_258_zoho_uncategorized_bank_lines.TestRegression" name="test_flow_summary_2xx" time="0.112" /><testcase classname="backend.tests.test_iteration_258_zoho_uncategorized_bank_lines.TestRegression" name="test_export_csv_2xx" time="0.103" /></testsuite></testsuites>