<?xml version="1.0" encoding="utf-8"?><testsuites name="pytest tests"><testsuite name="pytest" errors="0" failures="0" skipped="0" tests="11" time="4.407" timestamp="2026-06-27T18:50:13.675143+00:00" hostname="agent-env-af9db683-4e8a-432c-bcbe-13ec8a4014a3"><testcase classname="tests.test_iteration_247_accounting_transactions.TestList" name="test_list_includes_test_rows_and_summary_shape" time="0.456" /><testcase classname="tests.test_iteration_247_accounting_transactions.TestList" name="test_filter_direction_debit" time="0.114" /><testcase classname="tests.test_iteration_247_accounting_transactions.TestList" name="test_filter_direction_credit" time="0.108" /><testcase classname="tests.test_iteration_247_accounting_transactions.TestList" name="test_filter_search_acme" time="0.100" /><testcase classname="tests.test_iteration_247_accounting_transactions.TestList" name="test_filter_status_untagged_includes_seeds_initially" time="0.101" /><testcase classname="tests.test_iteration_247_accounting_transactions.TestSync" name="test_sync_returns_400_when_zoho_not_connected" time="0.107" /><testcase classname="tests.test_iteration_247_accounting_transactions.TestTagging" name="test_patch_tags_sets_status_tagged_and_persists" time="0.885" /><testcase classname="tests.test_iteration_247_accounting_transactions.TestApplyAccount" name="test_apply_then_unapply_credit_adjusts_outstanding" time="0.767" /><testcase classname="tests.test_iteration_247_accounting_transactions.TestApplyAccount" name="test_apply_account_on_debit_returns_400" time="0.213" /><testcase classname="tests.test_iteration_247_accounting_transactions.TestProofs" name="test_upload_download_delete_proof" time="1.245" /><testcase classname="tests.test_iteration_247_accounting_transactions.TestDedupIndex" name="test_unique_index_exists_and_duplicate_rejected" time="0.250" /></testsuite></testsuites>