<?xml version="1.0" encoding="utf-8"?><testsuites name="pytest tests"><testsuite name="pytest" errors="0" failures="0" skipped="0" tests="12" time="2.802" timestamp="2026-06-28T17:51:57.676908+00:00" hostname="agent-env-abf13854-541c-4979-8340-fb7cdf6ec6da"><testcase classname="tests.test_iteration_257_zoho_status_param_and_date_window.TestFetchBankTransactionsParams" name="test_default_sends_status_All_and_no_filter_by" time="0.001" /><testcase classname="tests.test_iteration_257_zoho_status_param_and_date_window.TestFetchBankTransactionsParams" name="test_status_kwarg_can_be_overridden" time="0.000" /><testcase classname="tests.test_iteration_257_zoho_status_param_and_date_window.TestDateInRange" name="test_in_range_inclusive_boundaries" time="0.000" /><testcase classname="tests.test_iteration_257_zoho_status_param_and_date_window.TestDateInRange" name="test_before_start_rejected" time="0.000" /><testcase classname="tests.test_iteration_257_zoho_status_param_and_date_window.TestDateInRange" name="test_after_end_rejected" time="0.000" /><testcase classname="tests.test_iteration_257_zoho_status_param_and_date_window.TestDateInRange" name="test_empty_or_missing_date_rejected" time="0.000" /><testcase classname="tests.test_iteration_257_zoho_status_param_and_date_window.TestDateInRange" name="test_only_start_only_end" time="0.000" /><testcase classname="tests.test_iteration_257_zoho_status_param_and_date_window" name="test_run_sync_drops_out_of_range_rows" time="0.020" /><testcase classname="tests.test_iteration_257_zoho_status_param_and_date_window.TestBackendRegression" name="test_sync_returns_400_when_zoho_not_connected" time="0.658" /><testcase classname="tests.test_iteration_257_zoho_status_param_and_date_window.TestBackendRegression" name="test_list_transactions_2xx" time="0.153" /><testcase classname="tests.test_iteration_257_zoho_status_param_and_date_window.TestBackendRegression" name="test_flow_summary_2xx" time="0.145" /><testcase classname="tests.test_iteration_257_zoho_status_param_and_date_window.TestBackendRegression" name="test_export_csv_2xx" time="0.140" /></testsuite></testsuites>