<?xml version="1.0" encoding="utf-8"?><testsuites name="pytest tests"><testsuite name="pytest" errors="0" failures="0" skipped="0" tests="17" time="1.323" timestamp="2026-04-29T06:26:43.106026+00:00" hostname="agent-env-cdb63ec0-bedf-44ab-bca0-646c596611b4"><testcase classname="backend.tests.test_iteration_152_rejection_report_pagination.TestRejectionReportShape" name="test_top_level_keys_present" time="0.503" /><testcase classname="backend.tests.test_iteration_152_rejection_report_pagination.TestRejectionReportShape" name="test_total_cost_is_number" time="0.000" /><testcase classname="backend.tests.test_iteration_152_rejection_report_pagination.TestRejectionReportShape" name="test_unmapped_count_is_int" time="0.000" /><testcase classname="backend.tests.test_iteration_152_rejection_report_pagination.TestRejectionReportShape" name="test_by_reason_shape_and_sorted_desc_by_cost" time="0.000" /><testcase classname="backend.tests.test_iteration_152_rejection_report_pagination.TestRejectionReportShape" name="test_by_stage_shape_and_sorted_desc_by_cost" time="0.000" /><testcase classname="backend.tests.test_iteration_152_rejection_report_pagination.TestRejectionReportShape" name="test_by_resource_now_includes_cost" time="0.000" /><testcase classname="backend.tests.test_iteration_152_rejection_report_pagination.TestRejectionReportShape" name="test_by_date_now_includes_cost" time="0.000" /><testcase classname="backend.tests.test_iteration_152_rejection_report_pagination.TestRejectionReportShape" name="test_top_skus_max_5_and_sorted" time="0.000" /><testcase classname="backend.tests.test_iteration_152_rejection_report_pagination.TestRejectionReportShape" name="test_per_row_cost_and_missing_mapping" time="0.000" /><testcase classname="backend.tests.test_iteration_152_rejection_report_pagination.TestRejectionReportShape" name="test_total_cost_equals_sum_of_row_costs" time="0.000" /><testcase classname="backend.tests.test_iteration_152_rejection_report_pagination.TestRejectionReportShape" name="test_unmapped_count_equals_missing_mapping_rows" time="0.000" /><testcase classname="backend.tests.test_iteration_152_rejection_report_pagination.TestQueryParams" name="test_month_year_filter" time="0.142" /><testcase classname="backend.tests.test_iteration_152_rejection_report_pagination.TestQueryParams" name="test_stage_type_filter" time="0.119" /><testcase classname="backend.tests.test_iteration_152_rejection_report_pagination.TestQueryParams" name="test_rejection_reason_filter" time="0.133" /><testcase classname="backend.tests.test_iteration_152_rejection_report_pagination.TestQueryParams" name="test_invalid_batch_id_returns_empty" time="0.134" /><testcase classname="backend.tests.test_iteration_152_rejection_report_pagination.TestRegression" name="test_rejection_cost_mappings_endpoint" time="0.111" /><testcase classname="backend.tests.test_iteration_152_rejection_report_pagination.TestRegression" name="test_production_dashboard_total_rejection_cost" time="0.107" /></testsuite></testsuites>