<?xml version="1.0" encoding="utf-8"?><testsuites name="pytest tests"><testsuite name="pytest" errors="0" failures="0" skipped="0" tests="10" time="28.557" timestamp="2026-03-28T08:28:45.702389+00:00" hostname="agent-env-31b7dad0-68cb-4fe9-8dba-5c02530455ac"><testcase classname="backend.tests.test_iteration_76.TestIteration76" name="test_roles_endpoint_returns_task_management_category" time="2.718" /><testcase classname="backend.tests.test_iteration_76.TestIteration76" name="test_travel_request_creates_approval_task_in_tasks_v2" time="2.636" /><testcase classname="backend.tests.test_iteration_76.TestIteration76" name="test_travel_request_draft_does_not_create_task" time="2.946" /><testcase classname="backend.tests.test_iteration_76.TestIteration76" name="test_budget_request_creates_approval_task_in_tasks_v2" time="2.761" /><testcase classname="backend.tests.test_iteration_76.TestIteration76" name="test_budget_request_draft_does_not_create_task" time="2.799" /><testcase classname="backend.tests.test_iteration_76.TestIteration76" name="test_task_management_tasks_endpoint" time="2.831" /><testcase classname="backend.tests.test_iteration_76.TestIteration76" name="test_task_management_stats_endpoint" time="2.646" /><testcase classname="backend.tests.test_iteration_76.TestIteration76" name="test_my_dashboard_stats_endpoint" time="2.681" /><testcase classname="backend.tests.test_iteration_76.TestIteration76" name="test_dashboard_endpoint" time="3.323" /><testcase classname="backend.tests.test_iteration_76.TestIteration76" name="test_login_returns_session_token" time="3.139" /></testsuite></testsuites>