<?xml version="1.0" encoding="utf-8"?><testsuites name="pytest tests"><testsuite name="pytest" errors="0" failures="0" skipped="0" tests="7" time="3.478" timestamp="2026-06-29T22:01:29.448743+00:00" hostname="agent-env-623ad403-b8b5-43f2-bcec-fbfdfcd43700"><testcase classname="tests.test_iteration_270_promo_zoho_push_normalized.TestPackClauseHelper" name="test_crate_12_one_pack" time="0.000" /><testcase classname="tests.test_iteration_270_promo_zoho_push_normalized.TestPackClauseHelper" name="test_crate_12_two_packs" time="0.000" /><testcase classname="tests.test_iteration_270_promo_zoho_push_normalized.TestPackClauseHelper" name="test_loose_units_empty" time="0.000" /><testcase classname="tests.test_iteration_270_promo_zoho_push_normalized.TestPackClauseHelper" name="test_zero_packages_empty" time="0.000" /><testcase classname="tests.test_iteration_270_promo_zoho_push_normalized.TestConfirmedPromoPushUsesNormalizedItems" name="test_confirmed_create_pushes_bottles_not_crates" time="0.773" /><testcase classname="tests.test_iteration_270_promo_zoho_push_normalized.TestConfirmedPromoPushUsesNormalizedItems" name="test_confirmed_create_safety_net_resolves_upp_from_sku_config" time="0.156" /><testcase classname="tests.test_iteration_270_promo_zoho_push_normalized.TestDraftPathUnchanged" name="test_draft_does_not_push_and_stores_normalized" time="0.120" /></testsuite></testsuites>