<?xml version="1.0" encoding="utf-8"?><testsuites name="pytest tests"><testsuite name="pytest" errors="0" failures="0" skipped="0" tests="10" time="2.391" timestamp="2026-06-20T04:58:24.431015+00:00" hostname="agent-env-3fd68863-1dcb-49e5-ae81-421da65ffa38"><testcase classname="backend.tests.test_iteration_210_proposal_customization.TestGetCustomization" name="test_get_with_no_override" time="0.576" /><testcase classname="backend.tests.test_iteration_210_proposal_customization.TestGetCustomization" name="test_get_lead_not_found" time="0.046" /><testcase classname="backend.tests.test_iteration_210_proposal_customization.TestSaveOverride" name="test_put_then_get_returns_override" time="0.133" /><testcase classname="backend.tests.test_iteration_210_proposal_customization.TestPreview" name="test_preview_with_inline_override_returns_pdf" time="0.086" /><testcase classname="backend.tests.test_iteration_210_proposal_customization.TestPreview" name="test_preview_without_body_falls_back" time="0.439" /><testcase classname="backend.tests.test_iteration_210_proposal_customization.TestPreview" name="test_preview_with_empty_json_body" time="0.325" /><testcase classname="backend.tests.test_iteration_210_proposal_customization.TestGenerateUsesOverride" name="test_generate_reflects_override" time="0.216" /><testcase classname="backend.tests.test_iteration_210_proposal_customization.TestGlobalTemplateIsolation" name="test_global_template_unchanged_after_per_lead_put" time="0.197" /><testcase classname="backend.tests.test_iteration_210_proposal_customization.TestResetOverride" name="test_delete_clears_override" time="0.169" /><testcase classname="backend.tests.test_iteration_210_proposal_customization.TestResetOverride" name="test_delete_lead_not_found" time="0.126" /></testsuite></testsuites>