<?xml version="1.0" encoding="utf-8"?><testsuites name="pytest tests"><testsuite name="pytest" errors="0" failures="0" skipped="0" tests="10" time="1.104" timestamp="2026-04-29T06:43:42.829987+00:00" hostname="agent-env-cdb63ec0-bedf-44ab-bca0-646c596611b4"><testcase classname="backend.tests.test_iteration_153_rbac_modules.TestModuleStructure" name="test_returns_12_categories" time="0.600" /><testcase classname="backend.tests.test_iteration_153_rbac_modules.TestModuleStructure" name="test_category_counts_exact" time="0.000" /><testcase classname="backend.tests.test_iteration_153_rbac_modules.TestModuleStructure" name="test_total_71_keys" time="0.000" /><testcase classname="backend.tests.test_iteration_153_rbac_modules.TestModuleStructure" name="test_no_orphans_labels_match_categories" time="0.000" /><testcase classname="backend.tests.test_iteration_153_rbac_modules.TestModuleStructure" name="test_newly_added_keys_present" time="0.000" /><testcase classname="backend.tests.test_iteration_153_rbac_modules.TestBackfill" name="test_admin_role_full_access_on_new_keys" time="0.000" /><testcase classname="backend.tests.test_iteration_153_rbac_modules.TestBackfill" name="test_non_admin_role_default_on_new_keys" time="0.000" /><testcase classname="backend.tests.test_iteration_153_rbac_modules.TestBackfill" name="test_all_roles_have_all_71_keys" time="0.000" /><testcase classname="backend.tests.test_iteration_153_rbac_modules.TestUpdatePersistence" name="test_update_persists_new_module_key_toggle" time="0.349" /><testcase classname="backend.tests.test_iteration_153_rbac_modules.TestAuthMeRegression" name="test_auth_me_still_returns_user" time="0.102" /></testsuite></testsuites>