<?xml version="1.0" encoding="utf-8"?><testsuites name="pytest tests"><testsuite name="pytest" errors="0" failures="0" skipped="0" tests="8" time="0.995" timestamp="2026-06-24T04:49:29.806137+00:00" hostname="agent-env-addb861c-5cfc-42b6-a18b-71d3118e62f6"><testcase classname="backend.tests.test_delivery_order_fulfillment_mirror.TestDeliveryOrderFulfillmentMirror" name="test_a_health_and_target_rows_exist" time="0.008" /><testcase classname="backend.tests.test_delivery_order_fulfillment_mirror.TestDeliveryOrderFulfillmentMirror" name="test_b_list_mirrors_confirmed_when_stored_is_draft" time="0.519" /><testcase classname="backend.tests.test_delivery_order_fulfillment_mirror.TestDeliveryOrderFulfillmentMirror" name="test_c_persisted_after_list_call" time="0.064" /><testcase classname="backend.tests.test_delivery_order_fulfillment_mirror.TestDeliveryOrderFulfillmentMirror" name="test_d_list_updates_live_when_promo_changes_to_delivery_assigned" time="0.066" /><testcase classname="backend.tests.test_delivery_order_fulfillment_mirror.TestDeliveryOrderFulfillmentMirror" name="test_e_list_updates_live_when_promo_changes_to_on_the_way" time="0.062" /><testcase classname="backend.tests.test_delivery_order_fulfillment_mirror.TestDeliveryOrderFulfillmentMirror" name="test_f_dos_without_promo_unaffected" time="0.062" /><testcase classname="backend.tests.test_delivery_order_fulfillment_mirror.TestDeliveryOrderFulfillmentMirror" name="test_g_list_with_lead_account_filter_also_mirrors" time="0.058" /><testcase classname="backend.tests.test_delivery_order_fulfillment_mirror.TestDeliveryOrderFulfillmentMirror" name="test_z_restore_final_state" time="0.008" /></testsuite></testsuites>