<?xml version="1.0" encoding="utf-8"?><testsuites name="pytest tests"><testsuite name="pytest" errors="0" failures="0" skipped="0" tests="18" time="2.493" timestamp="2026-07-05T18:25:21.796810+00:00" hostname="agent-env-b6edaf34-a4fe-4ee3-b0db-c85aa1dcd4c5"><testcase classname="backend.tests.test_print_requests_module.TestPrintStatuses" name="test_list_seeds_defaults" time="0.512" /><testcase classname="backend.tests.test_print_requests_module.TestPrintStatuses" name="test_create_update_status" time="0.237" /><testcase classname="backend.tests.test_print_requests_module.TestPrintStatuses" name="test_cannot_delete_seeded_default" time="0.096" /><testcase classname="backend.tests.test_print_requests_module.TestPrintVendors" name="test_create_vendor" time="0.057" /><testcase classname="backend.tests.test_print_requests_module.TestPrintVendors" name="test_list_vendor_persists" time="0.050" /><testcase classname="backend.tests.test_print_requests_module.TestPrintVendors" name="test_patch_vendor" time="0.050" /><testcase classname="backend.tests.test_print_requests_module.TestPrintVendors" name="test_delete_vendor" time="0.098" /><testcase classname="backend.tests.test_print_requests_module.TestPrintRequestsLifecycle" name="test_create_vendor_for_assignment" time="0.048" /><testcase classname="backend.tests.test_print_requests_module.TestPrintRequestsLifecycle" name="test_create_from_final_approved" time="0.358" /><testcase classname="backend.tests.test_print_requests_module.TestPrintRequestsLifecycle" name="test_get_print_request" time="0.052" /><testcase classname="backend.tests.test_print_requests_module.TestPrintRequestsLifecycle" name="test_list_print_requests" time="0.050" /><testcase classname="backend.tests.test_print_requests_module.TestPrintRequestsLifecycle" name="test_patch_print_request" time="0.052" /><testcase classname="backend.tests.test_print_requests_module.TestPrintRequestsLifecycle" name="test_change_status" time="0.308" /><testcase classname="backend.tests.test_print_requests_module.TestPrintRequestsLifecycle" name="test_create_validation_errors" time="0.050" /><testcase classname="backend.tests.test_print_requests_module.TestPrintRequestsLifecycle" name="test_delete_print_request_admin" time="0.137" /><testcase classname="backend.tests.test_print_requests_module.TestPrintRequestsLifecycle" name="test_cleanup_vendor" time="0.050" /><testcase classname="backend.tests.test_print_requests_module.TestAuthGuard" name="test_unauthenticated_blocked" time="0.116" /><testcase classname="backend.tests.test_print_requests_module.TestAuthGuard" name="test_unauthenticated_vendor_blocked" time="0.103" /></testsuite></testsuites>