<?xml version="1.0" encoding="utf-8"?><testsuites name="pytest tests"><testsuite name="pytest" errors="0" failures="0" skipped="0" tests="9" time="3.224" timestamp="2026-03-01T10:33:42.961114+00:00" hostname="agent-env-7dcf9dff-fb04-44bf-9f58-4962444c7c57"><testcase classname="backend.tests.test_lead_status_master.TestLeadStatusMasterAPI" name="test_get_lead_statuses" time="0.550" /><testcase classname="backend.tests.test_lead_status_master.TestLeadStatusMasterAPI" name="test_statuses_ordered_correctly" time="0.102" /><testcase classname="backend.tests.test_lead_status_master.TestLeadStatusMasterAPI" name="test_create_lead_status" time="0.296" /><testcase classname="backend.tests.test_lead_status_master.TestLeadStatusMasterAPI" name="test_update_lead_status" time="0.336" /><testcase classname="backend.tests.test_lead_status_master.TestLeadStatusMasterAPI" name="test_delete_lead_status" time="0.314" /><testcase classname="backend.tests.test_lead_status_master.TestDashboardStatusIntegration" name="test_dashboard_analytics_endpoint" time="0.427" /><testcase classname="backend.tests.test_lead_status_master.TestLeadsListStatusIntegration" name="test_leads_list_with_status_filter" time="0.415" /><testcase classname="backend.tests.test_lead_status_master.TestLeadsListStatusIntegration" name="test_leads_list_with_multiple_statuses" time="0.104" /><testcase classname="backend.tests.test_lead_status_master.TestKanbanStatusIntegration" name="test_kanban_data_endpoints" time="0.618" /></testsuite></testsuites>