<?xml version="1.0" encoding="utf-8"?><testsuites name="pytest tests"><testsuite name="pytest" errors="0" failures="0" skipped="2" tests="18" time="10.955" timestamp="2026-02-23T08:33:02.414456+00:00" hostname="agent-env-5c5b62bd-3eb9-447d-b3e8-99f3cf92ada9"><testcase classname="backend.tests.test_lead_proposals.TestLeadProposals" name="test_get_proposal_no_proposal" time="0.714" /><testcase classname="backend.tests.test_lead_proposals.TestLeadProposals" name="test_get_proposal_invalid_lead" time="0.481" /><testcase classname="backend.tests.test_lead_proposals.TestLeadProposals" name="test_upload_proposal_pdf" time="0.540" /><testcase classname="backend.tests.test_lead_proposals.TestLeadProposals" name="test_upload_proposal_docx" time="0.527" /><testcase classname="backend.tests.test_lead_proposals.TestLeadProposals" name="test_upload_proposal_invalid_type" time="0.575" /><testcase classname="backend.tests.test_lead_proposals.TestLeadProposals" name="test_upload_proposal_exceeds_size_limit" time="0.794" /><testcase classname="backend.tests.test_lead_proposals.TestLeadProposals" name="test_upload_proposal_replaces_existing" time="0.659" /><testcase classname="backend.tests.test_lead_proposals.TestLeadProposals" name="test_download_proposal" time="0.619" /><testcase classname="backend.tests.test_lead_proposals.TestLeadProposals" name="test_download_proposal_not_found" time="0.526" /><testcase classname="backend.tests.test_lead_proposals.TestLeadProposals" name="test_delete_proposal_by_uploader" time="0.716" /><testcase classname="backend.tests.test_lead_proposals.TestLeadProposals" name="test_delete_proposal_not_pending_fails" time="0.658" /><testcase classname="backend.tests.test_lead_proposals.TestLeadProposals" name="test_review_approve_proposal" time="0.597" /><testcase classname="backend.tests.test_lead_proposals.TestLeadProposals" name="test_review_reject_proposal" time="0.576" /><testcase classname="backend.tests.test_lead_proposals.TestLeadProposals" name="test_review_request_changes" time="0.588" /><testcase classname="backend.tests.test_lead_proposals.TestLeadProposals" name="test_upload_revised_proposal" time="0.665" /><testcase classname="backend.tests.test_lead_proposals.TestLeadProposals" name="test_review_invalid_action" time="0.556" /><testcase classname="backend.tests.test_lead_proposals.TestProposalPermissions" name="test_non_approver_cannot_review" time="0.515"><skipped type="pytest.skip" message="Sales rep user not available for testing">/app/backend/tests/test_lead_proposals.py:499: Sales rep user not available for testing</skipped></testcase><testcase classname="backend.tests.test_lead_proposals.TestProposalPermissions" name="test_non_uploader_cannot_delete" time="0.525"><skipped type="pytest.skip" message="Sales rep user not available for testing">/app/backend/tests/test_lead_proposals.py:535: Sales rep user not available for testing</skipped></testcase></testsuite></testsuites>