<?xml version="1.0" encoding="utf-8"?><testsuites name="pytest tests"><testsuite name="pytest" errors="0" failures="0" skipped="1" tests="12" time="1.393" timestamp="2026-03-19T12:09:36.170566+00:00" hostname="agent-env-9d070b09-aeab-4946-abdb-de4391465f0e"><testcase classname="backend.tests.test_margin_matrix_base_price.TestMarginMatrixModelFields" name="test_margin_entry_has_base_price_field" time="0.497" /><testcase classname="backend.tests.test_margin_matrix_base_price.TestMarginMatrixModelFields" name="test_margin_entry_has_transfer_price_field" time="0.057" /><testcase classname="backend.tests.test_margin_matrix_base_price.TestMarginMatrixModelFields" name="test_margin_entry_has_active_from_field" time="0.058" /><testcase classname="backend.tests.test_margin_matrix_base_price.TestMarginMatrixModelFields" name="test_margin_entry_has_active_to_field" time="0.051" /><testcase classname="backend.tests.test_margin_matrix_base_price.TestTransferPriceCalculation" name="test_transfer_price_formula_on_get" time="0.052" /><testcase classname="backend.tests.test_margin_matrix_base_price.TestTransferPriceCalculation" name="test_create_margin_calculates_transfer_price" time="0.159"><skipped type="pytest.skip" message="Margin entry already exists for this city/SKU">/app/backend/tests/test_margin_matrix_base_price.py:153: Margin entry already exists for this city/SKU</skipped></testcase><testcase classname="backend.tests.test_margin_matrix_base_price.TestTransferPriceCalculation" name="test_update_margin_recalculates_transfer_price" time="0.165" /><testcase classname="backend.tests.test_margin_matrix_base_price.TestReconciliationUsesMarginMatrix" name="test_calculate_reconciliation_uses_margin_entry" time="0.056" /><testcase classname="backend.tests.test_margin_matrix_base_price.TestReconciliationUsesMarginMatrix" name="test_reconciliation_filters_by_active_dates" time="0.060" /><testcase classname="backend.tests.test_margin_matrix_base_price.TestListMargins" name="test_list_margins_includes_base_price_and_dates" time="0.060" /><testcase classname="backend.tests.test_margin_matrix_base_price.TestBillingConfigRemoval" name="test_billing_tab_still_exists" time="0.055" /><testcase classname="backend.tests.test_margin_matrix_base_price.TestBillingConfigRemoval" name="test_billing_summary_endpoint" time="0.051" /></testsuite></testsuites>