<?xml version="1.0" encoding="utf-8"?><testsuites name="pytest tests"><testsuite name="pytest" errors="0" failures="0" skipped="0" tests="22" time="7.017" timestamp="2026-04-02T14:13:35.323207+00:00" hostname="agent-env-6d515f7f-d35b-4558-8f54-b1608e04bb40"><testcase classname="backend.tests.test_marketing_module.TestMarketingCalendar" name="test_get_calendar_april_2026" time="0.597" /><testcase classname="backend.tests.test_marketing_module.TestMarketingCalendar" name="test_get_calendar_january_2026" time="0.105" /><testcase classname="backend.tests.test_marketing_module.TestMarketingPosts" name="test_get_all_posts" time="0.158" /><testcase classname="backend.tests.test_marketing_module.TestMarketingPosts" name="test_get_posts_with_filters" time="0.342" /><testcase classname="backend.tests.test_marketing_module.TestMarketingPosts" name="test_create_post" time="0.386" /><testcase classname="backend.tests.test_marketing_module.TestMarketingPosts" name="test_update_post" time="0.393" /><testcase classname="backend.tests.test_marketing_module.TestMarketingPosts" name="test_update_post_status" time="0.241" /><testcase classname="backend.tests.test_marketing_module.TestMarketingPosts" name="test_update_post_status_invalid" time="0.154" /><testcase classname="backend.tests.test_marketing_module.TestMarketingPosts" name="test_delete_post" time="0.443" /><testcase classname="backend.tests.test_marketing_module.TestMarketingPosts" name="test_get_nonexistent_post" time="0.221" /><testcase classname="backend.tests.test_marketing_module.TestMarketingCategories" name="test_get_categories_seeds_defaults" time="0.110" /><testcase classname="backend.tests.test_marketing_module.TestMarketingCategories" name="test_create_category" time="0.224" /><testcase classname="backend.tests.test_marketing_module.TestMarketingCategories" name="test_update_category" time="0.497" /><testcase classname="backend.tests.test_marketing_module.TestMarketingCategories" name="test_delete_category" time="0.321" /><testcase classname="backend.tests.test_marketing_module.TestMarketingPlatforms" name="test_get_platforms_seeds_defaults" time="0.161" /><testcase classname="backend.tests.test_marketing_module.TestMarketingPlatforms" name="test_toggle_platform_enabled" time="0.480" /><testcase classname="backend.tests.test_marketing_module.TestMarketingEvents" name="test_get_events_includes_auto_events" time="0.119" /><testcase classname="backend.tests.test_marketing_module.TestMarketingEvents" name="test_get_events_filtered_by_month" time="0.124" /><testcase classname="backend.tests.test_marketing_module.TestMarketingEvents" name="test_create_custom_event" time="0.376" /><testcase classname="backend.tests.test_marketing_module.TestMarketingEvents" name="test_delete_custom_event" time="0.352" /><testcase classname="backend.tests.test_marketing_module.TestMarketingEvents" name="test_delete_nonexistent_event" time="0.106" /><testcase classname="backend.tests.test_marketing_module.TestMarketingIntegration" name="test_full_post_workflow" time="1.002" /></testsuite></testsuites>