<?xml version="1.0" encoding="utf-8"?><testsuites name="pytest tests"><testsuite name="pytest" errors="0" failures="0" skipped="0" tests="22" time="4.566" timestamp="2026-04-29T18:41:39.433230+00:00" hostname="agent-env-cdb63ec0-bedf-44ab-bca0-646c596611b4"><testcase classname="backend.tests.test_marketing_requests.TestMasterRequestTypes" name="test_list_types" time="0.664" /><testcase classname="backend.tests.test_marketing_requests.TestMasterRequestTypes" name="test_create_type_admin" time="0.000" /><testcase classname="backend.tests.test_marketing_requests.TestMasterRequestTypes" name="test_update_type" time="0.121" /><testcase classname="backend.tests.test_marketing_requests.TestMarketingRequestsCRUD" name="test_create_without_assignee_status_created" time="0.121" /><testcase classname="backend.tests.test_marketing_requests.TestMarketingRequestsCRUD" name="test_invalid_request_type_rejected" time="0.103" /><testcase classname="backend.tests.test_marketing_requests.TestMarketingRequestsCRUD" name="test_get_by_id" time="0.116" /><testcase classname="backend.tests.test_marketing_requests.TestMarketingRequestsCRUD" name="test_list_with_filters" time="0.206" /><testcase classname="backend.tests.test_marketing_requests.TestMarketingRequestsCRUD" name="test_status_transition_inprogress" time="0.106" /><testcase classname="backend.tests.test_marketing_requests.TestMarketingRequestsCRUD" name="test_status_invalid_rejected" time="0.115" /><testcase classname="backend.tests.test_marketing_requests.TestMarketingRequestsCRUD" name="test_complete_sets_completed_at" time="0.259" /><testcase classname="backend.tests.test_marketing_requests.TestMarketingRequestsCRUD" name="test_add_comment" time="0.445" /><testcase classname="backend.tests.test_marketing_requests.TestMarketingRequestsCRUD" name="test_attach_file_input" time="0.258" /><testcase classname="backend.tests.test_marketing_requests.TestMarketingRequestsCRUD" name="test_attach_file_output_routing" time="0.231" /><testcase classname="backend.tests.test_marketing_requests.TestMarketingRequestsCRUD" name="test_delete_file" time="0.299" /><testcase classname="backend.tests.test_marketing_requests.TestMarketingRequestsCRUD" name="test_attach_link" time="0.240" /><testcase classname="backend.tests.test_marketing_requests.TestLookupsAndDashboard" name="test_departments_includes_marketing" time="0.131" /><testcase classname="backend.tests.test_marketing_requests.TestLookupsAndDashboard" name="test_users_by_department" time="0.131" /><testcase classname="backend.tests.test_marketing_requests.TestLookupsAndDashboard" name="test_dashboard_summary" time="0.145" /><testcase classname="backend.tests.test_marketing_requests.TestRBAC" name="test_module_categories_count" time="0.136" /><testcase classname="backend.tests.test_marketing_requests.TestRBAC" name="test_admin_role_has_marketing_requests_full_access" time="0.109" /><testcase classname="backend.tests.test_marketing_requests.TestCleanup" name="test_delete_request" time="0.229" /><testcase classname="backend.tests.test_marketing_requests.TestCleanup" name="test_soft_delete_type" time="0.313" /></testsuite></testsuites>