<?xml version="1.0" encoding="utf-8"?><testsuites name="pytest tests"><testsuite name="pytest" errors="0" failures="0" skipped="0" tests="15" time="1.553" timestamp="2026-04-06T08:40:50.363564+00:00" hostname="agent-env-1b45bec4-02f7-4773-a6e0-bb5604a520e5"><testcase classname="backend.tests.test_marketing_platform_links.TestPutPostLinks" name="test_save_platform_links_with_url_and_analytics" time="0.566" /><testcase classname="backend.tests.test_marketing_platform_links.TestPutPostLinks" name="test_only_accepts_assigned_platforms" time="0.045" /><testcase classname="backend.tests.test_marketing_platform_links.TestPutPostLinks" name="test_validates_numeric_fields" time="0.046" /><testcase classname="backend.tests.test_marketing_platform_links.TestPutPostLinks" name="test_merges_with_existing_links_data" time="0.091" /><testcase classname="backend.tests.test_marketing_platform_links.TestPutPostLinks" name="test_updates_existing_platform_metrics" time="0.135" /><testcase classname="backend.tests.test_marketing_platform_links.TestPutPostLinks" name="test_returns_404_for_nonexistent_post" time="0.046" /><testcase classname="backend.tests.test_marketing_platform_links.TestPutPostLinks" name="test_invalid_platform_links_format" time="0.045" /><testcase classname="backend.tests.test_marketing_platform_links.TestGetPostWithLinks" name="test_get_post_returns_platform_links" time="0.044" /><testcase classname="backend.tests.test_marketing_platform_links.TestGetPostWithLinks" name="test_post_with_links_has_analytics_data" time="0.044" /><testcase classname="backend.tests.test_marketing_platform_links.TestGetPostWithLinks" name="test_new_post_has_empty_platform_links" time="0.089" /><testcase classname="backend.tests.test_marketing_platform_links.TestPlatformLinksEdgeCases" name="test_empty_platform_links_payload" time="0.047" /><testcase classname="backend.tests.test_marketing_platform_links.TestPlatformLinksEdgeCases" name="test_url_only_without_analytics" time="0.046" /><testcase classname="backend.tests.test_marketing_platform_links.TestPlatformLinksEdgeCases" name="test_analytics_without_url" time="0.048" /><testcase classname="backend.tests.test_marketing_platform_links.TestPlatformLinksEdgeCases" name="test_zero_values_for_analytics" time="0.045" /><testcase classname="backend.tests.test_marketing_platform_links.TestPlatformLinksEdgeCases" name="test_large_analytics_values" time="0.133" /></testsuite></testsuites>