<?xml version="1.0" encoding="utf-8"?><testsuites name="pytest tests"><testsuite name="pytest" errors="0" failures="0" skipped="0" tests="19" time="2.978" timestamp="2026-05-16T09:09:32.950767+00:00" hostname="agent-env-50779864-5e2f-4211-82bf-cf2971a72d16"><testcase classname="backend.tests.test_marketing_requests_lifecycle.TestMasters" name="test_seed_request_types" time="0.470" /><testcase classname="backend.tests.test_marketing_requests_lifecycle.TestMasters" name="test_seed_departments_filter_by_kind" time="0.105" /><testcase classname="backend.tests.test_marketing_requests_lifecycle.TestMasters" name="test_seed_statuses" time="0.051" /><testcase classname="backend.tests.test_marketing_requests_lifecycle.TestMasters" name="test_create_and_delete_custom_department" time="0.148" /><testcase classname="backend.tests.test_marketing_requests_lifecycle.TestMasters" name="test_cannot_delete_default_department" time="0.096" /><testcase classname="backend.tests.test_marketing_requests_lifecycle.TestFiles" name="test_upload_and_download" time="0.475" /><testcase classname="backend.tests.test_marketing_requests_lifecycle.TestLifecycle" name="test_lead_time_guardrail_rejects" time="0.148" /><testcase classname="backend.tests.test_marketing_requests_lifecycle.TestLifecycle" name="test_create_with_short_timeline_reason" time="0.050" /><testcase classname="backend.tests.test_marketing_requests_lifecycle.TestLifecycle" name="test_get_detail" time="0.048" /><testcase classname="backend.tests.test_marketing_requests_lifecycle.TestLifecycle" name="test_list_my_requests_queue" time="0.047" /><testcase classname="backend.tests.test_marketing_requests_lifecycle.TestLifecycle" name="test_counts" time="0.050" /><testcase classname="backend.tests.test_marketing_requests_lifecycle.TestLifecycle" name="test_forbidden_status_jump" time="0.051" /><testcase classname="backend.tests.test_marketing_requests_lifecycle.TestLifecycle" name="test_unknown_status_rejected" time="0.048" /><testcase classname="backend.tests.test_marketing_requests_lifecycle.TestLifecycle" name="test_walk_to_final_approved" time="0.446" /><testcase classname="backend.tests.test_marketing_requests_lifecycle.TestLifecycle" name="test_add_comment" time="0.096" /><testcase classname="backend.tests.test_marketing_requests_lifecycle.TestLifecycle" name="test_add_version" time="0.301" /><testcase classname="backend.tests.test_marketing_requests_lifecycle.TestLifecycle" name="test_production_submit" time="0.053" /><testcase classname="backend.tests.test_marketing_requests_lifecycle.TestLifecycle" name="test_production_submit_requires_final_approved" time="0.129" /><testcase classname="backend.tests.test_marketing_requests_lifecycle.TestLifecycle" name="test_production_status_completed" time="0.087" /></testsuite></testsuites>