<?xml version="1.0" encoding="utf-8"?><testsuites name="pytest tests"><testsuite name="pytest" errors="0" failures="0" skipped="0" tests="10" time="2.058" timestamp="2026-02-21T03:41:35.871829+00:00" hostname="agent-env-834c6a16-7d46-4506-b860-067f41aea3d7"><testcase classname="backend.tests.test_master_skus.TestMasterSkus" name="test_get_master_skus_returns_200" time="0.594" /><testcase classname="backend.tests.test_master_skus.TestMasterSkus" name="test_master_skus_returns_list" time="0.075" /><testcase classname="backend.tests.test_master_skus.TestMasterSkus" name="test_master_skus_contains_expected_skus" time="0.057" /><testcase classname="backend.tests.test_master_skus.TestMasterSkus" name="test_master_skus_structure" time="0.068" /><testcase classname="backend.tests.test_master_skus.TestMasterSkus" name="test_master_skus_count" time="0.075" /><testcase classname="backend.tests.test_master_skus.TestLeadProposedSkuPricing" name="test_update_lead_with_proposed_sku_pricing" time="0.215" /><testcase classname="backend.tests.test_master_skus.TestLeadProposedSkuPricing" name="test_proposed_sku_pricing_persists" time="0.293" /><testcase classname="backend.tests.test_master_skus.TestLeadProposedSkuPricing" name="test_clear_proposed_sku_pricing" time="0.321" /><testcase classname="backend.tests.test_master_skus.TestAccountSkuPricing" name="test_get_existing_account_with_sku_pricing" time="0.066" /><testcase classname="backend.tests.test_master_skus.TestAccountSkuPricing" name="test_update_account_with_sku_pricing" time="0.187" /></testsuite></testsuites>