<?xml version="1.0" encoding="utf-8"?><testsuites name="pytest tests"><testsuite name="pytest" errors="0" failures="0" skipped="0" tests="10" time="1.671" timestamp="2026-03-22T07:22:13.312062+00:00" hostname="agent-env-f1c6672b-e9bc-4e87-969e-68db9d112b2b"><testcase classname="backend.tests.test_monthly_reconciliation.TestMonthlyReconciliationEndpoint" name="test_get_monthly_reconciliation_march_2026" time="0.481" /><testcase classname="backend.tests.test_monthly_reconciliation.TestMonthlyReconciliationEndpoint" name="test_get_monthly_reconciliation_empty_month" time="0.104" /><testcase classname="backend.tests.test_monthly_reconciliation.TestMonthlyReconciliationEndpoint" name="test_get_monthly_reconciliation_invalid_distributor" time="0.118" /><testcase classname="backend.tests.test_monthly_reconciliation.TestMonthlyReconciliationEndpoint" name="test_get_monthly_reconciliation_requires_auth" time="0.154" /><testcase classname="backend.tests.test_monthly_reconciliation.TestGenerateMonthlyNoteEndpoint" name="test_generate_note_requires_auth" time="0.099" /><testcase classname="backend.tests.test_monthly_reconciliation.TestGenerateMonthlyNoteEndpoint" name="test_generate_note_requires_month_year" time="0.115" /><testcase classname="backend.tests.test_monthly_reconciliation.TestGenerateMonthlyNoteEndpoint" name="test_generate_note_no_settlements" time="0.109" /><testcase classname="backend.tests.test_monthly_reconciliation.TestGenerateMonthlyNoteEndpoint" name="test_generate_note_for_march_2026" time="0.202" /><testcase classname="backend.tests.test_monthly_reconciliation.TestDebitCreditNotesEndpoint" name="test_list_notes" time="0.102" /><testcase classname="backend.tests.test_monthly_reconciliation.TestSettlementsEndpoint" name="test_list_settlements" time="0.116" /></testsuite></testsuites>