<?xml version="1.0" encoding="utf-8"?><testsuites name="pytest tests"><testsuite name="pytest" errors="0" failures="0" skipped="0" tests="18" time="7.516" timestamp="2026-03-21T20:43:49.878308+00:00" hostname="agent-env-f1c6672b-e9bc-4e87-969e-68db9d112b2b"><testcase classname="backend.tests.test_monthly_settlements.TestDeliveriesEndpoint" name="test_list_deliveries_default" time="0.569" /><testcase classname="backend.tests.test_monthly_settlements.TestDeliveriesEndpoint" name="test_list_deliveries_with_time_filter_this_month" time="0.432" /><testcase classname="backend.tests.test_monthly_settlements.TestDeliveriesEndpoint" name="test_list_deliveries_with_time_filter_last_month" time="0.438" /><testcase classname="backend.tests.test_monthly_settlements.TestDeliveriesEndpoint" name="test_list_deliveries_with_time_filter_lifetime" time="0.423" /><testcase classname="backend.tests.test_monthly_settlements.TestDeliveriesEndpoint" name="test_list_deliveries_with_pagination" time="0.370" /><testcase classname="backend.tests.test_monthly_settlements.TestDeliveriesEndpoint" name="test_deliveries_contain_items" time="0.394" /><testcase classname="backend.tests.test_monthly_settlements.TestUnsettledDeliveriesEndpoint" name="test_get_unsettled_deliveries_current_month" time="0.418" /><testcase classname="backend.tests.test_monthly_settlements.TestUnsettledDeliveriesEndpoint" name="test_get_unsettled_deliveries_previous_month" time="0.406" /><testcase classname="backend.tests.test_monthly_settlements.TestUnsettledDeliveriesEndpoint" name="test_unsettled_deliveries_contain_items" time="0.381" /><testcase classname="backend.tests.test_monthly_settlements.TestSettlementsListEndpoint" name="test_list_settlements_default" time="0.382" /><testcase classname="backend.tests.test_monthly_settlements.TestSettlementsListEndpoint" name="test_list_settlements_with_month_filter" time="0.383" /><testcase classname="backend.tests.test_monthly_settlements.TestSettlementsListEndpoint" name="test_list_settlements_with_year_filter" time="0.437" /><testcase classname="backend.tests.test_monthly_settlements.TestSettlementsListEndpoint" name="test_list_settlements_with_month_and_year_filter" time="0.415" /><testcase classname="backend.tests.test_monthly_settlements.TestSettlementsListEndpoint" name="test_settlement_contains_expected_fields" time="0.395" /><testcase classname="backend.tests.test_monthly_settlements.TestGenerateMonthlySettlements" name="test_generate_monthly_settlement_missing_params" time="0.382" /><testcase classname="backend.tests.test_monthly_settlements.TestGenerateMonthlySettlements" name="test_generate_monthly_settlement_no_deliveries" time="0.393" /><testcase classname="backend.tests.test_monthly_settlements.TestGenerateMonthlySettlements" name="test_generate_monthly_settlement_endpoint_exists" time="0.419" /><testcase classname="backend.tests.test_monthly_settlements.TestDeliveryItemCalculations" name="test_delivery_items_have_calculation_fields" time="0.413" /></testsuite></testsuites>