<?xml version="1.0" encoding="utf-8"?><testsuites name="pytest tests"><testsuite name="pytest" errors="0" failures="0" skipped="0" tests="5" time="3.390" timestamp="2026-05-24T06:24:09.798542+00:00" hostname="agent-env-445d9bc2-52d7-4e84-9935-590084bbb3d6"><testcase classname="backend.tests.test_marketing_requests_permissions" name="test_allowed_role_keys_blocks_non_admin" time="0.935" /><testcase classname="backend.tests.test_marketing_requests_permissions" name="test_requestor_only_blocks_non_creator" time="0.874" /><testcase classname="backend.tests.test_marketing_requests_permissions" name="test_comment_required_returns_400_without_comment" time="0.648" /><testcase classname="backend.tests.test_marketing_requests_permissions" name="test_queues_my_raised_and_my_assigned" time="0.438" /><testcase classname="backend.tests.test_marketing_requests_permissions" name="test_unknown_action_returns_400" time="0.434" /></testsuite></testsuites>