<?xml version="1.0" encoding="utf-8"?><testsuites name="pytest tests"><testsuite name="pytest" errors="0" failures="0" skipped="0" tests="16" time="9.012" timestamp="2026-03-11T11:05:26.969126+00:00" hostname="agent-env-eb60b1c9-b795-4052-aba3-ec193e7db204"><testcase classname="tests.test_multi_tenant_isolation.TestMultiTenantLogin" name="test_tenant1_login_success" time="0.366" /><testcase classname="tests.test_multi_tenant_isolation.TestMultiTenantLogin" name="test_tenant2_login_success" time="0.334" /><testcase classname="tests.test_multi_tenant_isolation.TestMultiTenantLogin" name="test_cross_tenant_login_fails" time="0.103" /><testcase classname="tests.test_multi_tenant_isolation.TestLeadsDataIsolation" name="test_tenant1_sees_own_leads" time="0.446" /><testcase classname="tests.test_multi_tenant_isolation.TestLeadsDataIsolation" name="test_tenant2_sees_own_leads" time="0.434" /><testcase classname="tests.test_multi_tenant_isolation.TestLeadsDataIsolation" name="test_leads_count_difference" time="0.925" /><testcase classname="tests.test_multi_tenant_isolation.TestUsersDataIsolation" name="test_tenant1_sees_own_users" time="0.430" /><testcase classname="tests.test_multi_tenant_isolation.TestUsersDataIsolation" name="test_tenant2_sees_own_users" time="0.428" /><testcase classname="tests.test_multi_tenant_isolation.TestUsersDataIsolation" name="test_users_count_difference" time="0.889" /><testcase classname="tests.test_multi_tenant_isolation.TestAccountsDataIsolation" name="test_tenant1_sees_own_accounts" time="0.432" /><testcase classname="tests.test_multi_tenant_isolation.TestAccountsDataIsolation" name="test_tenant2_sees_own_accounts" time="0.448" /><testcase classname="tests.test_multi_tenant_isolation.TestActivitiesDataIsolation" name="test_tenant1_sees_own_activities" time="0.550" /><testcase classname="tests.test_multi_tenant_isolation.TestTasksDataIsolation" name="test_tenant1_sees_own_tasks" time="0.459" /><testcase classname="tests.test_multi_tenant_isolation.TestTasksDataIsolation" name="test_tenant2_sees_own_tasks" time="0.436" /><testcase classname="tests.test_multi_tenant_isolation.TestCrossDataAccessPrevention" name="test_tenant2_cannot_access_tenant1_lead" time="0.883" /><testcase classname="tests.test_multi_tenant_isolation.TestDataIsolationSummary" name="test_data_isolation_summary" time="1.389" /></testsuite></testsuites>