<?xml version="1.0" encoding="utf-8"?><testsuites name="pytest tests"><testsuite name="pytest" errors="0" failures="0" skipped="0" tests="8" time="4.418" timestamp="2026-03-31T16:54:33.029054+00:00" hostname="agent-env-a2f9b460-489e-4ab6-a640-8de6ce680bac"><testcase classname="backend.tests.test_onboarded_fields.TestOnboardedFields" name="test_lead_get_returns_onboarded_fields" time="0.592" /><testcase classname="backend.tests.test_onboarded_fields.TestOnboardedFields" name="test_lead_update_persists_onboarded_fields" time="0.528" /><testcase classname="backend.tests.test_onboarded_fields.TestOnboardedFields" name="test_lead_update_clears_onboarded_fields" time="0.488" /><testcase classname="backend.tests.test_onboarded_fields.TestOnboardedFields" name="test_account_get_returns_onboarded_fields" time="0.391" /><testcase classname="backend.tests.test_onboarded_fields.TestOnboardedFields" name="test_account_update_persists_onboarded_fields" time="0.982" /><testcase classname="backend.tests.test_onboarded_fields.TestOnboardedFields" name="test_account_single_get_returns_onboarded_fields" time="0.427" /><testcase classname="backend.tests.test_onboarded_fields.TestOnboardedFields" name="test_performance_generate_uses_onboarded_fields" time="0.505" /><testcase classname="backend.tests.test_onboarded_fields.TestLeadToAccountConversion" name="test_conversion_propagates_onboarded_fields" time="0.438" /></testsuite></testsuites>