<?xml version="1.0" encoding="utf-8"?><testsuites name="pytest tests"><testsuite name="pytest" errors="0" failures="0" skipped="0" tests="10" time="1.701" timestamp="2026-04-19T06:10:00.083984+00:00" hostname="agent-env-99ce1f92-6879-4966-a1ae-23c635d86b36"><testcase classname="backend.tests.test_packaging_types.TestPackagingTypesAPI" name="test_01_list_packaging_types" time="0.484" /><testcase classname="backend.tests.test_packaging_types.TestPackagingTypesAPI" name="test_02_create_packaging_type" time="0.119" /><testcase classname="backend.tests.test_packaging_types.TestPackagingTypesAPI" name="test_03_create_duplicate_name_returns_400" time="0.109" /><testcase classname="backend.tests.test_packaging_types.TestPackagingTypesAPI" name="test_04_update_packaging_type" time="0.103" /><testcase classname="backend.tests.test_packaging_types.TestPackagingTypesAPI" name="test_05_update_nonexistent_returns_404" time="0.109" /><testcase classname="backend.tests.test_packaging_types.TestPackagingTypesAPI" name="test_06_delete_packaging_type" time="0.260" /><testcase classname="backend.tests.test_packaging_types.TestPackagingTypesAPI" name="test_07_delete_nonexistent_returns_404" time="0.120" /><testcase classname="backend.tests.test_packaging_types.TestPackagingTypesAPI" name="test_08_verify_seeded_packaging_types" time="0.106" /><testcase classname="backend.tests.test_packaging_types.TestSKUPackagingTypeIntegration" name="test_01_get_skus_with_packaging_info" time="0.107" /><testcase classname="backend.tests.test_packaging_types.TestProductionBatchPackagingType" name="test_01_get_production_batches" time="0.119" /></testsuite></testsuites>