<?xml version="1.0" encoding="utf-8"?><testsuites name="pytest tests"><testsuite name="pytest" errors="0" failures="0" skipped="0" tests="10" time="2.353" timestamp="2026-04-01T19:21:59.145529+00:00" hostname="agent-env-1cf06faf-40a5-41c7-a316-ff0462c1d7a3"><testcase classname="backend.tests.test_performance_tracker_features.TestPerformanceGenerateEndpoint" name="test_generate_returns_next_month_pipeline_fields" time="0.588" /><testcase classname="backend.tests.test_performance_tracker_features.TestPerformanceGenerateEndpoint" name="test_generate_returns_account_display_value" time="0.133" /><testcase classname="backend.tests.test_performance_tracker_features.TestPerformanceGenerateEndpoint" name="test_generate_returns_pipeline_by_status" time="0.134" /><testcase classname="backend.tests.test_performance_tracker_features.TestAccountValueOverrideEndpoints" name="test_create_account_value_override" time="0.114" /><testcase classname="backend.tests.test_performance_tracker_features.TestAccountValueOverrideEndpoints" name="test_delete_account_value_override" time="0.125" /><testcase classname="backend.tests.test_performance_tracker_features.TestAccountValueOverrideEndpoints" name="test_override_validation_requires_fields" time="0.416" /><testcase classname="backend.tests.test_performance_tracker_features.TestSaveEndpointRevenueOverrides" name="test_save_with_revenue_overrides" time="0.248" /><testcase classname="backend.tests.test_performance_tracker_features.TestComparisonEndpoint" name="test_comparison_returns_months_data" time="0.191" /><testcase classname="backend.tests.test_performance_tracker_features.TestResourcesForPlan" name="test_get_resources_for_plan" time="0.129" /><testcase classname="backend.tests.test_performance_tracker_features.TestTargetPlans" name="test_get_target_plans" time="0.196" /></testsuite></testsuites>