<?xml version="1.0" encoding="utf-8"?><testsuites name="pytest tests"><testsuite name="pytest" errors="0" failures="0" skipped="0" tests="11" time="3.495" timestamp="2026-04-01T20:40:46.247065+00:00" hostname="agent-env-1cf06faf-40a5-41c7-a316-ff0462c1d7a3"><testcase classname="backend.tests.test_performance_optional_plan.TestAllSalesResources" name="test_all_sales_resources_returns_200" time="0.774" /><testcase classname="backend.tests.test_performance_optional_plan.TestAllSalesResources" name="test_all_sales_resources_returns_list" time="0.108" /><testcase classname="backend.tests.test_performance_optional_plan.TestAllSalesResources" name="test_all_sales_resources_structure" time="0.155" /><testcase classname="backend.tests.test_performance_optional_plan.TestGenerateWithoutPlan" name="test_generate_without_plan_returns_200" time="0.688" /><testcase classname="backend.tests.test_performance_optional_plan.TestGenerateWithoutPlan" name="test_generate_without_plan_target_is_zero" time="0.328" /><testcase classname="backend.tests.test_performance_optional_plan.TestGenerateWithPlan" name="test_generate_with_plan_returns_200" time="0.337" /><testcase classname="backend.tests.test_performance_optional_plan.TestGenerateWithPlan" name="test_generate_with_plan_has_target" time="0.263" /><testcase classname="backend.tests.test_performance_optional_plan.TestLeadsTargetClosureFilter" name="test_leads_accepts_target_closure_params" time="0.118" /><testcase classname="backend.tests.test_performance_optional_plan.TestLeadsTargetClosureFilter" name="test_leads_returns_paginated_response" time="0.129" /><testcase classname="backend.tests.test_performance_optional_plan.TestLeadsAssignedToMultiple" name="test_leads_accepts_comma_separated_assigned_to" time="0.273" /><testcase classname="backend.tests.test_performance_optional_plan.TestCombinedFilters" name="test_leads_combined_filters" time="0.257" /></testsuite></testsuites>