<?xml version="1.0" encoding="utf-8"?><testsuites name="pytest tests"><testsuite name="pytest" errors="0" failures="0" skipped="0" tests="7" time="4.429" timestamp="2026-03-31T19:03:17.584749+00:00" hostname="agent-env-a2f9b460-489e-4ab6-a640-8de6ce680bac"><testcase classname="backend.tests.test_performance_restructured.TestPerformanceRestructured" name="test_lead_update_with_target_closure_fields" time="0.869" /><testcase classname="backend.tests.test_performance_restructured.TestPerformanceRestructured" name="test_performance_generate_returns_revenue_structure" time="0.590" /><testcase classname="backend.tests.test_performance_restructured.TestPerformanceRestructured" name="test_performance_generate_returns_pipeline_structure" time="0.587" /><testcase classname="backend.tests.test_performance_restructured.TestPerformanceRestructured" name="test_performance_generate_returns_accounts_from_accounts_collection" time="0.579" /><testcase classname="backend.tests.test_performance_restructured.TestPerformanceRestructured" name="test_pipeline_excludes_certain_statuses" time="0.515" /><testcase classname="backend.tests.test_performance_restructured.TestPerformanceRestructured" name="test_performance_generate_endpoint_exists" time="0.568" /><testcase classname="backend.tests.test_performance_restructured.TestPerformanceRestructured" name="test_lead_create_with_target_closure_fields" time="0.654" /></testsuite></testsuites>