<?xml version="1.0" encoding="utf-8"?><testsuites name="pytest tests"><testsuite name="pytest" errors="6" failures="0" skipped="0" tests="18" time="2.402" timestamp="2026-03-31T16:10:16.569343+00:00" hostname="agent-env-a2f9b460-489e-4ab6-a640-8de6ce680bac"><testcase classname="backend.tests.test_performance_tracking.TestPerformanceTargetPlans" name="test_get_target_plans_success" time="0.543" /><testcase classname="backend.tests.test_performance_tracking.TestPerformanceTargetPlans" name="test_get_target_plans_unauthenticated" time="0.145" /><testcase classname="backend.tests.test_performance_tracking.TestPerformanceResourcesForPlan" name="test_get_resources_for_plan_success" time="0.173" /><testcase classname="backend.tests.test_performance_tracking.TestPerformanceResourcesForPlan" name="test_get_resources_for_invalid_plan" time="0.115" /><testcase classname="backend.tests.test_performance_tracking.TestPerformanceGenerate" name="test_generate_performance_success" time="0.116" /><testcase classname="backend.tests.test_performance_tracking.TestPerformanceGenerate" name="test_generate_performance_invalid_plan" time="0.108" /><testcase classname="backend.tests.test_performance_tracking.TestPerformanceGenerate" name="test_generate_performance_missing_params" time="0.121" /><testcase classname="backend.tests.test_performance_tracking.TestPerformanceSaveSubmitApproveReturn" name="test_save_performance_success" time="0.302"><error message="failed on setup with &quot;AssertionError: Save failed: 400 - {&quot;detail&quot;:&quot;Cannot edit an approved record&quot;}&#10;assert 400 == 200&#10; +  where 400 = &lt;Response [400]&gt;.status_code&quot;">backend/tests/test_performance_tracking.py:280: in saved_record_id
    assert response.status_code == 200, f"Save failed: {response.status_code} - {response.text}"
E   AssertionError: Save failed: 400 - {"detail":"Cannot edit an approved record"}
E   assert 400 == 200
E    +  where 400 = &lt;Response [400]&gt;.status_code</error></testcase><testcase classname="backend.tests.test_performance_tracking.TestPerformanceSaveSubmitApproveReturn" name="test_submit_performance_success" time="0.000"><error message="failed on setup with &quot;AssertionError: Save failed: 400 - {&quot;detail&quot;:&quot;Cannot edit an approved record&quot;}&#10;assert 400 == 200&#10; +  where 400 = &lt;Response [400]&gt;.status_code&quot;">backend/tests/test_performance_tracking.py:280: in saved_record_id
    assert response.status_code == 200, f"Save failed: {response.status_code} - {response.text}"
E   AssertionError: Save failed: 400 - {"detail":"Cannot edit an approved record"}
E   assert 400 == 200
E    +  where 400 = &lt;Response [400]&gt;.status_code</error></testcase><testcase classname="backend.tests.test_performance_tracking.TestPerformanceSaveSubmitApproveReturn" name="test_return_performance_success" time="0.000"><error message="failed on setup with &quot;AssertionError: Save failed: 400 - {&quot;detail&quot;:&quot;Cannot edit an approved record&quot;}&#10;assert 400 == 200&#10; +  where 400 = &lt;Response [400]&gt;.status_code&quot;">backend/tests/test_performance_tracking.py:280: in saved_record_id
    assert response.status_code == 200, f"Save failed: {response.status_code} - {response.text}"
E   AssertionError: Save failed: 400 - {"detail":"Cannot edit an approved record"}
E   assert 400 == 200
E    +  where 400 = &lt;Response [400]&gt;.status_code</error></testcase><testcase classname="backend.tests.test_performance_tracking.TestPerformanceSaveSubmitApproveReturn" name="test_resubmit_after_return" time="0.000"><error message="failed on setup with &quot;AssertionError: Save failed: 400 - {&quot;detail&quot;:&quot;Cannot edit an approved record&quot;}&#10;assert 400 == 200&#10; +  where 400 = &lt;Response [400]&gt;.status_code&quot;">backend/tests/test_performance_tracking.py:280: in saved_record_id
    assert response.status_code == 200, f"Save failed: {response.status_code} - {response.text}"
E   AssertionError: Save failed: 400 - {"detail":"Cannot edit an approved record"}
E   assert 400 == 200
E    +  where 400 = &lt;Response [400]&gt;.status_code</error></testcase><testcase classname="backend.tests.test_performance_tracking.TestPerformanceSaveSubmitApproveReturn" name="test_approve_performance_success" time="0.000"><error message="failed on setup with &quot;AssertionError: Save failed: 400 - {&quot;detail&quot;:&quot;Cannot edit an approved record&quot;}&#10;assert 400 == 200&#10; +  where 400 = &lt;Response [400]&gt;.status_code&quot;">backend/tests/test_performance_tracking.py:280: in saved_record_id
    assert response.status_code == 200, f"Save failed: {response.status_code} - {response.text}"
E   AssertionError: Save failed: 400 - {"detail":"Cannot edit an approved record"}
E   assert 400 == 200
E    +  where 400 = &lt;Response [400]&gt;.status_code</error></testcase><testcase classname="backend.tests.test_performance_tracking.TestPerformanceSaveSubmitApproveReturn" name="test_cannot_edit_approved_record" time="0.000"><error message="failed on setup with &quot;AssertionError: Save failed: 400 - {&quot;detail&quot;:&quot;Cannot edit an approved record&quot;}&#10;assert 400 == 200&#10; +  where 400 = &lt;Response [400]&gt;.status_code&quot;">backend/tests/test_performance_tracking.py:280: in saved_record_id
    assert response.status_code == 200, f"Save failed: {response.status_code} - {response.text}"
E   AssertionError: Save failed: 400 - {"detail":"Cannot edit an approved record"}
E   assert 400 == 200
E    +  where 400 = &lt;Response [400]&gt;.status_code</error></testcase><testcase classname="backend.tests.test_performance_tracking.TestPerformanceSaveSubmitApproveReturn" name="test_submit_invalid_record" time="0.169" /><testcase classname="backend.tests.test_performance_tracking.TestPerformanceSaveSubmitApproveReturn" name="test_approve_invalid_record" time="0.137" /><testcase classname="backend.tests.test_performance_tracking.TestPerformanceComparison" name="test_get_comparison_success" time="0.149" /><testcase classname="backend.tests.test_performance_tracking.TestPerformanceComparison" name="test_comparison_missing_params" time="0.121" /><testcase classname="backend.tests.test_performance_tracking.TestPerformanceSaveValidation" name="test_save_missing_required_fields" time="0.098" /></testsuite></testsuites>