<?xml version="1.0" encoding="utf-8"?><testsuites name="pytest tests"><testsuite name="pytest" errors="0" failures="0" skipped="0" tests="6" time="2.887" timestamp="2026-03-31T23:26:44.641539+00:00" hostname="agent-env-a2f9b460-489e-4ab6-a640-8de6ce680bac"><testcase classname="backend.tests.test_performance_comparison.TestPerformanceComparison" name="test_get_target_plans" time="0.654" /><testcase classname="backend.tests.test_performance_comparison.TestPerformanceComparison" name="test_get_resources_for_plan" time="0.317" /><testcase classname="backend.tests.test_performance_comparison.TestPerformanceComparison" name="test_comparison_endpoint_structure" time="0.373" /><testcase classname="backend.tests.test_performance_comparison.TestPerformanceComparison" name="test_comparison_cumulative_accounts_logic" time="0.373" /><testcase classname="backend.tests.test_performance_comparison.TestPipelineMetrics" name="test_generate_endpoint_pipeline_values" time="0.416" /><testcase classname="backend.tests.test_performance_comparison.TestRevenueOverride" name="test_override_and_reset_revenue" time="0.693" /></testsuite></testsuites>