<?xml version="1.0" encoding="utf-8"?><testsuites name="pytest tests"><testsuite name="pytest" errors="0" failures="1" skipped="0" tests="4" time="2.358" timestamp="2026-03-31T21:55:38.451461+00:00" hostname="agent-env-a2f9b460-489e-4ab6-a640-8de6ce680bac"><testcase classname="backend.tests.test_pipeline_value.TestPipelineValueCalculation" name="test_get_target_plans" time="0.552" /><testcase classname="backend.tests.test_pipeline_value.TestPipelineValueCalculation" name="test_get_resources_for_h2_2026_plan" time="0.571" /><testcase classname="backend.tests.test_pipeline_value.TestPipelineValueCalculation" name="test_pipeline_value_uses_estimated_monthly_revenue" time="0.676" /><testcase classname="backend.tests.test_pipeline_value.TestPipelineValueCalculation" name="test_verify_lead_has_opportunity_estimation" time="0.496"><failure message="AttributeError: 'str' object has no attribute 'get'">backend/tests/test_pipeline_value.py:171: in test_verify_lead_has_opportunity_estimation
    opp = lead.get("opportunity_estimation")
          ^^^^^^^^
E   AttributeError: 'str' object has no attribute 'get'</failure></testcase></testsuite></testsuites>