<?xml version="1.0" encoding="utf-8"?><testsuites name="pytest tests"><testsuite name="pytest" errors="0" failures="0" skipped="0" tests="11" time="4.646" timestamp="2026-03-28T09:27:26.306395+00:00" hostname="agent-env-31b7dad0-68cb-4fe9-8dba-5c02530455ac"><testcase classname="backend.tests.test_price_premium_payable.TestPricePremiumPayable" name="test_01_login_success" time="0.447" /><testcase classname="backend.tests.test_price_premium_payable.TestPricePremiumPayable" name="test_02_get_distributors" time="0.402" /><testcase classname="backend.tests.test_price_premium_payable.TestPricePremiumPayable" name="test_03_get_distributor_margins" time="0.460" /><testcase classname="backend.tests.test_price_premium_payable.TestPricePremiumPayable" name="test_04_get_existing_deliveries" time="0.376" /><testcase classname="backend.tests.test_price_premium_payable.TestPricePremiumPayable" name="test_05_get_existing_settlements" time="0.434" /><testcase classname="backend.tests.test_price_premium_payable.TestPricePremiumPayable" name="test_06_calculate_delivery_item_amounts_logic" time="0.327" /><testcase classname="backend.tests.test_price_premium_payable.TestPricePremiumPayable" name="test_07_delivery_detail_has_price_premium" time="0.425" /><testcase classname="backend.tests.test_price_premium_payable.TestPricePremiumPayable" name="test_08_settlement_detail_has_price_premium" time="0.498" /><testcase classname="backend.tests.test_price_premium_payable.TestPricePremiumPayable" name="test_09_monthly_reconciliation_has_price_premium" time="0.424" /><testcase classname="backend.tests.test_price_premium_payable.TestPricePremiumFrontendIntegration" name="test_10_settlements_list_returns_price_premium" time="0.417" /><testcase classname="backend.tests.test_price_premium_payable.TestPricePremiumFrontendIntegration" name="test_11_deliveries_list_returns_total_price_premium" time="0.372" /></testsuite></testsuites>