<?xml version="1.0" encoding="utf-8"?><testsuites name="pytest tests"><testsuite name="pytest" errors="0" failures="2" skipped="0" tests="5" time="1.508" timestamp="2026-06-29T09:24:49.169768+00:00" hostname="agent-env-abf13854-541c-4979-8340-fb7cdf6ec6da"><testcase classname="backend.tests.test_promo_bottle_normalization" name="test_promo_create_normalizes_to_bottles" time="0.714" /><testcase classname="backend.tests.test_promo_bottle_normalization" name="test_promo_reserves_one_crate" time="0.254"><failure message="AssertionError: reserved should increase by 12 bottles (1 crate), got delta=0 (before=0, after=0)&#10;assert 0 == 12">backend/tests/test_promo_bottle_normalization.py:141: in test_promo_reserves_one_crate
    assert delta == 12, f"reserved should increase by 12 bottles (1 crate), got delta={delta} (before={before_reserved}, after={after_reserved})"
E   AssertionError: reserved should increase by 12 bottles (1 crate), got delta=0 (before=0, after=0)
E   assert 0 == 12</failure></testcase><testcase classname="backend.tests.test_promo_bottle_normalization" name="test_promo_availability_error_in_bottles" time="0.096" /><testcase classname="backend.tests.test_promo_bottle_normalization" name="test_promo_complete_deducts_bottles" time="0.198"><failure message="AssertionError: complete should deduct 12 bottles, got delta=0 (before=24, after=24)&#10;assert 0 == 12">backend/tests/test_promo_bottle_normalization.py:169: in test_promo_complete_deducts_bottles
    assert delta == 12, f"complete should deduct 12 bottles, got delta={delta} (before={on_hand_before}, after={on_hand_after})"
E   AssertionError: complete should deduct 12 bottles, got delta=0 (before=24, after=24)
E   assert 0 == 12</failure></testcase><testcase classname="backend.tests.test_promo_bottle_normalization" name="test_promo_no_packaging_unaffected" time="0.151" /></testsuite></testsuites>