<?xml version="1.0" encoding="utf-8"?><testsuites name="pytest tests"><testsuite name="pytest" errors="0" failures="0" skipped="0" tests="9" time="1.379" timestamp="2026-07-08T14:16:07.441413+00:00" hostname="agent-env-a7ca6ffc-38d0-4090-b86b-0ae06c741f9b"><testcase classname="tests.test_account_ledger.TestStatementStatus" name="test_status_linked_account_returns_expected_shape" time="0.591" /><testcase classname="tests.test_account_ledger.TestStatementStatus" name="test_status_unknown_account_404" time="0.060" /><testcase classname="tests.test_account_ledger.TestStatementStatus" name="test_status_requires_auth" time="0.110" /><testcase classname="tests.test_account_ledger.TestStatementPdf" name="test_pdf_linked_account_returns_409_when_zoho_disconnected" time="0.053" /><testcase classname="tests.test_account_ledger.TestStatementPdf" name="test_pdf_unlinked_account_returns_400" time="0.116" /><testcase classname="tests.test_account_ledger.TestStatementShareLink" name="test_share_link_success" time="0.054" /><testcase classname="tests.test_account_ledger.TestStatementShareLink" name="test_share_link_unlinked_account_returns_400" time="0.052" /><testcase classname="tests.test_account_ledger.TestPublicShareDownload" name="test_public_download_returns_clean_5xx_when_zoho_disconnected" time="0.129" /><testcase classname="tests.test_account_ledger.TestPublicShareDownload" name="test_public_download_invalid_token_404" time="0.145" /></testsuite></testsuites>