<?xml version="1.0" encoding="utf-8"?><testsuites name="pytest tests"><testsuite name="pytest" errors="0" failures="0" skipped="0" tests="41" time="6.273" timestamp="2026-04-19T22:34:26.493759+00:00" hostname="agent-env-42cbe3cf-b599-45bd-b39e-aa329c9be97e"><testcase classname="backend.tests.test_refactor_regression.TestAuth" name="test_login_returns_token" time="0.377" /><testcase classname="backend.tests.test_refactor_regression.TestAuth" name="test_auth_me" time="0.112" /><testcase classname="backend.tests.test_refactor_regression.TestDashboard" name="test_dashboard" time="0.128" /><testcase classname="backend.tests.test_refactor_regression.TestAnalytics" name="test_analytics_dashboard" time="0.103" /><testcase classname="backend.tests.test_refactor_regression.TestAnalytics" name="test_pipeline_accounts" time="0.111" /><testcase classname="backend.tests.test_refactor_regression.TestAnalytics" name="test_activity_metrics" time="0.134" /><testcase classname="backend.tests.test_refactor_regression.TestReports" name="test_sku_performance" time="0.116" /><testcase classname="backend.tests.test_refactor_regression.TestReports" name="test_resource_performance" time="0.118" /><testcase classname="backend.tests.test_refactor_regression.TestReports" name="test_account_performance" time="0.099" /><testcase classname="backend.tests.test_refactor_regression.TestReports" name="test_target_resource_allocation" time="0.116" /><testcase classname="backend.tests.test_refactor_regression.TestReports" name="test_target_sku_allocation" time="0.116" /><testcase classname="backend.tests.test_refactor_regression.TestDailyStatus" name="test_list" time="0.101" /><testcase classname="backend.tests.test_refactor_regression.TestDailyStatus" name="test_auto_populate" time="0.182" /><testcase classname="backend.tests.test_refactor_regression.TestDailyStatus" name="test_team_rollup" time="0.135" /><testcase classname="backend.tests.test_refactor_regression.TestTargetPlanning" name="test_list" time="0.096" /><testcase classname="backend.tests.test_refactor_regression.TestTargetPlanning" name="test_sales_resources" time="0.151" /><testcase classname="backend.tests.test_refactor_regression.TestTargetPlanning" name="test_detail_and_dashboard" time="0.326" /><testcase classname="backend.tests.test_refactor_regression.TestMasterLocations" name="test_master_locations" time="0.133" /><testcase classname="backend.tests.test_refactor_regression.TestMasterLocations" name="test_master_locations_flat" time="0.131" /><testcase classname="backend.tests.test_refactor_regression.TestProxies" name="test_quotes_water" time="0.112" /><testcase classname="backend.tests.test_refactor_regression.TestProxies" name="test_quotes_sales" time="0.268" /><testcase classname="backend.tests.test_refactor_regression.TestProxies" name="test_weather" time="0.611" /><testcase classname="backend.tests.test_refactor_regression.TestBottlePreview" name="test_history" time="0.114" /><testcase classname="backend.tests.test_refactor_regression" name="test_untouched_endpoints[/api/accounts]" time="0.158" /><testcase classname="backend.tests.test_refactor_regression" name="test_untouched_endpoints[/api/leads]" time="0.115" /><testcase classname="backend.tests.test_refactor_regression" name="test_untouched_endpoints[/api/master-skus]" time="0.103" /><testcase classname="backend.tests.test_refactor_regression" name="test_untouched_endpoints[/api/meetings]" time="0.115" /><testcase classname="backend.tests.test_refactor_regression" name="test_untouched_endpoints[/api/tasks]" time="0.105" /><testcase classname="backend.tests.test_refactor_regression" name="test_untouched_endpoints[/api/distributors]" time="0.135" /><testcase classname="backend.tests.test_refactor_regression" name="test_untouched_endpoints[/api/users]" time="0.126" /><testcase classname="backend.tests.test_refactor_regression" name="test_untouched_endpoints[/api/invoices]" time="0.159" /><testcase classname="backend.tests.test_refactor_regression" name="test_untouched_endpoints[/api/leave-requests]" time="0.114" /><testcase classname="backend.tests.test_refactor_regression" name="test_untouched_endpoints[/api/travel-requests]" time="0.113" /><testcase classname="backend.tests.test_refactor_regression" name="test_untouched_endpoints[/api/budget-requests]" time="0.115" /><testcase classname="backend.tests.test_refactor_regression" name="test_untouched_endpoints[/api/expense-requests]" time="0.114" /><testcase classname="backend.tests.test_refactor_regression" name="test_untouched_endpoints[/api/production/batches]" time="0.109" /><testcase classname="backend.tests.test_refactor_regression" name="test_untouched_endpoints[/api/cost-cards]" time="0.104" /><testcase classname="backend.tests.test_refactor_regression" name="test_untouched_endpoints[/api/packaging-types]" time="0.110" /><testcase classname="backend.tests.test_refactor_regression" name="test_untouched_endpoints[/api/document-categories]" time="0.111" /><testcase classname="backend.tests.test_refactor_regression" name="test_untouched_endpoints[/api/documents]" time="0.127" /><testcase classname="backend.tests.test_refactor_regression" name="test_cogs_by_city" time="0.287" /></testsuite></testsuites>