<?xml version="1.0" encoding="utf-8"?><testsuites name="pytest tests"><testsuite name="pytest" errors="0" failures="0" skipped="0" tests="15" time="2.740" timestamp="2026-04-10T09:03:05.068541+00:00" hostname="agent-env-1dde166e-2b95-4807-9438-9dc8580da1f0"><testcase classname="backend.tests.test_rejection_report_filters.TestBatchesEndpoint" name="test_list_batches_returns_200" time="0.529" /><testcase classname="backend.tests.test_rejection_report_filters.TestBatchesEndpoint" name="test_batches_have_required_fields" time="0.115" /><testcase classname="backend.tests.test_rejection_report_filters.TestBatchesEndpoint" name="test_batches_production_date_format" time="0.106" /><testcase classname="backend.tests.test_rejection_report_filters.TestRejectionReasonsEndpoint" name="test_list_rejection_reasons_returns_200" time="0.117" /><testcase classname="backend.tests.test_rejection_report_filters.TestRejectionReasonsEndpoint" name="test_rejection_reasons_have_required_fields" time="0.101" /><testcase classname="backend.tests.test_rejection_report_filters.TestRejectionReasonsEndpoint" name="test_expected_rejection_reasons_exist" time="0.105" /><testcase classname="backend.tests.test_rejection_report_filters.TestRejectionReportEndpoint" name="test_rejection_report_returns_200" time="0.113" /><testcase classname="backend.tests.test_rejection_report_filters.TestRejectionReportEndpoint" name="test_rejection_report_structure" time="0.117" /><testcase classname="backend.tests.test_rejection_report_filters.TestRejectionReportEndpoint" name="test_rejection_report_rows_have_rejection_reason" time="0.109" /><testcase classname="backend.tests.test_rejection_report_filters.TestRejectionReportEndpoint" name="test_rejection_reason_filter_works" time="0.218" /><testcase classname="backend.tests.test_rejection_report_filters.TestRejectionReportEndpoint" name="test_rejection_reason_filter_case_insensitive" time="0.341" /><testcase classname="backend.tests.test_rejection_report_filters.TestRejectionReportEndpoint" name="test_rejection_reason_filter_nonexistent_reason" time="0.100" /><testcase classname="backend.tests.test_rejection_report_filters.TestRejectionReportEndpoint" name="test_rejection_report_with_month_year_filter" time="0.146" /><testcase classname="backend.tests.test_rejection_report_filters.TestRejectionReportEndpoint" name="test_rejection_report_combined_filters" time="0.220" /><testcase classname="backend.tests.test_rejection_report_filters.TestClearFiltersResetsBehavior" name="test_empty_rejection_reason_returns_all" time="0.214" /></testsuite></testsuites>