<?xml version="1.0" encoding="utf-8"?><testsuites name="pytest tests"><testsuite name="pytest" errors="0" failures="0" skipped="0" tests="15" time="6.483" timestamp="2026-03-28T14:38:32.809122+00:00" hostname="agent-env-bb49b344-a742-4b48-9a95-1e856a72beb4"><testcase classname="backend.tests.test_return_reasons.TestReturnReasonsMaster" name="test_01_list_return_reasons_empty_or_existing" time="0.494" /><testcase classname="backend.tests.test_return_reasons.TestReturnReasonsMaster" name="test_02_get_return_categories" time="0.418" /><testcase classname="backend.tests.test_return_reasons.TestReturnReasonsMaster" name="test_03_get_credit_types" time="0.397" /><testcase classname="backend.tests.test_return_reasons.TestReturnReasonsMaster" name="test_04_initialize_default_reasons" time="0.386" /><testcase classname="backend.tests.test_return_reasons.TestReturnReasonsMaster" name="test_05_list_return_reasons_after_init" time="0.386" /><testcase classname="backend.tests.test_return_reasons.TestReturnReasonsMaster" name="test_06_get_single_return_reason" time="0.486" /><testcase classname="backend.tests.test_return_reasons.TestReturnReasonsMaster" name="test_07_create_custom_return_reason" time="0.372" /><testcase classname="backend.tests.test_return_reasons.TestReturnReasonsMaster" name="test_08_create_duplicate_reason_code_fails" time="0.413" /><testcase classname="backend.tests.test_return_reasons.TestReturnReasonsMaster" name="test_09_update_return_reason" time="0.399" /><testcase classname="backend.tests.test_return_reasons.TestReturnReasonsMaster" name="test_10_toggle_reason_active_status" time="0.463" /><testcase classname="backend.tests.test_return_reasons.TestReturnReasonsMaster" name="test_11_filter_by_active_status" time="0.383" /><testcase classname="backend.tests.test_return_reasons.TestReturnReasonsMaster" name="test_12_filter_by_category" time="0.452" /><testcase classname="backend.tests.test_return_reasons.TestReturnReasonsMaster" name="test_13_delete_custom_reason" time="0.450" /><testcase classname="backend.tests.test_return_reasons.TestReturnReasonsMaster" name="test_14_cannot_delete_system_reason" time="0.449" /><testcase classname="backend.tests.test_return_reasons.TestReturnReasonsMaster" name="test_15_get_nonexistent_reason_returns_404" time="0.453" /></testsuite></testsuites>