<?xml version="1.0" encoding="utf-8"?><testsuites name="pytest tests"><testsuite name="pytest" errors="0" failures="0" skipped="0" tests="12" time="3.998" timestamp="2026-03-12T16:02:02.998963+00:00" hostname="agent-env-aa4d6218-904f-446b-b2d9-7789be2e47f5"><testcase classname="backend.tests.test_roles.TestRolesListAPI" name="test_list_roles_returns_200" time="0.606" /><testcase classname="backend.tests.test_roles.TestRolesListAPI" name="test_roles_have_correct_structure" time="0.144" /><testcase classname="backend.tests.test_roles.TestRolesCreateAPI" name="test_create_role_returns_200" time="0.239" /><testcase classname="backend.tests.test_roles.TestRolesCreateAPI" name="test_create_role_with_permissions" time="0.285" /><testcase classname="backend.tests.test_roles.TestRolesCreateAPI" name="test_create_duplicate_role_returns_400" time="0.425" /><testcase classname="backend.tests.test_roles.TestRolesUpdateAPI" name="test_update_role_permissions" time="0.468" /><testcase classname="backend.tests.test_roles.TestRolesUpdateAPI" name="test_update_nonexistent_role_returns_404" time="0.142" /><testcase classname="backend.tests.test_roles.TestRolesDeleteAPI" name="test_delete_custom_role" time="0.508" /><testcase classname="backend.tests.test_roles.TestRolesDeleteAPI" name="test_delete_system_role_returns_400" time="0.263" /><testcase classname="backend.tests.test_roles.TestRolesDeleteAPI" name="test_delete_nonexistent_role_returns_404" time="0.113" /><testcase classname="backend.tests.test_roles.TestRolesGetByIdAPI" name="test_get_role_by_id" time="0.235" /><testcase classname="backend.tests.test_roles.TestRolesSetDefaultAPI" name="test_set_default_role" time="0.500" /></testsuite></testsuites>