<?xml version="1.0" encoding="utf-8"?><testsuites name="pytest tests"><testsuite name="pytest" errors="0" failures="0" skipped="0" tests="15" time="1.309" timestamp="2026-07-06T13:00:04.116077+00:00" hostname="agent-env-160af87e-363a-4ecc-833b-6ba61a3ff228"><testcase classname="backend.tests.test_search_and_printreq_link.TestDesignRequestsSearch" name="test_normal_terms_return_200[Neck]" time="0.447" /><testcase classname="backend.tests.test_search_and_printreq_link.TestDesignRequestsSearch" name="test_normal_terms_return_200[DRN]" time="0.061" /><testcase classname="backend.tests.test_search_and_printreq_link.TestDesignRequestsSearch" name="test_normal_terms_return_200[DRN-2026]" time="0.064" /><testcase classname="backend.tests.test_search_and_printreq_link.TestDesignRequestsSearch" name="test_special_characters_do_not_500[(]" time="0.054" /><testcase classname="backend.tests.test_search_and_printreq_link.TestDesignRequestsSearch" name="test_special_characters_do_not_500[\\]" time="0.050" /><testcase classname="backend.tests.test_search_and_printreq_link.TestDesignRequestsSearch" name="test_special_characters_do_not_500[(unclosed]" time="0.054" /><testcase classname="backend.tests.test_search_and_printreq_link.TestDesignRequestsSearch" name="test_special_characters_do_not_500[)]" time="0.054" /><testcase classname="backend.tests.test_search_and_printreq_link.TestDesignRequestsSearch" name="test_special_characters_do_not_500[[]]" time="0.055" /><testcase classname="backend.tests.test_search_and_printreq_link.TestDesignRequestsSearch" name="test_special_characters_do_not_500[*]" time="0.052" /><testcase classname="backend.tests.test_search_and_printreq_link.TestDesignRequestsSearch" name="test_special_characters_do_not_500[+]" time="0.054" /><testcase classname="backend.tests.test_search_and_printreq_link.TestDesignRequestsSearch" name="test_special_characters_do_not_500[?]" time="0.056" /><testcase classname="backend.tests.test_search_and_printreq_link.TestDesignRequestsSearch" name="test_special_characters_do_not_500[.*]" time="0.057" /><testcase classname="backend.tests.test_search_and_printreq_link.TestPrintRequestsSourceFilter" name="test_source_request_ids_returns_linked" time="0.053" /><testcase classname="backend.tests.test_search_and_printreq_link.TestPrintRequestsSourceFilter" name="test_unknown_source_id_returns_empty" time="0.055" /><testcase classname="backend.tests.test_search_and_printreq_link.TestLeadDesignRequests" name="test_lead_design_requests_contains_mr_2026_0020" time="0.070" /></testsuite></testsuites>