<?xml version="1.0" encoding="utf-8"?><testsuites name="pytest tests"><testsuite name="pytest" errors="0" failures="0" skipped="1" tests="5" time="1.129" timestamp="2026-05-05T01:20:32.574217+00:00" hostname="agent-env-abef9124-2b71-4444-94a0-e8939e31cc7e"><testcase classname="backend.tests.test_performance_section_order.TestSectionOrderGet" name="test_get_returns_complete_order" time="0.631" /><testcase classname="backend.tests.test_performance_section_order.TestSectionOrderPutCEO" name="test_put_persists_new_order" time="0.163" /><testcase classname="backend.tests.test_performance_section_order.TestSectionOrderPutCEO" name="test_put_drops_unknown_and_appends_missing" time="0.067" /><testcase classname="backend.tests.test_performance_section_order.TestSectionOrderPutCEO" name="test_put_empty_order_rejected" time="0.069" /><testcase classname="backend.tests.test_performance_section_order.TestSectionOrderPutNonAdmin" name="test_non_admin_forbidden" time="0.141"><skipped type="pytest.skip" message="team/users not accessible: 404">/app/backend/tests/test_performance_section_order.py:142: team/users not accessible: 404</skipped></testcase></testsuite></testsuites>