<?xml version="1.0" encoding="utf-8"?><testsuites name="pytest tests"><testsuite name="pytest" errors="0" failures="0" skipped="3" tests="18" time="7.562" timestamp="2026-03-30T11:04:32.074889+00:00" hostname="agent-env-8fc4c90b-77c1-4d1f-8ca3-7d5ceafba0f8"><testcase classname="backend.tests.test_settlement_generate_monthly.TestGenerateMonthlySettlement" name="test_01_generate_monthly_rejects_when_no_data" time="0.429" /><testcase classname="backend.tests.test_settlement_generate_monthly.TestGenerateMonthlySettlement" name="test_02_generate_monthly_endpoint_exists" time="0.386" /><testcase classname="backend.tests.test_settlement_generate_monthly.TestGenerateMonthlySettlement" name="test_03_monthly_reconciliation_returns_required_fields" time="0.373" /><testcase classname="backend.tests.test_settlement_generate_monthly.TestGenerateMonthlySettlement" name="test_04_distributor_exists" time="0.387" /><testcase classname="backend.tests.test_settlement_generate_monthly.TestGenerateMonthlySettlement" name="test_05_distributor_has_locations" time="0.389" /><testcase classname="backend.tests.test_settlement_generate_monthly.TestGenerateMonthlySettlement" name="test_06_factory_returns_endpoint_works" time="0.374" /><testcase classname="backend.tests.test_settlement_generate_monthly.TestGenerateMonthlySettlement" name="test_07_settlements_endpoint_works" time="0.391" /><testcase classname="backend.tests.test_settlement_generate_monthly.TestSettlementStructure" name="test_settlement_model_has_required_fields" time="0.372" /><testcase classname="backend.tests.test_settlement_generate_monthly.TestBillingTabAPI" name="test_monthly_reconciliation_for_billing_tab" time="0.378" /><testcase classname="backend.tests.test_settlement_credit_factory_returns.TestSettlementCreditFactoryReturns" name="test_01_login_and_get_distributor" time="0.421" /><testcase classname="backend.tests.test_settlement_credit_factory_returns.TestSettlementCreditFactoryReturns" name="test_02_settlement_rejects_when_no_data" time="0.446" /><testcase classname="backend.tests.test_settlement_credit_factory_returns.TestSettlementCreditFactoryReturns" name="test_03_create_delivery_for_settlement" time="0.436"><skipped type="pytest.skip" message="No account found for distributor">/app/backend/tests/test_settlement_credit_factory_returns.py:202: No account found for distributor</skipped></testcase><testcase classname="backend.tests.test_settlement_credit_factory_returns.TestSettlementCreditFactoryReturns" name="test_04_create_factory_return_for_settlement" time="0.462"><skipped type="pytest.skip" message="No SKU found">/app/backend/tests/test_settlement_credit_factory_returns.py:232: No SKU found</skipped></testcase><testcase classname="backend.tests.test_settlement_credit_factory_returns.TestSettlementCreditFactoryReturns" name="test_05_settlement_with_deliveries_and_factory_returns" time="0.498" /><testcase classname="backend.tests.test_settlement_credit_factory_returns.TestSettlementCreditFactoryReturns" name="test_06_settlement_with_only_factory_returns" time="0.463"><skipped type="pytest.skip" message="No warehouse or SKU found">/app/backend/tests/test_settlement_credit_factory_returns.py:301: No warehouse or SKU found</skipped></testcase><testcase classname="backend.tests.test_settlement_credit_factory_returns.TestSettlementCreditFactoryReturns" name="test_07_monthly_reconciliation_returns_factory_return_credit" time="0.470" /><testcase classname="backend.tests.test_settlement_credit_factory_returns.TestSettlementCreditFactoryReturns" name="test_08_verify_settlement_structure" time="0.414" /><testcase classname="backend.tests.test_settlement_credit_factory_returns.TestBillingTabUI" name="test_monthly_reconciliation_data_for_billing_tab" time="0.408" /></testsuite></testsuites>