<?xml version="1.0" encoding="utf-8"?><testsuites name="pytest tests"><testsuite name="pytest" errors="0" failures="0" skipped="0" tests="9" time="1.654" timestamp="2026-03-30T12:15:38.876627+00:00" hostname="agent-env-8fc4c90b-77c1-4d1f-8ca3-7d5ceafba0f8"><testcase classname="tests.test_settlement_preview.TestSettlementPreviewEndpoint" name="test_settlement_preview_returns_200" time="0.484" /><testcase classname="tests.test_settlement_preview.TestSettlementPreviewEndpoint" name="test_settlement_preview_response_structure" time="0.104" /><testcase classname="tests.test_settlement_preview.TestSettlementPreviewEndpoint" name="test_settlement_preview_summary_fields" time="0.116" /><testcase classname="tests.test_settlement_preview.TestSettlementPreviewEndpoint" name="test_settlement_preview_different_months" time="0.221" /><testcase classname="tests.test_settlement_preview.TestSettlementPreviewEndpoint" name="test_settlement_preview_invalid_distributor" time="0.113" /><testcase classname="tests.test_settlement_preview.TestSettlementPreviewEndpoint" name="test_settlement_preview_missing_params" time="0.167" /><testcase classname="tests.test_settlement_preview.TestSettlementPreviewDataIntegrity" name="test_deliveries_have_items" time="0.110" /><testcase classname="tests.test_settlement_preview.TestSettlementPreviewDataIntegrity" name="test_credit_notes_have_required_fields" time="0.162" /><testcase classname="tests.test_settlement_preview.TestSettlementPreviewDataIntegrity" name="test_factory_returns_have_required_fields" time="0.115" /></testsuite></testsuites>