<?xml version="1.0" encoding="utf-8"?><testsuites name="pytest tests"><testsuite name="pytest" errors="0" failures="0" skipped="3" tests="17" time="7.262" timestamp="2026-03-19T18:10:46.912038+00:00" hostname="agent-env-0cc0b7bc-ad0f-48d8-a88c-61538c8e1167"><testcase classname="backend.tests.test_settlement_flow.TestSettlementFlowE2E" name="test_01_list_existing_settlements" time="0.427" /><testcase classname="backend.tests.test_settlement_flow.TestSettlementFlowE2E" name="test_02_get_unsettled_deliveries" time="0.420" /><testcase classname="backend.tests.test_settlement_flow.TestSettlementFlowE2E" name="test_03_get_settlement_detail" time="0.431" /><testcase classname="backend.tests.test_settlement_flow.TestSettlementFlowE2E" name="test_04_create_settlement_validates_dates" time="0.406" /><testcase classname="backend.tests.test_settlement_flow.TestSettlementFlowE2E" name="test_05_create_settlement_no_deliveries" time="0.375" /><testcase classname="backend.tests.test_settlement_flow.TestSettlementFlowE2E" name="test_06_settlements_summary" time="0.402" /><testcase classname="backend.tests.test_settlement_flow.TestSettlementFlowE2E" name="test_07_all_settlements_list" time="0.394" /><testcase classname="backend.tests.test_settlement_flow.TestSettlementFlowE2E" name="test_08_settlement_status_workflow_draft_only_delete" time="0.472" /><testcase classname="backend.tests.test_settlement_flow.TestSettlementFlowE2E" name="test_09_settlement_submit_workflow" time="0.392"><skipped type="pytest.skip" message="No draft settlement available to test submit workflow">/app/backend/tests/test_settlement_flow.py:245: No draft settlement available to test submit workflow</skipped></testcase><testcase classname="backend.tests.test_settlement_flow.TestSettlementFlowE2E" name="test_10_settlement_approve_workflow" time="0.440"><skipped type="pytest.skip" message="No pending_approval settlement available to test approve workflow">/app/backend/tests/test_settlement_flow.py:277: No pending_approval settlement available to test approve workflow</skipped></testcase><testcase classname="backend.tests.test_settlement_flow.TestSettlementFlowE2E" name="test_11_settlement_mark_paid_workflow" time="0.427"><skipped type="pytest.skip" message="No approved settlement available to test mark-paid workflow">/app/backend/tests/test_settlement_flow.py:308: No approved settlement available to test mark-paid workflow</skipped></testcase><testcase classname="backend.tests.test_settlement_flow.TestSettlementAPIValidation" name="test_settlement_invalid_distributor" time="0.390" /><testcase classname="backend.tests.test_settlement_flow.TestSettlementAPIValidation" name="test_settlement_invalid_settlement_id" time="0.380" /><testcase classname="backend.tests.test_settlement_flow.TestSettlementAPIValidation" name="test_unsettled_deliveries_missing_dates" time="0.427" /><testcase classname="backend.tests.test_settlement_flow.TestSettlementAPIValidation" name="test_submit_non_draft_settlement" time="0.475" /><testcase classname="backend.tests.test_settlement_flow.TestSettlementAPIValidation" name="test_approve_non_pending_settlement" time="0.475" /><testcase classname="backend.tests.test_settlement_flow.TestSettlementAPIValidation" name="test_mark_paid_non_approved_settlement" time="0.448" /></testsuite></testsuites>