<?xml version="1.0" encoding="utf-8"?><testsuites name="pytest tests"><testsuite name="pytest" errors="0" failures="0" skipped="0" tests="11" time="3.799" timestamp="2026-05-25T11:45:42.339296+00:00" hostname="agent-env-445d9bc2-52d7-4e84-9935-590084bbb3d6"><testcase classname="backend.tests.test_sm_actions" name="test_actions_catalog" time="0.247" /><testcase classname="backend.tests.test_sm_actions" name="test_list_returns_actions_and_migrates_legacy" time="0.235" /><testcase classname="backend.tests.test_sm_actions" name="test_get_single_migrates_actions" time="0.239" /><testcase classname="backend.tests.test_sm_actions" name="test_post_create_with_actions" time="0.238" /><testcase classname="backend.tests.test_sm_actions" name="test_post_rejects_transition_referencing_unknown_action" time="0.232" /><testcase classname="backend.tests.test_sm_actions" name="test_post_rejects_duplicate_action_keys" time="0.232" /><testcase classname="backend.tests.test_sm_actions" name="test_post_rejects_invalid_kind" time="0.233" /><testcase classname="backend.tests.test_sm_actions" name="test_post_auto_derives_actions_when_empty" time="0.239" /><testcase classname="backend.tests.test_sm_actions" name="test_put_partial_update_actions" time="0.251" /><testcase classname="backend.tests.test_sm_actions" name="test_put_rejects_rename_when_transition_still_uses_old_key" time="0.245" /><testcase classname="backend.tests.test_marketing_requests_lifecycle" name="test_sm_seed_and_full_lifecycle" time="1.324" /></testsuite></testsuites>