<?xml version="1.0" encoding="utf-8"?><testsuites name="pytest tests"><testsuite name="pytest" errors="0" failures="0" skipped="0" tests="10" time="4.609" timestamp="2026-03-19T19:19:48.993217+00:00" hostname="agent-env-0cc0b7bc-ad0f-48d8-a88c-61538c8e1167"><testcase classname="backend.tests.test_stock_dashboard.TestStockDashboard" name="test_stock_summary_endpoint_accessible" time="0.570" /><testcase classname="backend.tests.test_stock_dashboard.TestStockDashboard" name="test_stock_summary_response_structure" time="0.409" /><testcase classname="backend.tests.test_stock_dashboard.TestStockDashboard" name="test_stock_summary_summary_fields" time="0.407" /><testcase classname="backend.tests.test_stock_dashboard.TestStockDashboard" name="test_stock_summary_by_distributor_structure" time="0.434" /><testcase classname="backend.tests.test_stock_dashboard.TestStockDashboard" name="test_stock_summary_by_sku_structure" time="0.435" /><testcase classname="backend.tests.test_stock_dashboard.TestStockDashboard" name="test_stock_summary_by_location_structure" time="0.416" /><testcase classname="backend.tests.test_stock_dashboard.TestStockDashboard" name="test_stock_summary_cities_filter" time="0.433" /><testcase classname="backend.tests.test_stock_dashboard.TestStockDashboard" name="test_stock_summary_with_city_filter" time="0.503" /><testcase classname="backend.tests.test_stock_dashboard.TestStockDashboard" name="test_stock_summary_with_distributor_filter" time="0.476" /><testcase classname="backend.tests.test_stock_dashboard.TestStockDashboard" name="test_stock_summary_unauthorized_access" time="0.456" /></testsuite></testsuites>