<?xml version="1.0" encoding="utf-8"?><testsuites name="pytest tests"><testsuite name="pytest" errors="0" failures="0" skipped="0" tests="7" time="3.252" timestamp="2026-04-15T07:49:59.738719+00:00" hostname="agent-env-7ac50467-4c08-4b08-bce0-4db1b325c47f"><testcase classname="backend.tests.test_stock_dashboard_factory_warehouse.TestStockDashboardFactoryWarehouse" name="test_stock_dashboard_returns_200" time="0.512" /><testcase classname="backend.tests.test_stock_dashboard_factory_warehouse.TestStockDashboardFactoryWarehouse" name="test_stock_dashboard_has_totals_with_factory_warehouse_stock" time="0.422" /><testcase classname="backend.tests.test_stock_dashboard_factory_warehouse.TestStockDashboardFactoryWarehouse" name="test_stock_dashboard_has_factory_warehouses_array" time="0.448" /><testcase classname="backend.tests.test_stock_dashboard_factory_warehouse.TestStockDashboardFactoryWarehouse" name="test_factory_warehouse_stock_value_is_90" time="0.460" /><testcase classname="backend.tests.test_stock_dashboard_factory_warehouse.TestStockDashboardFactoryWarehouse" name="test_factory_warehouses_has_default_master" time="0.463" /><testcase classname="backend.tests.test_stock_dashboard_factory_warehouse.TestStockDashboardFactoryWarehouse" name="test_skus_have_factory_warehouse_stock_field" time="0.460" /><testcase classname="backend.tests.test_stock_dashboard_factory_warehouse.TestStockDashboardFactoryWarehouse" name="test_full_response_structure" time="0.436" /></testsuite></testsuites>