<?xml version="1.0" encoding="utf-8"?><testsuites name="pytest tests"><testsuite name="pytest" errors="0" failures="0" skipped="3" tests="13" time="5.272" timestamp="2026-03-05T04:07:02.214479+00:00" hostname="agent-env-81cbbb2b-ed27-4dbc-abb1-6464d75534c6"><testcase classname="backend.tests.test_target_planning.TestTargetPlanning" name="test_01_get_target_plans_list" time="0.528" /><testcase classname="backend.tests.test_target_planning.TestTargetPlanning" name="test_02_create_target_plan" time="0.463" /><testcase classname="backend.tests.test_target_planning.TestTargetPlanning" name="test_03_get_plan_detail" time="0.391" /><testcase classname="backend.tests.test_target_planning.TestTargetPlanning" name="test_04_get_plan_dashboard" time="0.405" /><testcase classname="backend.tests.test_target_planning.TestTargetPlanning" name="test_05_get_master_locations" time="0.407" /><testcase classname="backend.tests.test_target_planning.TestTargetPlanning" name="test_06_add_territory_allocation" time="0.368" /><testcase classname="backend.tests.test_target_planning.TestTargetPlanning" name="test_07_add_city_allocation" time="0.328"><skipped type="pytest.skip" message="No cities found in territory">/app/backend/tests/test_target_planning.py:200: No cities found in territory</skipped></testcase><testcase classname="backend.tests.test_target_planning.TestTargetPlanning" name="test_08_get_resources_for_city" time="0.328"><skipped type="pytest.skip" message="No test city available">/app/backend/tests/test_target_planning.py:238: No test city available</skipped></testcase><testcase classname="backend.tests.test_target_planning.TestTargetPlanning" name="test_09_add_resource_allocation" time="0.353"><skipped type="pytest.skip" message="Prerequisites not met (no resource in city)">/app/backend/tests/test_target_planning.py:265: Prerequisites not met (no resource in city)</skipped></testcase><testcase classname="backend.tests.test_target_planning.TestTargetPlanning" name="test_10_verify_hierarchical_structure" time="0.381" /><testcase classname="backend.tests.test_target_planning.TestTargetPlanning" name="test_11_delete_allocation_cascade" time="0.424" /><testcase classname="backend.tests.test_target_planning.TestTargetPlanning" name="test_12_delete_test_plan" time="0.437" /><testcase classname="backend.tests.test_target_planning.TestTargetPlanning" name="test_13_existing_plan_dashboard" time="0.387" /></testsuite></testsuites>