<?xml version="1.0" encoding="utf-8"?><testsuites name="pytest tests"><testsuite name="pytest" errors="0" failures="0" skipped="0" tests="11" time="1.895" timestamp="2026-03-01T11:13:27.823958+00:00" hostname="agent-env-7dcf9dff-fb04-44bf-9f58-4962444c7c57"><testcase classname="backend.tests.test_travel_requests.TestTravelRequestAPI" name="test_get_travel_purposes" time="0.452" /><testcase classname="backend.tests.test_travel_requests.TestTravelRequestAPI" name="test_create_travel_request_draft" time="0.060" /><testcase classname="backend.tests.test_travel_requests.TestTravelRequestAPI" name="test_create_travel_request_submit_for_approval" time="0.387" /><testcase classname="backend.tests.test_travel_requests.TestTravelRequestAPI" name="test_15_day_policy_short_notice_without_explanation" time="0.049" /><testcase classname="backend.tests.test_travel_requests.TestTravelRequestAPI" name="test_15_day_policy_short_notice_with_explanation" time="0.051" /><testcase classname="backend.tests.test_travel_requests.TestTravelRequestAPI" name="test_create_travel_with_leads" time="0.053" /><testcase classname="backend.tests.test_travel_requests.TestTravelRequestAPI" name="test_get_travel_requests_list" time="0.049" /><testcase classname="backend.tests.test_travel_requests.TestTravelRequestAPI" name="test_approval_workflow" time="0.161" /><testcase classname="backend.tests.test_travel_requests.TestTravelRequestAPI" name="test_rejection_workflow" time="0.145" /><testcase classname="backend.tests.test_travel_requests.TestTravelRequestAPI" name="test_get_pending_approvals_count" time="0.052" /><testcase classname="backend.tests.test_travel_requests.TestTravelRequestCleanup" name="test_cleanup_test_requests" time="0.371" /></testsuite></testsuites>