<?xml version="1.0" encoding="utf-8"?><testsuites name="pytest tests"><testsuite name="pytest" errors="0" failures="0" skipped="0" tests="18" time="1.761" timestamp="2026-03-30T14:09:19.355378+00:00" hostname="agent-env-8fc4c90b-77c1-4d1f-8ca3-7d5ceafba0f8"><testcase classname="backend.tests.test_weekly_billing.TestWeeklyBillingStructure" name="test_monthly_reconciliation_returns_weekly_billing_array" time="0.529" /><testcase classname="backend.tests.test_weekly_billing.TestWeeklyBillingStructure" name="test_weekly_billing_has_required_fields" time="0.065" /><testcase classname="backend.tests.test_weekly_billing.TestWeeklyBillingStructure" name="test_weekly_billing_field_types" time="0.068" /><testcase classname="backend.tests.test_weekly_billing.TestWeeklyBillingMarch2026" name="test_march_2026_has_5_weeks" time="0.060" /><testcase classname="backend.tests.test_weekly_billing.TestWeeklyBillingMarch2026" name="test_march_2026_week_ranges" time="0.065" /><testcase classname="backend.tests.test_weekly_billing.TestWeeklyBillingMarch2026" name="test_march_2026_week_labels" time="0.066" /><testcase classname="backend.tests.test_weekly_billing.TestWeeklyBillingFebruary2026" name="test_february_2026_has_4_weeks" time="0.062" /><testcase classname="backend.tests.test_weekly_billing.TestWeeklyBillingFebruary2026" name="test_february_2026_week_ranges" time="0.059" /><testcase classname="backend.tests.test_weekly_billing.TestWeeklyBillingFebruary2026" name="test_february_2026_last_week_ends_at_28" time="0.082" /><testcase classname="backend.tests.test_weekly_billing.TestWeeklyBillingAmounts" name="test_weekly_amounts_sum_to_total" time="0.070" /><testcase classname="backend.tests.test_weekly_billing.TestWeeklyBillingAmounts" name="test_weekly_amounts_are_non_negative" time="0.063" /><testcase classname="backend.tests.test_weekly_billing.TestWeeklyBillingAmounts" name="test_weekly_deliveries_are_non_negative" time="0.058" /><testcase classname="backend.tests.test_weekly_billing.TestWeeklyBillingEmptyState" name="test_empty_state_returns_weeks_with_zero_amounts" time="0.109" /><testcase classname="backend.tests.test_weekly_billing.TestWeeklyBillingOtherMonths" name="test_january_2026_has_5_weeks" time="0.061" /><testcase classname="backend.tests.test_weekly_billing.TestWeeklyBillingOtherMonths" name="test_april_2026_has_5_weeks" time="0.062" /><testcase classname="backend.tests.test_weekly_billing.TestWeeklyBillingOtherMonths" name="test_leap_year_february_has_5_weeks" time="0.060" /><testcase classname="backend.tests.test_weekly_billing.TestEntry2StillWorks" name="test_entry2_fields_present" time="0.072" /><testcase classname="backend.tests.test_weekly_billing.TestEntry2StillWorks" name="test_entry2_note_type_valid" time="0.061" /></testsuite></testsuites>